{"/Users/tward/Desktop/Coding/freelancing/nc/events-platform/app.ts": {"path":"/Users/tward/Desktop/Coding/freelancing/nc/events-platform/app.ts","statementMap":{"0":{"start":{"line":1,"column":0},"end":{"line":1,"column":53}},"1":{"start":{"line":2,"column":0},"end":{"line":2,"column":24}},"2":{"start":{"line":3,"column":0},"end":{"line":3,"column":44}},"3":{"start":{"line":4,"column":0},"end":{"line":4,"column":null}},"4":{"start":{"line":11,"column":12},"end":{"line":11,"column":21}},"5":{"start":{"line":13,"column":0},"end":{"line":13,"column":16}},"6":{"start":{"line":17,"column":0},"end":{"line":17,"column":74}},"7":{"start":{"line":20,"column":0},"end":{"line":20,"column":24}},"8":{"start":{"line":22,"column":0},"end":{"line":24,"column":3}},"9":{"start":{"line":23,"column":2},"end":{"line":23,"column":65}},"10":{"start":{"line":26,"column":0},"end":{"line":26,"column":27}},"11":{"start":{"line":29,"column":0},"end":{"line":29,"column":26}},"12":{"start":{"line":30,"column":0},"end":{"line":30,"column":28}},"13":{"start":{"line":31,"column":0},"end":{"line":31,"column":28}},"14":{"start":{"line":34,"column":0},"end":{"line":36,"column":3}},"15":{"start":{"line":35,"column":2},"end":{"line":35,"column":51}},"16":{"start":{"line":38,"column":0},"end":{"line":38,"column":19}}},"fnMap":{"0":{"name":"(anonymous_1)","decl":{"start":{"line":22,"column":13},"end":{"line":22,"column":14}},"loc":{"start":{"line":22,"column":45},"end":{"line":24,"column":1}}},"1":{"name":"(anonymous_2)","decl":{"start":{"line":34,"column":8},"end":{"line":34,"column":9}},"loc":{"start":{"line":34,"column":40},"end":{"line":36,"column":1}}}},"branchMap":{},"s":{"0":9,"1":9,"2":9,"3":9,"4":9,"5":9,"6":9,"7":9,"8":9,"9":1,"10":9,"11":9,"12":9,"13":9,"14":9,"15":0,"16":9},"f":{"0":1,"1":0},"b":{}}
,"/Users/tward/Desktop/Coding/freelancing/nc/events-platform/controllers/admin-controller.ts": {"path":"/Users/tward/Desktop/Coding/freelancing/nc/events-platform/controllers/admin-controller.ts","statementMap":{"0":{"start":{"line":2,"column":0},"end":{"line":2,"column":69}},"1":{"start":{"line":3,"column":0},"end":{"line":3,"column":null}},"2":{"start":{"line":7,"column":0},"end":{"line":7,"column":53}},"3":{"start":{"line":8,"column":0},"end":{"line":8,"column":59}},"4":{"start":{"line":9,"column":0},"end":{"line":9,"column":58}},"5":{"start":{"line":10,"column":0},"end":{"line":10,"column":75}},"6":{"start":{"line":11,"column":0},"end":{"line":11,"column":71}},"7":{"start":{"line":19,"column":33},"end":{"line":89,"column":2}},"8":{"start":{"line":23,"column":4},"end":{"line":89,"column":2}},"9":{"start":{"line":24,"column":2},"end":{"line":88,"column":3}},"10":{"start":{"line":26,"column":4},"end":{"line":31,"column":5}},"11":{"start":{"line":27,"column":6},"end":{"line":30,"column":9}},"12":{"start":{"line":34,"column":26},"end":{"line":34,"column":65}},"13":{"start":{"line":35,"column":4},"end":{"line":40,"column":5}},"14":{"start":{"line":36,"column":6},"end":{"line":39,"column":9}},"15":{"start":{"line":43,"column":35},"end":{"line":43,"column":54}},"16":{"start":{"line":46,"column":37},"end":{"line":46,"column":57}},"17":{"start":{"line":49,"column":35},"end":{"line":49,"column":54}},"18":{"start":{"line":52,"column":20},"end":{"line":52,"column":43}},"19":{"start":{"line":55,"column":34},"end":{"line":58,"column":null}},"20":{"start":{"line":56,"column":22},"end":{"line":58,"column":null}},"21":{"start":{"line":57,"column":8},"end":{"line":57,"column":67}},"22":{"start":{"line":61,"column":26},"end":{"line":61,"column":65}},"23":{"start":{"line":64,"column":24},"end":{"line":64,"column":46}},"24":{"start":{"line":67,"column":27},"end":{"line":67,"column":68}},"25":{"start":{"line":70,"column":46},"end":{"line":80,"column":6}},"26":{"start":{"line":82,"column":4},"end":{"line":85,"column":7}},"27":{"start":{"line":87,"column":4},"end":{"line":87,"column":14}},"28":{"start":{"line":19,"column":13},"end":{"line":19,"column":33}},"29":{"start":{"line":91,"column":31},"end":{"line":142,"column":2}},"30":{"start":{"line":95,"column":4},"end":{"line":142,"column":2}},"31":{"start":{"line":96,"column":2},"end":{"line":141,"column":3}},"32":{"start":{"line":98,"column":4},"end":{"line":103,"column":5}},"33":{"start":{"line":99,"column":6},"end":{"line":102,"column":9}},"34":{"start":{"line":106,"column":26},"end":{"line":106,"column":65}},"35":{"start":{"line":107,"column":4},"end":{"line":112,"column":5}},"36":{"start":{"line":108,"column":6},"end":{"line":111,"column":9}},"37":{"start":{"line":114,"column":19},"end":{"line":114,"column":29}},"38":{"start":{"line":115,"column":46},"end":{"line":115,"column":54}},"39":{"start":{"line":117,"column":4},"end":{"line":122,"column":5}},"40":{"start":{"line":118,"column":6},"end":{"line":121,"column":9}},"41":{"start":{"line":124,"column":17},"end":{"line":124,"column":49}},"42":{"start":{"line":125,"column":4},"end":{"line":130,"column":5}},"43":{"start":{"line":126,"column":6},"end":{"line":129,"column":9}},"44":{"start":{"line":132,"column":24},"end":{"line":132,"column":75}},"45":{"start":{"line":133,"column":26},"end":{"line":133,"column":59}},"46":{"start":{"line":135,"column":4},"end":{"line":138,"column":7}},"47":{"start":{"line":140,"column":4},"end":{"line":140,"column":14}},"48":{"start":{"line":91,"column":13},"end":{"line":91,"column":31}}},"fnMap":{"0":{"name":"(anonymous_7)","decl":{"start":{"line":19,"column":33},"end":{"line":19,"column":null}},"loc":{"start":{"line":23,"column":4},"end":{"line":89,"column":2}}},"1":{"name":"(anonymous_8)","decl":{"start":{"line":23,"column":4},"end":{"line":23,"column":null}},"loc":{"start":{"line":23,"column":4},"end":{"line":89,"column":1}}},"2":{"name":"(anonymous_9)","decl":{"start":{"line":56,"column":6},"end":{"line":56,"column":13}},"loc":{"start":{"line":56,"column":22},"end":{"line":58,"column":null}}},"3":{"name":"(anonymous_10)","decl":{"start":{"line":56,"column":22},"end":{"line":56,"column":null}},"loc":{"start":{"line":56,"column":22},"end":{"line":58,"column":7}}},"4":{"name":"(anonymous_11)","decl":{"start":{"line":91,"column":31},"end":{"line":91,"column":null}},"loc":{"start":{"line":95,"column":4},"end":{"line":142,"column":2}}},"5":{"name":"(anonymous_12)","decl":{"start":{"line":95,"column":4},"end":{"line":95,"column":null}},"loc":{"start":{"line":95,"column":4},"end":{"line":142,"column":1}}}},"branchMap":{"0":{"loc":{"start":{"line":26,"column":4},"end":{"line":31,"column":5}},"type":"if","locations":[{"start":{"line":26,"column":4},"end":{"line":31,"column":5}}]},"1":{"loc":{"start":{"line":35,"column":4},"end":{"line":40,"column":5}},"type":"if","locations":[{"start":{"line":35,"column":4},"end":{"line":40,"column":5}}]},"2":{"loc":{"start":{"line":98,"column":4},"end":{"line":103,"column":5}},"type":"if","locations":[{"start":{"line":98,"column":4},"end":{"line":103,"column":5}}]},"3":{"loc":{"start":{"line":107,"column":4},"end":{"line":112,"column":5}},"type":"if","locations":[{"start":{"line":107,"column":4},"end":{"line":112,"column":5}}]},"4":{"loc":{"start":{"line":117,"column":4},"end":{"line":122,"column":5}},"type":"if","locations":[{"start":{"line":117,"column":4},"end":{"line":122,"column":5}}]},"5":{"loc":{"start":{"line":125,"column":4},"end":{"line":130,"column":5}},"type":"if","locations":[{"start":{"line":125,"column":4},"end":{"line":130,"column":5}}]}},"s":{"0":9,"1":9,"2":9,"3":9,"4":9,"5":9,"6":9,"7":9,"8":2,"9":2,"10":2,"11":0,"12":2,"13":2,"14":1,"15":1,"16":1,"17":1,"18":1,"19":1,"20":1,"21":1,"22":1,"23":1,"24":1,"25":1,"26":1,"27":0,"28":9,"29":9,"30":5,"31":5,"32":5,"33":0,"34":5,"35":5,"36":1,"37":4,"38":4,"39":4,"40":1,"41":3,"42":2,"43":0,"44":2,"45":2,"46":2,"47":1,"48":9},"f":{"0":2,"1":2,"2":1,"3":1,"4":5,"5":5},"b":{"0":[0],"1":[1],"2":[0],"3":[1],"4":[1],"5":[0]}}
,"/Users/tward/Desktop/Coding/freelancing/nc/events-platform/controllers/auth-controller.ts": {"path":"/Users/tward/Desktop/Coding/freelancing/nc/events-platform/controllers/auth-controller.ts","statementMap":{"0":{"start":{"line":2,"column":0},"end":{"line":2,"column":31}},"1":{"start":{"line":3,"column":0},"end":{"line":3,"column":32}},"2":{"start":{"line":4,"column":0},"end":{"line":4,"column":null}},"3":{"start":{"line":9,"column":0},"end":{"line":9,"column":null}},"4":{"start":{"line":14,"column":0},"end":{"line":14,"column":null}},"5":{"start":{"line":26,"column":0},"end":{"line":26,"column":58}},"6":{"start":{"line":29,"column":19},"end":{"line":29,"column":62}},"7":{"start":{"line":31,"column":2},"end":{"line":31,"column":61}},"8":{"start":{"line":32,"column":28},"end":{"line":32,"column":67}},"9":{"start":{"line":33,"column":29},"end":{"line":33,"column":69}},"10":{"start":{"line":36,"column":23},"end":{"line":103,"column":2}},"11":{"start":{"line":36,"column":65},"end":{"line":103,"column":2}},"12":{"start":{"line":38,"column":21},"end":{"line":38,"column":70}},"13":{"start":{"line":41,"column":18},"end":{"line":48,"column":4}},"14":{"start":{"line":51,"column":22},"end":{"line":57,"column":null}},"15":{"start":{"line":61,"column":23},"end":{"line":72,"column":null}},"16":{"start":{"line":77,"column":2},"end":{"line":94,"column":3}},"17":{"start":{"line":79,"column":4},"end":{"line":91,"column":5}},"18":{"start":{"line":81,"column":6},"end":{"line":81,"column":75}},"19":{"start":{"line":82,"column":11},"end":{"line":91,"column":5}},"20":{"start":{"line":84,"column":6},"end":{"line":84,"column":70}},"21":{"start":{"line":85,"column":11},"end":{"line":91,"column":5}},"22":{"start":{"line":87,"column":6},"end":{"line":87,"column":65}},"23":{"start":{"line":90,"column":6},"end":{"line":90,"column":80}},"24":{"start":{"line":93,"column":4},"end":{"line":93,"column":44}},"25":{"start":{"line":96,"column":20},"end":{"line":96,"column":30}},"26":{"start":{"line":97,"column":2},"end":{"line":97,"column":70}},"27":{"start":{"line":100,"column":2},"end":{"line":100,"column":79}},"28":{"start":{"line":102,"column":2},"end":{"line":102,"column":39}},"29":{"start":{"line":106,"column":24},"end":{"line":213,"column":2}},"30":{"start":{"line":110,"column":4},"end":{"line":213,"column":2}},"31":{"start":{"line":111,"column":2},"end":{"line":212,"column":3}},"32":{"start":{"line":112,"column":39},"end":{"line":112,"column":47}},"33":{"start":{"line":120,"column":8},"end":{"line":120,"column":16}},"34":{"start":{"line":123,"column":4},"end":{"line":135,"column":5}},"35":{"start":{"line":124,"column":31},"end":{"line":124,"column":67}},"36":{"start":{"line":126,"column":6},"end":{"line":129,"column":9}},"37":{"start":{"line":132,"column":6},"end":{"line":134,"column":7}},"38":{"start":{"line":133,"column":8},"end":{"line":133,"column":35}},"39":{"start":{"line":137,"column":4},"end":{"line":149,"column":5}},"40":{"start":{"line":138,"column":28},"end":{"line":138,"column":58}},"41":{"start":{"line":140,"column":6},"end":{"line":143,"column":9}},"42":{"start":{"line":146,"column":6},"end":{"line":148,"column":7}},"43":{"start":{"line":147,"column":8},"end":{"line":147,"column":32}},"44":{"start":{"line":152,"column":23},"end":{"line":152,"column":25}},"45":{"start":{"line":153,"column":25},"end":{"line":153,"column":66}},"46":{"start":{"line":156,"column":19},"end":{"line":194,"column":6}},"47":{"start":{"line":156,"column":52},"end":{"line":194,"column":6}},"48":{"start":{"line":158,"column":22},"end":{"line":158,"column":69}},"49":{"start":{"line":159,"column":21},"end":{"line":159,"column":36}},"50":{"start":{"line":161,"column":38},"end":{"line":161,"column":42}},"51":{"start":{"line":162,"column":50},"end":{"line":162,"column":54}},"52":{"start":{"line":165,"column":6},"end":{"line":185,"column":7}},"53":{"start":{"line":166,"column":8},"end":{"line":171,"column":9}},"54":{"start":{"line":167,"column":10},"end":{"line":170,"column":12}},"55":{"start":{"line":174,"column":8},"end":{"line":177,"column":38}},"56":{"start":{"line":180,"column":8},"end":{"line":184,"column":44}},"57":{"start":{"line":188,"column":44},"end":{"line":188,"column":72}},"58":{"start":{"line":191,"column":50},"end":{"line":191,"column":56}},"59":{"start":{"line":191,"column":45},"end":{"line":191,"column":50}},"60":{"start":{"line":193,"column":6},"end":{"line":193,"column":76}},"61":{"start":{"line":196,"column":4},"end":{"line":209,"column":7}},"62":{"start":{"line":211,"column":4},"end":{"line":211,"column":16}},"63":{"start":{"line":106,"column":13},"end":{"line":106,"column":24}},"64":{"start":{"line":216,"column":21},"end":{"line":282,"column":2}},"65":{"start":{"line":220,"column":4},"end":{"line":282,"column":2}},"66":{"start":{"line":221,"column":2},"end":{"line":281,"column":3}},"67":{"start":{"line":222,"column":35},"end":{"line":222,"column":43}},"68":{"start":{"line":225,"column":4},"end":{"line":278,"column":5}},"69":{"start":{"line":226,"column":19},"end":{"line":226,"column":55}},"70":{"start":{"line":229,"column":6},"end":{"line":234,"column":7}},"71":{"start":{"line":230,"column":8},"end":{"line":233,"column":11}},"72":{"start":{"line":237,"column":30},"end":{"line":239,"column":null}},"73":{"start":{"line":241,"column":6},"end":{"line":246,"column":7}},"74":{"start":{"line":242,"column":8},"end":{"line":245,"column":11}},"75":{"start":{"line":249,"column":21},"end":{"line":249,"column":33}},"76":{"start":{"line":252,"column":44},"end":{"line":252,"column":72}},"77":{"start":{"line":255,"column":50},"end":{"line":255,"column":56}},"78":{"start":{"line":255,"column":45},"end":{"line":255,"column":50}},"79":{"start":{"line":257,"column":6},"end":{"line":268,"column":9}},"80":{"start":{"line":271,"column":6},"end":{"line":276,"column":7}},"81":{"start":{"line":272,"column":8},"end":{"line":275,"column":11}},"82":{"start":{"line":277,"column":6},"end":{"line":277,"column":18}},"83":{"start":{"line":280,"column":4},"end":{"line":280,"column":16}},"84":{"start":{"line":216,"column":13},"end":{"line":216,"column":21}},"85":{"start":{"line":285,"column":28},"end":{"line":353,"column":2}},"86":{"start":{"line":289,"column":4},"end":{"line":353,"column":2}},"87":{"start":{"line":290,"column":2},"end":{"line":352,"column":3}},"88":{"start":{"line":291,"column":29},"end":{"line":291,"column":37}},"89":{"start":{"line":293,"column":4},"end":{"line":298,"column":5}},"90":{"start":{"line":294,"column":6},"end":{"line":297,"column":9}},"91":{"start":{"line":301,"column":20},"end":{"line":301,"column":64}},"92":{"start":{"line":302,"column":4},"end":{"line":307,"column":5}},"93":{"start":{"line":303,"column":6},"end":{"line":306,"column":9}},"94":{"start":{"line":310,"column":4},"end":{"line":349,"column":5}},"95":{"start":{"line":311,"column":22},"end":{"line":313,"column":null}},"96":{"start":{"line":320,"column":27},"end":{"line":330,"column":8}},"97":{"start":{"line":332,"column":21},"end":{"line":332,"column":49}},"98":{"start":{"line":335,"column":6},"end":{"line":335,"column":54}},"99":{"start":{"line":337,"column":6},"end":{"line":340,"column":9}},"100":{"start":{"line":343,"column":6},"end":{"line":343,"column":54}},"101":{"start":{"line":345,"column":6},"end":{"line":348,"column":9}},"102":{"start":{"line":351,"column":4},"end":{"line":351,"column":16}},"103":{"start":{"line":285,"column":13},"end":{"line":285,"column":28}},"104":{"start":{"line":356,"column":22},"end":{"line":381,"column":2}},"105":{"start":{"line":360,"column":4},"end":{"line":381,"column":2}},"106":{"start":{"line":361,"column":2},"end":{"line":380,"column":3}},"107":{"start":{"line":362,"column":29},"end":{"line":362,"column":37}},"108":{"start":{"line":364,"column":4},"end":{"line":369,"column":5}},"109":{"start":{"line":365,"column":6},"end":{"line":368,"column":9}},"110":{"start":{"line":372,"column":4},"end":{"line":372,"column":52}},"111":{"start":{"line":374,"column":4},"end":{"line":377,"column":7}},"112":{"start":{"line":379,"column":4},"end":{"line":379,"column":16}},"113":{"start":{"line":356,"column":13},"end":{"line":356,"column":22}}},"fnMap":{"0":{"name":"(anonymous_9)","decl":{"start":{"line":36,"column":23},"end":{"line":36,"column":30}},"loc":{"start":{"line":36,"column":65},"end":{"line":103,"column":2}}},"1":{"name":"(anonymous_10)","decl":{"start":{"line":36,"column":65},"end":{"line":36,"column":null}},"loc":{"start":{"line":36,"column":65},"end":{"line":103,"column":1}}},"2":{"name":"(anonymous_11)","decl":{"start":{"line":106,"column":24},"end":{"line":106,"column":null}},"loc":{"start":{"line":110,"column":4},"end":{"line":213,"column":2}}},"3":{"name":"(anonymous_12)","decl":{"start":{"line":110,"column":4},"end":{"line":110,"column":null}},"loc":{"start":{"line":110,"column":4},"end":{"line":213,"column":1}}},"4":{"name":"(anonymous_13)","decl":{"start":{"line":156,"column":41},"end":{"line":156,"column":50}},"loc":{"start":{"line":156,"column":52},"end":{"line":194,"column":6}}},"5":{"name":"(anonymous_14)","decl":{"start":{"line":156,"column":52},"end":{"line":156,"column":null}},"loc":{"start":{"line":156,"column":52},"end":{"line":194,"column":5}}},"6":{"name":"(anonymous_15)","decl":{"start":{"line":216,"column":21},"end":{"line":216,"column":null}},"loc":{"start":{"line":220,"column":4},"end":{"line":282,"column":2}}},"7":{"name":"(anonymous_16)","decl":{"start":{"line":220,"column":4},"end":{"line":220,"column":null}},"loc":{"start":{"line":220,"column":4},"end":{"line":282,"column":1}}},"8":{"name":"(anonymous_17)","decl":{"start":{"line":285,"column":28},"end":{"line":285,"column":null}},"loc":{"start":{"line":289,"column":4},"end":{"line":353,"column":2}}},"9":{"name":"(anonymous_18)","decl":{"start":{"line":289,"column":4},"end":{"line":289,"column":null}},"loc":{"start":{"line":289,"column":4},"end":{"line":353,"column":1}}},"10":{"name":"(anonymous_19)","decl":{"start":{"line":356,"column":22},"end":{"line":356,"column":null}},"loc":{"start":{"line":360,"column":4},"end":{"line":381,"column":2}}},"11":{"name":"(anonymous_20)","decl":{"start":{"line":360,"column":4},"end":{"line":360,"column":null}},"loc":{"start":{"line":360,"column":4},"end":{"line":381,"column":1}}}},"branchMap":{"0":{"loc":{"start":{"line":29,"column":19},"end":{"line":29,"column":62}},"type":"binary-expr","locations":[{"start":{"line":29,"column":19},"end":{"line":29,"column":41}},{"start":{"line":29,"column":45},"end":{"line":29,"column":62}}]},"1":{"loc":{"start":{"line":31,"column":2},"end":{"line":31,"column":61}},"type":"binary-expr","locations":[{"start":{"line":31,"column":2},"end":{"line":31,"column":32}},{"start":{"line":31,"column":36},"end":{"line":31,"column":61}}]},"2":{"loc":{"start":{"line":32,"column":28},"end":{"line":32,"column":67}},"type":"binary-expr","locations":[{"start":{"line":32,"column":28},"end":{"line":32,"column":59}},{"start":{"line":32,"column":63},"end":{"line":32,"column":67}}]},"3":{"loc":{"start":{"line":33,"column":29},"end":{"line":33,"column":69}},"type":"binary-expr","locations":[{"start":{"line":33,"column":29},"end":{"line":33,"column":61}},{"start":{"line":33,"column":65},"end":{"line":33,"column":69}}]},"4":{"loc":{"start":{"line":45,"column":10},"end":{"line":45,"column":45}},"type":"cond-expr","locations":[{"start":{"line":45,"column":23},"end":{"line":45,"column":38}},{"start":{"line":45,"column":41},"end":{"line":45,"column":45}}]},"5":{"loc":{"start":{"line":77,"column":2},"end":{"line":94,"column":3}},"type":"if","locations":[{"start":{"line":77,"column":2},"end":{"line":94,"column":3}},{"start":{"line":92,"column":9},"end":{"line":94,"column":3}}]},"6":{"loc":{"start":{"line":79,"column":4},"end":{"line":91,"column":5}},"type":"if","locations":[{"start":{"line":79,"column":4},"end":{"line":91,"column":5}},{"start":{"line":82,"column":11},"end":{"line":91,"column":5}}]},"7":{"loc":{"start":{"line":82,"column":11},"end":{"line":91,"column":5}},"type":"if","locations":[{"start":{"line":82,"column":11},"end":{"line":91,"column":5}},{"start":{"line":85,"column":11},"end":{"line":91,"column":5}}]},"8":{"loc":{"start":{"line":85,"column":11},"end":{"line":91,"column":5}},"type":"if","locations":[{"start":{"line":85,"column":11},"end":{"line":91,"column":5}},{"start":{"line":88,"column":11},"end":{"line":91,"column":5}}]},"9":{"loc":{"start":{"line":90,"column":29},"end":{"line":90,"column":79}},"type":"binary-expr","locations":[{"start":{"line":90,"column":29},"end":{"line":90,"column":59}},{"start":{"line":90,"column":63},"end":{"line":90,"column":79}}]},"10":{"loc":{"start":{"line":132,"column":6},"end":{"line":134,"column":7}},"type":"if","locations":[{"start":{"line":132,"column":6},"end":{"line":134,"column":7}}]},"11":{"loc":{"start":{"line":146,"column":6},"end":{"line":148,"column":7}},"type":"if","locations":[{"start":{"line":146,"column":6},"end":{"line":148,"column":7}}]},"12":{"loc":{"start":{"line":165,"column":6},"end":{"line":185,"column":7}},"type":"if","locations":[{"start":{"line":165,"column":6},"end":{"line":185,"column":7}}]},"13":{"loc":{"start":{"line":166,"column":8},"end":{"line":171,"column":9}},"type":"if","locations":[{"start":{"line":166,"column":8},"end":{"line":171,"column":9}}]},"14":{"loc":{"start":{"line":206,"column":12},"end":{"line":206,"column":48}},"type":"binary-expr","locations":[{"start":{"line":206,"column":12},"end":{"line":206,"column":23}},{"start":{"line":206,"column":27},"end":{"line":206,"column":48}}]},"15":{"loc":{"start":{"line":207,"column":12},"end":{"line":207,"column":66}},"type":"binary-expr","locations":[{"start":{"line":207,"column":12},"end":{"line":207,"column":29}},{"start":{"line":207,"column":33},"end":{"line":207,"column":66}}]},"16":{"loc":{"start":{"line":229,"column":6},"end":{"line":234,"column":7}},"type":"if","locations":[{"start":{"line":229,"column":6},"end":{"line":234,"column":7}}]},"17":{"loc":{"start":{"line":241,"column":6},"end":{"line":246,"column":7}},"type":"if","locations":[{"start":{"line":241,"column":6},"end":{"line":246,"column":7}}]},"18":{"loc":{"start":{"line":271,"column":6},"end":{"line":276,"column":7}},"type":"if","locations":[{"start":{"line":271,"column":6},"end":{"line":276,"column":7}}]},"19":{"loc":{"start":{"line":293,"column":4},"end":{"line":298,"column":5}},"type":"if","locations":[{"start":{"line":293,"column":4},"end":{"line":298,"column":5}}]},"20":{"loc":{"start":{"line":302,"column":4},"end":{"line":307,"column":5}},"type":"if","locations":[{"start":{"line":302,"column":4},"end":{"line":307,"column":5}}]},"21":{"loc":{"start":{"line":364,"column":4},"end":{"line":369,"column":5}},"type":"if","locations":[{"start":{"line":364,"column":4},"end":{"line":369,"column":5}}]}},"s":{"0":9,"1":9,"2":9,"3":9,"4":9,"5":9,"6":9,"7":9,"8":9,"9":9,"10":9,"11":220,"12":220,"13":220,"14":220,"15":220,"16":220,"17":220,"18":220,"19":0,"20":0,"21":0,"22":0,"23":0,"24":0,"25":220,"26":220,"27":220,"28":220,"29":9,"30":18,"31":18,"32":18,"33":18,"34":18,"35":18,"36":1,"37":17,"38":0,"39":17,"40":17,"41":1,"42":16,"43":0,"44":16,"45":16,"46":16,"47":16,"48":16,"49":16,"50":16,"51":16,"52":16,"53":4,"54":2,"55":2,"56":2,"57":14,"58":14,"59":14,"60":14,"61":14,"62":2,"63":9,"64":9,"65":207,"66":207,"67":207,"68":207,"69":207,"70":206,"71":0,"72":206,"73":206,"74":1,"75":205,"76":205,"77":205,"78":205,"79":205,"80":1,"81":1,"82":0,"83":0,"84":9,"85":9,"86":6,"87":6,"88":6,"89":6,"90":0,"91":6,"92":6,"93":5,"94":1,"95":1,"96":1,"97":1,"98":1,"99":1,"100":0,"101":0,"102":0,"103":9,"104":9,"105":2,"106":2,"107":2,"108":2,"109":0,"110":2,"111":2,"112":0,"113":9},"f":{"0":220,"1":220,"2":18,"3":18,"4":16,"5":16,"6":207,"7":207,"8":6,"9":6,"10":2,"11":2},"b":{"0":[9,0],"1":[9,9],"2":[9,9],"3":[9,9],"4":[187,33],"5":[220,0],"6":[220,0],"7":[0,0],"8":[0,0],"9":[0,0],"10":[0],"11":[0],"12":[4],"13":[2],"14":[14,2],"15":[14,2],"16":[0],"17":[1],"18":[1],"19":[0],"20":[5],"21":[0]}}
,"/Users/tward/Desktop/Coding/freelancing/nc/events-platform/controllers/events-controller.ts": {"path":"/Users/tward/Desktop/Coding/freelancing/nc/events-platform/controllers/events-controller.ts","statementMap":{"0":{"start":{"line":2,"column":0},"end":{"line":2,"column":null}},"1":{"start":{"line":20,"column":0},"end":{"line":20,"column":66}},"2":{"start":{"line":21,"column":0},"end":{"line":21,"column":62}},"3":{"start":{"line":31,"column":25},"end":{"line":42,"column":2}},"4":{"start":{"line":35,"column":4},"end":{"line":42,"column":2}},"5":{"start":{"line":36,"column":2},"end":{"line":41,"column":3}},"6":{"start":{"line":37,"column":37},"end":{"line":37,"column":57}},"7":{"start":{"line":38,"column":4},"end":{"line":38,"column":51}},"8":{"start":{"line":40,"column":4},"end":{"line":40,"column":14}},"9":{"start":{"line":31,"column":13},"end":{"line":31,"column":25}},"10":{"start":{"line":44,"column":30},"end":{"line":62,"column":2}},"11":{"start":{"line":48,"column":4},"end":{"line":62,"column":2}},"12":{"start":{"line":49,"column":2},"end":{"line":61,"column":3}},"13":{"start":{"line":50,"column":4},"end":{"line":55,"column":5}},"14":{"start":{"line":51,"column":6},"end":{"line":54,"column":9}},"15":{"start":{"line":57,"column":19},"end":{"line":57,"column":55}},"16":{"start":{"line":58,"column":4},"end":{"line":58,"column":37}},"17":{"start":{"line":60,"column":4},"end":{"line":60,"column":14}},"18":{"start":{"line":44,"column":13},"end":{"line":44,"column":30}},"19":{"start":{"line":64,"column":28},"end":{"line":76,"column":2}},"20":{"start":{"line":68,"column":4},"end":{"line":76,"column":2}},"21":{"start":{"line":69,"column":17},"end":{"line":69,"column":27}},"22":{"start":{"line":70,"column":2},"end":{"line":75,"column":3}},"23":{"start":{"line":71,"column":18},"end":{"line":71,"column":51}},"24":{"start":{"line":72,"column":4},"end":{"line":72,"column":36}},"25":{"start":{"line":74,"column":4},"end":{"line":74,"column":14}},"26":{"start":{"line":64,"column":13},"end":{"line":64,"column":28}},"27":{"start":{"line":78,"column":33},"end":{"line":98,"column":2}},"28":{"start":{"line":82,"column":4},"end":{"line":98,"column":2}},"29":{"start":{"line":83,"column":17},"end":{"line":83,"column":27}},"30":{"start":{"line":85,"column":2},"end":{"line":90,"column":3}},"31":{"start":{"line":86,"column":4},"end":{"line":89,"column":7}},"32":{"start":{"line":92,"column":2},"end":{"line":97,"column":3}},"33":{"start":{"line":93,"column":18},"end":{"line":93,"column":69}},"34":{"start":{"line":94,"column":4},"end":{"line":94,"column":36}},"35":{"start":{"line":96,"column":4},"end":{"line":96,"column":14}},"36":{"start":{"line":78,"column":13},"end":{"line":78,"column":33}},"37":{"start":{"line":100,"column":27},"end":{"line":185,"column":2}},"38":{"start":{"line":104,"column":4},"end":{"line":185,"column":2}},"39":{"start":{"line":118,"column":6},"end":{"line":118,"column":14}},"40":{"start":{"line":121,"column":2},"end":{"line":126,"column":3}},"41":{"start":{"line":122,"column":4},"end":{"line":125,"column":7}},"42":{"start":{"line":128,"column":2},"end":{"line":184,"column":3}},"43":{"start":{"line":130,"column":24},"end":{"line":131,"column":null}},"44":{"start":{"line":134,"column":4},"end":{"line":139,"column":5}},"45":{"start":{"line":135,"column":6},"end":{"line":138,"column":9}},"46":{"start":{"line":142,"column":24},"end":{"line":142,"column":72}},"47":{"start":{"line":145,"column":4},"end":{"line":153,"column":5}},"48":{"start":{"line":149,"column":6},"end":{"line":152,"column":9}},"49":{"start":{"line":157,"column":24},"end":{"line":157,"column":41}},"50":{"start":{"line":158,"column":26},"end":{"line":158,"column":68}},"51":{"start":{"line":161,"column":35},"end":{"line":161,"column":73}},"52":{"start":{"line":162,"column":4},"end":{"line":164,"column":5}},"53":{"start":{"line":163,"column":6},"end":{"line":163,"column":32}},"54":{"start":{"line":166,"column":21},"end":{"line":178,"column":null}},"55":{"start":{"line":181,"column":4},"end":{"line":181,"column":46}},"56":{"start":{"line":183,"column":4},"end":{"line":183,"column":14}},"57":{"start":{"line":100,"column":13},"end":{"line":100,"column":27}},"58":{"start":{"line":187,"column":27},"end":{"line":257,"column":2}},"59":{"start":{"line":191,"column":4},"end":{"line":257,"column":2}},"60":{"start":{"line":192,"column":17},"end":{"line":192,"column":27}},"61":{"start":{"line":193,"column":38},"end":{"line":193,"column":46}},"62":{"start":{"line":196,"column":2},"end":{"line":201,"column":3}},"63":{"start":{"line":197,"column":4},"end":{"line":200,"column":7}},"64":{"start":{"line":203,"column":2},"end":{"line":256,"column":3}},"65":{"start":{"line":206,"column":4},"end":{"line":216,"column":5}},"66":{"start":{"line":207,"column":6},"end":{"line":207,"column":58}},"67":{"start":{"line":209,"column":6},"end":{"line":214,"column":7}},"68":{"start":{"line":210,"column":8},"end":{"line":213,"column":11}},"69":{"start":{"line":215,"column":6},"end":{"line":215,"column":18}},"70":{"start":{"line":219,"column":24},"end":{"line":220,"column":null}},"71":{"start":{"line":223,"column":4},"end":{"line":232,"column":5}},"72":{"start":{"line":228,"column":6},"end":{"line":231,"column":9}},"73":{"start":{"line":237,"column":4},"end":{"line":237,"column":76}},"74":{"start":{"line":237,"column":28},"end":{"line":237,"column":76}},"75":{"start":{"line":238,"column":4},"end":{"line":239,"column":60}},"76":{"start":{"line":239,"column":6},"end":{"line":239,"column":60}},"77":{"start":{"line":240,"column":4},"end":{"line":241,"column":66}},"78":{"start":{"line":241,"column":6},"end":{"line":241,"column":66}},"79":{"start":{"line":242,"column":4},"end":{"line":242,"column":70}},"80":{"start":{"line":242,"column":26},"end":{"line":242,"column":70}},"81":{"start":{"line":243,"column":4},"end":{"line":244,"column":62}},"82":{"start":{"line":244,"column":6},"end":{"line":244,"column":62}},"83":{"start":{"line":245,"column":4},"end":{"line":246,"column":58}},"84":{"start":{"line":246,"column":6},"end":{"line":246,"column":58}},"85":{"start":{"line":249,"column":25},"end":{"line":251,"column":null}},"86":{"start":{"line":253,"column":4},"end":{"line":253,"column":43}},"87":{"start":{"line":255,"column":4},"end":{"line":255,"column":14}},"88":{"start":{"line":187,"column":13},"end":{"line":187,"column":27}},"89":{"start":{"line":259,"column":27},"end":{"line":310,"column":2}},"90":{"start":{"line":263,"column":4},"end":{"line":310,"column":2}},"91":{"start":{"line":264,"column":17},"end":{"line":264,"column":27}},"92":{"start":{"line":267,"column":2},"end":{"line":272,"column":3}},"93":{"start":{"line":268,"column":4},"end":{"line":271,"column":7}},"94":{"start":{"line":274,"column":2},"end":{"line":309,"column":3}},"95":{"start":{"line":277,"column":4},"end":{"line":287,"column":5}},"96":{"start":{"line":278,"column":6},"end":{"line":278,"column":58}},"97":{"start":{"line":280,"column":6},"end":{"line":285,"column":7}},"98":{"start":{"line":281,"column":8},"end":{"line":284,"column":11}},"99":{"start":{"line":286,"column":6},"end":{"line":286,"column":18}},"100":{"start":{"line":290,"column":24},"end":{"line":291,"column":null}},"101":{"start":{"line":294,"column":4},"end":{"line":303,"column":5}},"102":{"start":{"line":299,"column":6},"end":{"line":302,"column":9}},"103":{"start":{"line":305,"column":4},"end":{"line":305,"column":38}},"104":{"start":{"line":306,"column":4},"end":{"line":306,"column":27}},"105":{"start":{"line":308,"column":4},"end":{"line":308,"column":14}},"106":{"start":{"line":259,"column":13},"end":{"line":259,"column":27}},"107":{"start":{"line":312,"column":37},"end":{"line":385,"column":2}},"108":{"start":{"line":316,"column":4},"end":{"line":385,"column":2}},"109":{"start":{"line":317,"column":17},"end":{"line":317,"column":27}},"110":{"start":{"line":318,"column":2},"end":{"line":384,"column":3}},"111":{"start":{"line":321,"column":4},"end":{"line":376,"column":5}},"112":{"start":{"line":323,"column":6},"end":{"line":369,"column":7}},"113":{"start":{"line":324,"column":27},"end":{"line":324,"column":70}},"114":{"start":{"line":326,"column":8},"end":{"line":358,"column":9}},"115":{"start":{"line":327,"column":10},"end":{"line":347,"column":11}},"116":{"start":{"line":329,"column":12},"end":{"line":329,"column":64}},"117":{"start":{"line":332,"column":12},"end":{"line":340,"column":13}},"118":{"start":{"line":334,"column":14},"end":{"line":339,"column":15}},"119":{"start":{"line":335,"column":16},"end":{"line":338,"column":19}},"120":{"start":{"line":343,"column":12},"end":{"line":346,"column":15}},"121":{"start":{"line":350,"column":10},"end":{"line":357,"column":11}},"122":{"start":{"line":351,"column":12},"end":{"line":351,"column":59}},"123":{"start":{"line":353,"column":12},"end":{"line":356,"column":15}},"124":{"start":{"line":361,"column":8},"end":{"line":368,"column":9}},"125":{"start":{"line":362,"column":10},"end":{"line":362,"column":57}},"126":{"start":{"line":364,"column":10},"end":{"line":367,"column":13}},"127":{"start":{"line":372,"column":6},"end":{"line":375,"column":9}},"128":{"start":{"line":380,"column":26},"end":{"line":380,"column":77}},"129":{"start":{"line":381,"column":4},"end":{"line":381,"column":44}},"130":{"start":{"line":383,"column":4},"end":{"line":383,"column":14}},"131":{"start":{"line":312,"column":13},"end":{"line":312,"column":37}},"132":{"start":{"line":387,"column":33},"end":{"line":399,"column":2}},"133":{"start":{"line":391,"column":4},"end":{"line":399,"column":2}},"134":{"start":{"line":392,"column":2},"end":{"line":398,"column":3}},"135":{"start":{"line":393,"column":18},"end":{"line":393,"column":64}},"136":{"start":{"line":394,"column":19},"end":{"line":394,"column":52}},"137":{"start":{"line":395,"column":4},"end":{"line":395,"column":37}},"138":{"start":{"line":397,"column":4},"end":{"line":397,"column":14}},"139":{"start":{"line":387,"column":13},"end":{"line":387,"column":33}},"140":{"start":{"line":401,"column":33},"end":{"line":413,"column":2}},"141":{"start":{"line":405,"column":4},"end":{"line":413,"column":2}},"142":{"start":{"line":406,"column":21},"end":{"line":406,"column":31}},"143":{"start":{"line":407,"column":2},"end":{"line":412,"column":3}},"144":{"start":{"line":408,"column":19},"end":{"line":408,"column":61}},"145":{"start":{"line":409,"column":4},"end":{"line":409,"column":37}},"146":{"start":{"line":411,"column":4},"end":{"line":411,"column":14}},"147":{"start":{"line":401,"column":13},"end":{"line":401,"column":33}},"148":{"start":{"line":415,"column":38},"end":{"line":435,"column":2}},"149":{"start":{"line":419,"column":4},"end":{"line":435,"column":2}},"150":{"start":{"line":420,"column":21},"end":{"line":420,"column":31}},"151":{"start":{"line":422,"column":2},"end":{"line":427,"column":3}},"152":{"start":{"line":423,"column":4},"end":{"line":426,"column":7}},"153":{"start":{"line":429,"column":2},"end":{"line":434,"column":3}},"154":{"start":{"line":430,"column":19},"end":{"line":430,"column":79}},"155":{"start":{"line":431,"column":4},"end":{"line":431,"column":37}},"156":{"start":{"line":433,"column":4},"end":{"line":433,"column":14}},"157":{"start":{"line":415,"column":13},"end":{"line":415,"column":38}},"158":{"start":{"line":438,"column":32},"end":{"line":534,"column":2}},"159":{"start":{"line":442,"column":4},"end":{"line":534,"column":2}},"160":{"start":{"line":443,"column":2},"end":{"line":533,"column":3}},"161":{"start":{"line":444,"column":24},"end":{"line":444,"column":34}},"162":{"start":{"line":447,"column":4},"end":{"line":449,"column":5}},"163":{"start":{"line":448,"column":6},"end":{"line":448,"column":70}},"164":{"start":{"line":452,"column":4},"end":{"line":454,"column":5}},"165":{"start":{"line":453,"column":6},"end":{"line":453,"column":66}},"166":{"start":{"line":457,"column":17},"end":{"line":457,"column":28}},"167":{"start":{"line":461,"column":4},"end":{"line":465,"column":5}},"168":{"start":{"line":464,"column":6},"end":{"line":464,"column":39}},"169":{"start":{"line":468,"column":26},"end":{"line":470,"column":null}},"170":{"start":{"line":474,"column":4},"end":{"line":519,"column":5}},"171":{"start":{"line":475,"column":6},"end":{"line":516,"column":7}},"172":{"start":{"line":492,"column":37},"end":{"line":499,"column":10}},"173":{"start":{"line":501,"column":28},"end":{"line":501,"column":73}},"174":{"start":{"line":515,"column":28},"end":{"line":515,"column":131}},"175":{"start":{"line":518,"column":6},"end":{"line":518,"column":78}},"176":{"start":{"line":522,"column":23},"end":{"line":522,"column":59}},"177":{"start":{"line":524,"column":4},"end":{"line":529,"column":7}},"178":{"start":{"line":531,"column":24},"end":{"line":531,"column":107}},"179":{"start":{"line":532,"column":4},"end":{"line":532,"column":16}},"180":{"start":{"line":438,"column":13},"end":{"line":438,"column":32}},"181":{"start":{"line":537,"column":39},"end":{"line":592,"column":2}},"182":{"start":{"line":541,"column":4},"end":{"line":592,"column":2}},"183":{"start":{"line":542,"column":2},"end":{"line":591,"column":3}},"184":{"start":{"line":543,"column":31},"end":{"line":543,"column":41}},"185":{"start":{"line":546,"column":4},"end":{"line":548,"column":5}},"186":{"start":{"line":547,"column":6},"end":{"line":547,"column":70}},"187":{"start":{"line":551,"column":26},"end":{"line":552,"column":null}},"188":{"start":{"line":555,"column":4},"end":{"line":557,"column":5}},"189":{"start":{"line":556,"column":6},"end":{"line":556,"column":69}},"190":{"start":{"line":562,"column":4},"end":{"line":566,"column":5}},"191":{"start":{"line":563,"column":6},"end":{"line":565,"column":69}},"192":{"start":{"line":568,"column":4},"end":{"line":588,"column":5}},"193":{"start":{"line":569,"column":37},"end":{"line":570,"column":null}},"194":{"start":{"line":573,"column":6},"end":{"line":576,"column":9}},"195":{"start":{"line":579,"column":6},"end":{"line":586,"column":7}},"196":{"start":{"line":583,"column":8},"end":{"line":585,"column":11}},"197":{"start":{"line":587,"column":6},"end":{"line":587,"column":18}},"198":{"start":{"line":590,"column":4},"end":{"line":590,"column":16}},"199":{"start":{"line":537,"column":13},"end":{"line":537,"column":39}},"200":{"start":{"line":595,"column":50},"end":{"line":612,"column":2}},"201":{"start":{"line":599,"column":4},"end":{"line":612,"column":2}},"202":{"start":{"line":600,"column":2},"end":{"line":611,"column":3}},"203":{"start":{"line":601,"column":24},"end":{"line":601,"column":34}},"204":{"start":{"line":603,"column":25},"end":{"line":603,"column":70}},"205":{"start":{"line":605,"column":4},"end":{"line":608,"column":7}},"206":{"start":{"line":610,"column":4},"end":{"line":610,"column":16}},"207":{"start":{"line":595,"column":13},"end":{"line":595,"column":50}},"208":{"start":{"line":619,"column":85},"end":{"line":619,"column":40285}},"209":{"start":{"line":619,"column":89},"end":{"line":619,"column":40274}},"210":{"start":{"line":619,"column":40400},"end":{"line":619,"column":40406}},"211":{"start":{"line":619,"column":40521},"end":{"line":619,"column":40527}},"212":{"start":{"line":619,"column":40642},"end":{"line":619,"column":40648}},"213":{"start":{"line":619,"column":40767},"end":{"line":619,"column":40773}},"214":{"start":{"line":619,"column":40917},"end":{"line":619,"column":40923}}},"fnMap":{"0":{"name":"(anonymous_7)","decl":{"start":{"line":31,"column":25},"end":{"line":31,"column":null}},"loc":{"start":{"line":35,"column":4},"end":{"line":42,"column":2}}},"1":{"name":"(anonymous_8)","decl":{"start":{"line":35,"column":4},"end":{"line":35,"column":null}},"loc":{"start":{"line":35,"column":4},"end":{"line":42,"column":1}}},"2":{"name":"(anonymous_9)","decl":{"start":{"line":44,"column":30},"end":{"line":44,"column":null}},"loc":{"start":{"line":48,"column":4},"end":{"line":62,"column":2}}},"3":{"name":"(anonymous_10)","decl":{"start":{"line":48,"column":4},"end":{"line":48,"column":null}},"loc":{"start":{"line":48,"column":4},"end":{"line":62,"column":1}}},"4":{"name":"(anonymous_11)","decl":{"start":{"line":64,"column":28},"end":{"line":64,"column":null}},"loc":{"start":{"line":68,"column":4},"end":{"line":76,"column":2}}},"5":{"name":"(anonymous_12)","decl":{"start":{"line":68,"column":4},"end":{"line":68,"column":null}},"loc":{"start":{"line":68,"column":4},"end":{"line":76,"column":1}}},"6":{"name":"(anonymous_13)","decl":{"start":{"line":78,"column":33},"end":{"line":78,"column":null}},"loc":{"start":{"line":82,"column":4},"end":{"line":98,"column":2}}},"7":{"name":"(anonymous_14)","decl":{"start":{"line":82,"column":4},"end":{"line":82,"column":null}},"loc":{"start":{"line":82,"column":4},"end":{"line":98,"column":1}}},"8":{"name":"(anonymous_15)","decl":{"start":{"line":100,"column":27},"end":{"line":100,"column":null}},"loc":{"start":{"line":104,"column":4},"end":{"line":185,"column":2}}},"9":{"name":"(anonymous_16)","decl":{"start":{"line":104,"column":4},"end":{"line":104,"column":null}},"loc":{"start":{"line":104,"column":4},"end":{"line":185,"column":1}}},"10":{"name":"(anonymous_17)","decl":{"start":{"line":187,"column":27},"end":{"line":187,"column":null}},"loc":{"start":{"line":191,"column":4},"end":{"line":257,"column":2}}},"11":{"name":"(anonymous_18)","decl":{"start":{"line":191,"column":4},"end":{"line":191,"column":null}},"loc":{"start":{"line":191,"column":4},"end":{"line":257,"column":1}}},"12":{"name":"(anonymous_19)","decl":{"start":{"line":259,"column":27},"end":{"line":259,"column":null}},"loc":{"start":{"line":263,"column":4},"end":{"line":310,"column":2}}},"13":{"name":"(anonymous_20)","decl":{"start":{"line":263,"column":4},"end":{"line":263,"column":null}},"loc":{"start":{"line":263,"column":4},"end":{"line":310,"column":1}}},"14":{"name":"(anonymous_21)","decl":{"start":{"line":312,"column":37},"end":{"line":312,"column":null}},"loc":{"start":{"line":316,"column":4},"end":{"line":385,"column":2}}},"15":{"name":"(anonymous_22)","decl":{"start":{"line":316,"column":4},"end":{"line":316,"column":null}},"loc":{"start":{"line":316,"column":4},"end":{"line":385,"column":1}}},"16":{"name":"(anonymous_23)","decl":{"start":{"line":387,"column":33},"end":{"line":387,"column":null}},"loc":{"start":{"line":391,"column":4},"end":{"line":399,"column":2}}},"17":{"name":"(anonymous_24)","decl":{"start":{"line":391,"column":4},"end":{"line":391,"column":null}},"loc":{"start":{"line":391,"column":4},"end":{"line":399,"column":1}}},"18":{"name":"(anonymous_25)","decl":{"start":{"line":401,"column":33},"end":{"line":401,"column":null}},"loc":{"start":{"line":405,"column":4},"end":{"line":413,"column":2}}},"19":{"name":"(anonymous_26)","decl":{"start":{"line":405,"column":4},"end":{"line":405,"column":null}},"loc":{"start":{"line":405,"column":4},"end":{"line":413,"column":1}}},"20":{"name":"(anonymous_27)","decl":{"start":{"line":415,"column":38},"end":{"line":415,"column":null}},"loc":{"start":{"line":419,"column":4},"end":{"line":435,"column":2}}},"21":{"name":"(anonymous_28)","decl":{"start":{"line":419,"column":4},"end":{"line":419,"column":null}},"loc":{"start":{"line":419,"column":4},"end":{"line":435,"column":1}}},"22":{"name":"(anonymous_29)","decl":{"start":{"line":438,"column":32},"end":{"line":438,"column":null}},"loc":{"start":{"line":442,"column":4},"end":{"line":534,"column":2}}},"23":{"name":"(anonymous_30)","decl":{"start":{"line":442,"column":4},"end":{"line":442,"column":null}},"loc":{"start":{"line":442,"column":4},"end":{"line":534,"column":1}}},"24":{"name":"(anonymous_31)","decl":{"start":{"line":537,"column":39},"end":{"line":537,"column":null}},"loc":{"start":{"line":541,"column":4},"end":{"line":592,"column":2}}},"25":{"name":"(anonymous_32)","decl":{"start":{"line":541,"column":4},"end":{"line":541,"column":null}},"loc":{"start":{"line":541,"column":4},"end":{"line":592,"column":1}}},"26":{"name":"(anonymous_33)","decl":{"start":{"line":595,"column":50},"end":{"line":595,"column":null}},"loc":{"start":{"line":599,"column":4},"end":{"line":612,"column":2}}},"27":{"name":"(anonymous_34)","decl":{"start":{"line":599,"column":4},"end":{"line":599,"column":null}},"loc":{"start":{"line":599,"column":4},"end":{"line":612,"column":1}}},"28":{"name":"oo_cm","decl":{"start":{"line":619,"column":77},"end":{"line":619,"column":82}},"loc":{"start":{"line":619,"column":82},"end":{"line":619,"column":40286}}}},"branchMap":{"0":{"loc":{"start":{"line":50,"column":4},"end":{"line":55,"column":5}},"type":"if","locations":[{"start":{"line":50,"column":4},"end":{"line":55,"column":5}}]},"1":{"loc":{"start":{"line":85,"column":2},"end":{"line":90,"column":3}},"type":"if","locations":[{"start":{"line":85,"column":2},"end":{"line":90,"column":3}}]},"2":{"loc":{"start":{"line":121,"column":2},"end":{"line":126,"column":3}},"type":"if","locations":[{"start":{"line":121,"column":2},"end":{"line":126,"column":3}}]},"3":{"loc":{"start":{"line":134,"column":4},"end":{"line":139,"column":5}},"type":"if","locations":[{"start":{"line":134,"column":4},"end":{"line":139,"column":5}}]},"4":{"loc":{"start":{"line":142,"column":24},"end":{"line":142,"column":72}},"type":"cond-expr","locations":[{"start":{"line":142,"column":34},"end":{"line":142,"column":51}},{"start":{"line":142,"column":54},"end":{"line":142,"column":72}}]},"5":{"loc":{"start":{"line":145,"column":4},"end":{"line":153,"column":5}},"type":"if","locations":[{"start":{"line":145,"column":4},"end":{"line":153,"column":5}}]},"6":{"loc":{"start":{"line":146,"column":6},"end":{"line":147,"column":79}},"type":"binary-expr","locations":[{"start":{"line":146,"column":6},"end":{"line":146,"column":40}},{"start":{"line":147,"column":7},"end":{"line":147,"column":39}},{"start":{"line":147,"column":43},"end":{"line":147,"column":78}}]},"7":{"loc":{"start":{"line":157,"column":24},"end":{"line":157,"column":41}},"type":"binary-expr","locations":[{"start":{"line":157,"column":24},"end":{"line":157,"column":30}},{"start":{"line":157,"column":34},"end":{"line":157,"column":41}}]},"8":{"loc":{"start":{"line":158,"column":26},"end":{"line":158,"column":68}},"type":"cond-expr","locations":[{"start":{"line":158,"column":52},"end":{"line":158,"column":61}},{"start":{"line":158,"column":64},"end":{"line":158,"column":68}}]},"9":{"loc":{"start":{"line":161,"column":35},"end":{"line":161,"column":73}},"type":"cond-expr","locations":[{"start":{"line":161,"column":48},"end":{"line":161,"column":66}},{"start":{"line":161,"column":69},"end":{"line":161,"column":73}}]},"10":{"loc":{"start":{"line":162,"column":4},"end":{"line":164,"column":5}},"type":"if","locations":[{"start":{"line":162,"column":4},"end":{"line":164,"column":5}}]},"11":{"loc":{"start":{"line":162,"column":8},"end":{"line":162,"column":35}},"type":"binary-expr","locations":[{"start":{"line":162,"column":8},"end":{"line":162,"column":18}},{"start":{"line":162,"column":22},"end":{"line":162,"column":35}}]},"12":{"loc":{"start":{"line":169,"column":6},"end":{"line":169,"column":25}},"type":"binary-expr","locations":[{"start":{"line":169,"column":6},"end":{"line":169,"column":17}},{"start":{"line":169,"column":21},"end":{"line":169,"column":25}}]},"13":{"loc":{"start":{"line":170,"column":6},"end":{"line":170,"column":22}},"type":"binary-expr","locations":[{"start":{"line":170,"column":6},"end":{"line":170,"column":14}},{"start":{"line":170,"column":18},"end":{"line":170,"column":22}}]},"14":{"loc":{"start":{"line":173,"column":6},"end":{"line":173,"column":50}},"type":"cond-expr","locations":[{"start":{"line":173,"column":22},"end":{"line":173,"column":43}},{"start":{"line":173,"column":46},"end":{"line":173,"column":50}}]},"15":{"loc":{"start":{"line":174,"column":6},"end":{"line":174,"column":34}},"type":"cond-expr","locations":[{"start":{"line":174,"column":14},"end":{"line":174,"column":27}},{"start":{"line":174,"column":30},"end":{"line":174,"column":34}}]},"16":{"loc":{"start":{"line":175,"column":6},"end":{"line":175,"column":24}},"type":"binary-expr","locations":[{"start":{"line":175,"column":6},"end":{"line":175,"column":16}},{"start":{"line":175,"column":20},"end":{"line":175,"column":24}}]},"17":{"loc":{"start":{"line":196,"column":2},"end":{"line":201,"column":3}},"type":"if","locations":[{"start":{"line":196,"column":2},"end":{"line":201,"column":3}}]},"18":{"loc":{"start":{"line":209,"column":6},"end":{"line":214,"column":7}},"type":"if","locations":[{"start":{"line":209,"column":6},"end":{"line":214,"column":7}}]},"19":{"loc":{"start":{"line":223,"column":4},"end":{"line":232,"column":5}},"type":"if","locations":[{"start":{"line":223,"column":4},"end":{"line":232,"column":5}}]},"20":{"loc":{"start":{"line":224,"column":6},"end":{"line":226,"column":79}},"type":"binary-expr","locations":[{"start":{"line":224,"column":6},"end":{"line":224,"column":17}},{"start":{"line":225,"column":6},"end":{"line":225,"column":55}},{"start":{"line":226,"column":7},"end":{"line":226,"column":39}},{"start":{"line":226,"column":43},"end":{"line":226,"column":78}}]},"21":{"loc":{"start":{"line":237,"column":4},"end":{"line":237,"column":76}},"type":"if","locations":[{"start":{"line":237,"column":4},"end":{"line":237,"column":76}}]},"22":{"loc":{"start":{"line":238,"column":4},"end":{"line":239,"column":60}},"type":"if","locations":[{"start":{"line":238,"column":4},"end":{"line":239,"column":60}}]},"23":{"loc":{"start":{"line":240,"column":4},"end":{"line":241,"column":66}},"type":"if","locations":[{"start":{"line":240,"column":4},"end":{"line":241,"column":66}}]},"24":{"loc":{"start":{"line":242,"column":4},"end":{"line":242,"column":70}},"type":"if","locations":[{"start":{"line":242,"column":4},"end":{"line":242,"column":70}}]},"25":{"loc":{"start":{"line":243,"column":4},"end":{"line":244,"column":62}},"type":"if","locations":[{"start":{"line":243,"column":4},"end":{"line":244,"column":62}}]},"26":{"loc":{"start":{"line":245,"column":4},"end":{"line":246,"column":58}},"type":"if","locations":[{"start":{"line":245,"column":4},"end":{"line":246,"column":58}}]},"27":{"loc":{"start":{"line":267,"column":2},"end":{"line":272,"column":3}},"type":"if","locations":[{"start":{"line":267,"column":2},"end":{"line":272,"column":3}}]},"28":{"loc":{"start":{"line":280,"column":6},"end":{"line":285,"column":7}},"type":"if","locations":[{"start":{"line":280,"column":6},"end":{"line":285,"column":7}}]},"29":{"loc":{"start":{"line":294,"column":4},"end":{"line":303,"column":5}},"type":"if","locations":[{"start":{"line":294,"column":4},"end":{"line":303,"column":5}}]},"30":{"loc":{"start":{"line":295,"column":6},"end":{"line":297,"column":79}},"type":"binary-expr","locations":[{"start":{"line":295,"column":6},"end":{"line":295,"column":17}},{"start":{"line":296,"column":6},"end":{"line":296,"column":55}},{"start":{"line":297,"column":7},"end":{"line":297,"column":39}},{"start":{"line":297,"column":43},"end":{"line":297,"column":78}}]},"31":{"loc":{"start":{"line":323,"column":6},"end":{"line":369,"column":7}},"type":"if","locations":[{"start":{"line":323,"column":6},"end":{"line":369,"column":7}},{"start":{"line":359,"column":13},"end":{"line":369,"column":7}}]},"32":{"loc":{"start":{"line":326,"column":8},"end":{"line":358,"column":9}},"type":"if","locations":[{"start":{"line":326,"column":8},"end":{"line":358,"column":9}},{"start":{"line":348,"column":15},"end":{"line":358,"column":9}}]},"33":{"loc":{"start":{"line":332,"column":12},"end":{"line":340,"column":13}},"type":"if","locations":[{"start":{"line":332,"column":12},"end":{"line":340,"column":13}}]},"34":{"loc":{"start":{"line":334,"column":14},"end":{"line":339,"column":15}},"type":"if","locations":[{"start":{"line":334,"column":14},"end":{"line":339,"column":15}}]},"35":{"loc":{"start":{"line":393,"column":18},"end":{"line":393,"column":64}},"type":"cond-expr","locations":[{"start":{"line":393,"column":36},"end":{"line":393,"column":59}},{"start":{"line":393,"column":62},"end":{"line":393,"column":64}}]},"36":{"loc":{"start":{"line":422,"column":2},"end":{"line":427,"column":3}},"type":"if","locations":[{"start":{"line":422,"column":2},"end":{"line":427,"column":3}}]},"37":{"loc":{"start":{"line":447,"column":4},"end":{"line":449,"column":5}},"type":"if","locations":[{"start":{"line":447,"column":4},"end":{"line":449,"column":5}}]},"38":{"loc":{"start":{"line":447,"column":8},"end":{"line":447,"column":33}},"type":"binary-expr","locations":[{"start":{"line":447,"column":8},"end":{"line":447,"column":17}},{"start":{"line":447,"column":21},"end":{"line":447,"column":33}}]},"39":{"loc":{"start":{"line":452,"column":4},"end":{"line":454,"column":5}},"type":"if","locations":[{"start":{"line":452,"column":4},"end":{"line":454,"column":5}}]},"40":{"loc":{"start":{"line":452,"column":8},"end":{"line":452,"column":55}},"type":"binary-expr","locations":[{"start":{"line":452,"column":8},"end":{"line":452,"column":17}},{"start":{"line":452,"column":21},"end":{"line":452,"column":55}}]},"41":{"loc":{"start":{"line":461,"column":4},"end":{"line":465,"column":5}},"type":"if","locations":[{"start":{"line":461,"column":4},"end":{"line":465,"column":5}}]},"42":{"loc":{"start":{"line":474,"column":4},"end":{"line":519,"column":5}},"type":"if","locations":[{"start":{"line":474,"column":4},"end":{"line":519,"column":5}},{"start":{"line":517,"column":11},"end":{"line":519,"column":5}}]},"43":{"loc":{"start":{"line":522,"column":23},"end":{"line":522,"column":59}},"type":"cond-expr","locations":[{"start":{"line":522,"column":50},"end":{"line":522,"column":53}},{"start":{"line":522,"column":56},"end":{"line":522,"column":59}}]},"44":{"loc":{"start":{"line":525,"column":11},"end":{"line":527,"column":35}},"type":"cond-expr","locations":[{"start":{"line":526,"column":10},"end":{"line":526,"column":49}},{"start":{"line":527,"column":10},"end":{"line":527,"column":35}}]},"45":{"loc":{"start":{"line":546,"column":4},"end":{"line":548,"column":5}},"type":"if","locations":[{"start":{"line":546,"column":4},"end":{"line":548,"column":5}}]},"46":{"loc":{"start":{"line":546,"column":8},"end":{"line":546,"column":33}},"type":"binary-expr","locations":[{"start":{"line":546,"column":8},"end":{"line":546,"column":17}},{"start":{"line":546,"column":21},"end":{"line":546,"column":33}}]},"47":{"loc":{"start":{"line":555,"column":4},"end":{"line":557,"column":5}},"type":"if","locations":[{"start":{"line":555,"column":4},"end":{"line":557,"column":5}}]},"48":{"loc":{"start":{"line":562,"column":4},"end":{"line":566,"column":5}},"type":"if","locations":[{"start":{"line":562,"column":4},"end":{"line":566,"column":5}}]},"49":{"loc":{"start":{"line":579,"column":6},"end":{"line":586,"column":7}},"type":"if","locations":[{"start":{"line":579,"column":6},"end":{"line":586,"column":7}}]},"50":{"loc":{"start":{"line":580,"column":8},"end":{"line":581,"column":57}},"type":"binary-expr","locations":[{"start":{"line":580,"column":8},"end":{"line":580,"column":28}},{"start":{"line":581,"column":8},"end":{"line":581,"column":57}}]},"51":{"loc":{"start":{"line":607,"column":10},"end":{"line":607,"column":68}},"type":"binary-expr","locations":[{"start":{"line":607,"column":10},"end":{"line":607,"column":33}},{"start":{"line":607,"column":37},"end":{"line":607,"column":68}}]},"52":{"loc":{"start":{"line":619,"column":96},"end":{"line":619,"column":40273}},"type":"binary-expr","locations":[{"start":{"line":619,"column":96},"end":{"line":619,"column":133}},{"start":{"line":619,"column":137},"end":{"line":619,"column":40273}}]}},"s":{"0":9,"1":9,"2":9,"3":9,"4":6,"5":6,"6":6,"7":6,"8":0,"9":9,"10":9,"11":2,"12":2,"13":2,"14":0,"15":2,"16":2,"17":0,"18":9,"19":9,"20":7,"21":7,"22":7,"23":7,"24":2,"25":5,"26":9,"27":9,"28":2,"29":2,"30":2,"31":0,"32":2,"33":2,"34":1,"35":1,"36":9,"37":9,"38":98,"39":98,"40":98,"41":0,"42":98,"43":98,"44":98,"45":0,"46":98,"47":98,"48":3,"49":95,"50":95,"51":95,"52":95,"53":95,"54":95,"55":95,"56":0,"57":9,"58":9,"59":10,"60":10,"61":10,"62":10,"63":0,"64":10,"65":10,"66":10,"67":3,"68":3,"69":0,"70":7,"71":7,"72":2,"73":5,"74":0,"75":5,"76":0,"77":5,"78":1,"79":5,"80":1,"81":5,"82":0,"83":5,"84":0,"85":5,"86":5,"87":0,"88":9,"89":9,"90":4,"91":4,"92":4,"93":0,"94":4,"95":4,"96":4,"97":1,"98":1,"99":0,"100":3,"101":3,"102":1,"103":2,"104":2,"105":0,"106":9,"107":9,"108":2,"109":2,"110":2,"111":2,"112":2,"113":2,"114":2,"115":2,"116":2,"117":2,"118":0,"119":0,"120":0,"121":0,"122":0,"123":0,"124":0,"125":0,"126":0,"127":0,"128":2,"129":2,"130":0,"131":9,"132":9,"133":2,"134":2,"135":2,"136":2,"137":2,"138":0,"139":9,"140":9,"141":2,"142":2,"143":2,"144":2,"145":2,"146":0,"147":9,"148":9,"149":2,"150":2,"151":2,"152":0,"153":2,"154":2,"155":2,"156":0,"157":9,"158":9,"159":29,"160":29,"161":29,"162":29,"163":0,"164":29,"165":1,"166":28,"167":28,"168":28,"169":28,"170":23,"171":23,"172":23,"173":23,"174":0,"175":0,"176":23,"177":23,"178":5,"179":5,"180":9,"181":9,"182":5,"183":5,"184":5,"185":5,"186":0,"187":5,"188":5,"189":1,"190":4,"191":0,"192":4,"193":4,"194":3,"195":1,"196":1,"197":0,"198":0,"199":9,"200":9,"201":7,"202":7,"203":7,"204":7,"205":4,"206":3,"207":9,"208":5,"209":5,"210":9,"211":9,"212":9,"213":9,"214":9},"f":{"0":6,"1":6,"2":2,"3":2,"4":7,"5":7,"6":2,"7":2,"8":98,"9":98,"10":10,"11":10,"12":4,"13":4,"14":2,"15":2,"16":2,"17":2,"18":2,"19":2,"20":2,"21":2,"22":29,"23":29,"24":5,"25":5,"26":7,"27":7,"28":5},"b":{"0":[0],"1":[0],"2":[0],"3":[0],"4":[97,1],"5":[3],"6":[98,95,2],"7":[95,2],"8":[79,16],"9":[0,95],"10":[95],"11":[95,95],"12":[95,2],"13":[95,13],"14":[31,64],"15":[0,95],"16":[95,81],"17":[0],"18":[3],"19":[2],"20":[7,7,5,1],"21":[0],"22":[0],"23":[1],"24":[1],"25":[0],"26":[0],"27":[0],"28":[1],"29":[1],"30":[3,3,2,0],"31":[2,0],"32":[2,0],"33":[0],"34":[0],"35":[1,1],"36":[0],"37":[0],"38":[29,29],"39":[1],"40":[29,29],"41":[28],"42":[23,0],"43":[1,22],"44":[1,22],"45":[0],"46":[5,5],"47":[1],"48":[0],"49":[1],"50":[1,1],"51":[4,3],"52":[5,1]}}
,"/Users/tward/Desktop/Coding/freelancing/nc/events-platform/controllers/stripe-controller.ts": {"path":"/Users/tward/Desktop/Coding/freelancing/nc/events-platform/controllers/stripe-controller.ts","statementMap":{"0":{"start":{"line":2,"column":0},"end":{"line":2,"column":28}},"1":{"start":{"line":3,"column":0},"end":{"line":3,"column":60}},"2":{"start":{"line":4,"column":0},"end":{"line":4,"column":null}},"3":{"start":{"line":16,"column":0},"end":{"line":16,"column":58}},"4":{"start":{"line":17,"column":0},"end":{"line":17,"column":56}},"5":{"start":{"line":20,"column":24},"end":{"line":20,"column":53}},"6":{"start":{"line":21,"column":0},"end":{"line":25,"column":1}},"7":{"start":{"line":22,"column":2},"end":{"line":24,"column":4}},"8":{"start":{"line":28,"column":15},"end":{"line":32,"column":null}},"9":{"start":{"line":35,"column":27},"end":{"line":43,"column":2}},"10":{"start":{"line":38,"column":19},"end":{"line":43,"column":2}},"11":{"start":{"line":39,"column":21},"end":{"line":39,"column":31}},"12":{"start":{"line":41,"column":26},"end":{"line":41,"column":58}},"13":{"start":{"line":42,"column":2},"end":{"line":42,"column":28}},"14":{"start":{"line":35,"column":13},"end":{"line":35,"column":27}},"15":{"start":{"line":45,"column":37},"end":{"line":134,"column":2}},"16":{"start":{"line":48,"column":19},"end":{"line":134,"column":2}},"17":{"start":{"line":49,"column":43},"end":{"line":49,"column":51}},"18":{"start":{"line":50,"column":30},"end":{"line":50,"column":41}},"19":{"start":{"line":53,"column":2},"end":{"line":60,"column":3}},"20":{"start":{"line":54,"column":4},"end":{"line":58,"column":7}},"21":{"start":{"line":59,"column":4},"end":{"line":59,"column":11}},"22":{"start":{"line":62,"column":2},"end":{"line":133,"column":3}},"23":{"start":{"line":64,"column":18},"end":{"line":64,"column":56}},"24":{"start":{"line":66,"column":4},"end":{"line":69,"column":5}},"25":{"start":{"line":67,"column":6},"end":{"line":67,"column":59}},"26":{"start":{"line":68,"column":6},"end":{"line":68,"column":13}},"27":{"start":{"line":72,"column":17},"end":{"line":72,"column":53}},"28":{"start":{"line":74,"column":4},"end":{"line":77,"column":5}},"29":{"start":{"line":75,"column":6},"end":{"line":75,"column":58}},"30":{"start":{"line":76,"column":6},"end":{"line":76,"column":13}},"31":{"start":{"line":79,"column":27},"end":{"line":79,"column":50}},"32":{"start":{"line":81,"column":4},"end":{"line":88,"column":5}},"33":{"start":{"line":82,"column":23},"end":{"line":85,"column":8}},"34":{"start":{"line":86,"column":6},"end":{"line":86,"column":37}},"35":{"start":{"line":87,"column":6},"end":{"line":87,"column":65}},"36":{"start":{"line":91,"column":20},"end":{"line":118,"column":6}},"37":{"start":{"line":120,"column":43},"end":{"line":123,"column":6}},"38":{"start":{"line":124,"column":4},"end":{"line":124,"column":26}},"39":{"start":{"line":126,"column":24},"end":{"line":126,"column":120}},"40":{"start":{"line":128,"column":4},"end":{"line":132,"column":5}},"41":{"start":{"line":129,"column":6},"end":{"line":129,"column":60}},"42":{"start":{"line":131,"column":6},"end":{"line":131,"column":66}},"43":{"start":{"line":45,"column":13},"end":{"line":45,"column":37}},"44":{"start":{"line":136,"column":33},"end":{"line":229,"column":2}},"45":{"start":{"line":139,"column":19},"end":{"line":229,"column":2}},"46":{"start":{"line":140,"column":24},"end":{"line":140,"column":34}},"47":{"start":{"line":143,"column":2},"end":{"line":150,"column":3}},"48":{"start":{"line":144,"column":4},"end":{"line":148,"column":7}},"49":{"start":{"line":149,"column":4},"end":{"line":149,"column":11}},"50":{"start":{"line":152,"column":2},"end":{"line":228,"column":3}},"51":{"start":{"line":154,"column":20},"end":{"line":154,"column":70}},"52":{"start":{"line":157,"column":4},"end":{"line":219,"column":5}},"53":{"start":{"line":158,"column":34},"end":{"line":158,"column":null}},"54":{"start":{"line":164,"column":30},"end":{"line":164,"column":69}},"55":{"start":{"line":166,"column":6},"end":{"line":173,"column":7}},"56":{"start":{"line":167,"column":8},"end":{"line":171,"column":11}},"57":{"start":{"line":172,"column":8},"end":{"line":172,"column":15}},"58":{"start":{"line":177,"column":27},"end":{"line":179,"column":null}},"59":{"start":{"line":182,"column":6},"end":{"line":187,"column":7}},"60":{"start":{"line":183,"column":8},"end":{"line":183,"column":41}},"61":{"start":{"line":185,"column":32},"end":{"line":185,"column":73}},"62":{"start":{"line":186,"column":8},"end":{"line":186,"column":44}},"63":{"start":{"line":190,"column":25},"end":{"line":190,"column":45}},"64":{"start":{"line":191,"column":21},"end":{"line":195,"column":null}},"65":{"start":{"line":197,"column":23},"end":{"line":197,"column":32}},"66":{"start":{"line":200,"column":22},"end":{"line":206,"column":8}},"67":{"start":{"line":208,"column":24},"end":{"line":208,"column":34}},"68":{"start":{"line":211,"column":6},"end":{"line":211,"column":46}},"69":{"start":{"line":213,"column":6},"end":{"line":217,"column":9}},"70":{"start":{"line":218,"column":6},"end":{"line":218,"column":13}},"71":{"start":{"line":221,"column":4},"end":{"line":224,"column":7}},"72":{"start":{"line":226,"column":24},"end":{"line":226,"column":110}},"73":{"start":{"line":227,"column":4},"end":{"line":227,"column":64}},"74":{"start":{"line":136,"column":13},"end":{"line":136,"column":33}},"75":{"start":{"line":231,"column":29},"end":{"line":281,"column":2}},"76":{"start":{"line":234,"column":19},"end":{"line":281,"column":2}},"77":{"start":{"line":235,"column":14},"end":{"line":235,"column":55}},"78":{"start":{"line":238,"column":2},"end":{"line":245,"column":3}},"79":{"start":{"line":239,"column":4},"end":{"line":243,"column":7}},"80":{"start":{"line":244,"column":4},"end":{"line":244,"column":11}},"81":{"start":{"line":249,"column":2},"end":{"line":263,"column":3}},"82":{"start":{"line":251,"column":4},"end":{"line":255,"column":22}},"83":{"start":{"line":257,"column":24},"end":{"line":260,"column":6}},"84":{"start":{"line":261,"column":4},"end":{"line":261,"column":69}},"85":{"start":{"line":262,"column":4},"end":{"line":262,"column":11}},"86":{"start":{"line":266,"column":2},"end":{"line":278,"column":3}},"87":{"start":{"line":268,"column":22},"end":{"line":268,"column":66}},"88":{"start":{"line":269,"column":6},"end":{"line":269,"column":46}},"89":{"start":{"line":270,"column":6},"end":{"line":270,"column":12}},"90":{"start":{"line":273,"column":28},"end":{"line":273,"column":69}},"91":{"start":{"line":274,"column":6},"end":{"line":274,"column":47}},"92":{"start":{"line":275,"column":6},"end":{"line":275,"column":12}},"93":{"start":{"line":280,"column":2},"end":{"line":280,"column":31}},"94":{"start":{"line":231,"column":13},"end":{"line":231,"column":29}},"95":{"start":{"line":285,"column":30},"end":{"line":285,"column":null}},"96":{"start":{"line":290,"column":2},"end":{"line":330,"column":3}},"97":{"start":{"line":292,"column":28},"end":{"line":292,"column":68}},"98":{"start":{"line":294,"column":4},"end":{"line":296,"column":5}},"99":{"start":{"line":295,"column":6},"end":{"line":295,"column":13}},"100":{"start":{"line":300,"column":25},"end":{"line":300,"column":78}},"101":{"start":{"line":303,"column":4},"end":{"line":308,"column":5}},"102":{"start":{"line":304,"column":6},"end":{"line":304,"column":39}},"103":{"start":{"line":306,"column":30},"end":{"line":306,"column":71}},"104":{"start":{"line":307,"column":6},"end":{"line":307,"column":42}},"105":{"start":{"line":310,"column":23},"end":{"line":310,"column":43}},"106":{"start":{"line":311,"column":19},"end":{"line":315,"column":null}},"107":{"start":{"line":317,"column":21},"end":{"line":317,"column":30}},"108":{"start":{"line":319,"column":20},"end":{"line":324,"column":null}},"109":{"start":{"line":327,"column":4},"end":{"line":327,"column":45}},"110":{"start":{"line":329,"column":24},"end":{"line":329,"column":124}},"111":{"start":{"line":334,"column":2},"end":{"line":339,"column":3}},"112":{"start":{"line":336,"column":4},"end":{"line":336,"column":58}},"113":{"start":{"line":338,"column":24},"end":{"line":338,"column":118}},"114":{"start":{"line":347,"column":85},"end":{"line":347,"column":40285}},"115":{"start":{"line":347,"column":89},"end":{"line":347,"column":40274}},"116":{"start":{"line":347,"column":40400},"end":{"line":347,"column":40406}},"117":{"start":{"line":347,"column":40521},"end":{"line":347,"column":40527}},"118":{"start":{"line":347,"column":40642},"end":{"line":347,"column":40648}},"119":{"start":{"line":347,"column":40767},"end":{"line":347,"column":40773}},"120":{"start":{"line":347,"column":40917},"end":{"line":347,"column":40923}}},"fnMap":{"0":{"name":"(anonymous_8)","decl":{"start":{"line":35,"column":27},"end":{"line":35,"column":null}},"loc":{"start":{"line":38,"column":19},"end":{"line":43,"column":2}}},"1":{"name":"(anonymous_9)","decl":{"start":{"line":38,"column":19},"end":{"line":38,"column":null}},"loc":{"start":{"line":38,"column":19},"end":{"line":43,"column":1}}},"2":{"name":"(anonymous_10)","decl":{"start":{"line":45,"column":37},"end":{"line":45,"column":null}},"loc":{"start":{"line":48,"column":19},"end":{"line":134,"column":2}}},"3":{"name":"(anonymous_11)","decl":{"start":{"line":48,"column":19},"end":{"line":48,"column":null}},"loc":{"start":{"line":48,"column":19},"end":{"line":134,"column":1}}},"4":{"name":"(anonymous_12)","decl":{"start":{"line":136,"column":33},"end":{"line":136,"column":null}},"loc":{"start":{"line":139,"column":19},"end":{"line":229,"column":2}}},"5":{"name":"(anonymous_13)","decl":{"start":{"line":139,"column":19},"end":{"line":139,"column":null}},"loc":{"start":{"line":139,"column":19},"end":{"line":229,"column":1}}},"6":{"name":"(anonymous_14)","decl":{"start":{"line":231,"column":29},"end":{"line":231,"column":null}},"loc":{"start":{"line":234,"column":19},"end":{"line":281,"column":2}}},"7":{"name":"(anonymous_15)","decl":{"start":{"line":234,"column":19},"end":{"line":234,"column":null}},"loc":{"start":{"line":234,"column":19},"end":{"line":281,"column":1}}},"8":{"name":"processSuccessfulPayment","decl":{"start":{"line":284,"column":15},"end":{"line":284,"column":39}},"loc":{"start":{"line":284,"column":72},"end":{"line":331,"column":null}}},"9":{"name":"handleFailedPayment","decl":{"start":{"line":333,"column":15},"end":{"line":333,"column":34}},"loc":{"start":{"line":333,"column":70},"end":{"line":340,"column":null}}},"10":{"name":"oo_cm","decl":{"start":{"line":347,"column":77},"end":{"line":347,"column":82}},"loc":{"start":{"line":347,"column":82},"end":{"line":347,"column":40286}}}},"branchMap":{"0":{"loc":{"start":{"line":21,"column":0},"end":{"line":25,"column":1}},"type":"if","locations":[{"start":{"line":21,"column":0},"end":{"line":25,"column":1}}]},"1":{"loc":{"start":{"line":29,"column":2},"end":{"line":29,"column":61}},"type":"binary-expr","locations":[{"start":{"line":29,"column":2},"end":{"line":29,"column":17}},{"start":{"line":29,"column":21},"end":{"line":29,"column":61}}]},"2":{"loc":{"start":{"line":53,"column":2},"end":{"line":60,"column":3}},"type":"if","locations":[{"start":{"line":53,"column":2},"end":{"line":60,"column":3}}]},"3":{"loc":{"start":{"line":66,"column":4},"end":{"line":69,"column":5}},"type":"if","locations":[{"start":{"line":66,"column":4},"end":{"line":69,"column":5}}]},"4":{"loc":{"start":{"line":74,"column":4},"end":{"line":77,"column":5}},"type":"if","locations":[{"start":{"line":74,"column":4},"end":{"line":77,"column":5}}]},"5":{"loc":{"start":{"line":81,"column":4},"end":{"line":88,"column":5}},"type":"if","locations":[{"start":{"line":81,"column":4},"end":{"line":88,"column":5}}]},"6":{"loc":{"start":{"line":100,"column":27},"end":{"line":100,"column":62}},"type":"binary-expr","locations":[{"start":{"line":100,"column":27},"end":{"line":100,"column":44}},{"start":{"line":100,"column":48},"end":{"line":100,"column":62}}]},"7":{"loc":{"start":{"line":109,"column":8},"end":{"line":109,"column":null}},"type":"binary-expr","locations":[{"start":{"line":109,"column":8},"end":{"line":109,"column":32}},{"start":{"line":109,"column":36},"end":{"line":109,"column":null}}]},"8":{"loc":{"start":{"line":112,"column":8},"end":{"line":112,"column":null}},"type":"binary-expr","locations":[{"start":{"line":112,"column":8},"end":{"line":112,"column":32}},{"start":{"line":112,"column":36},"end":{"line":112,"column":null}}]},"9":{"loc":{"start":{"line":128,"column":4},"end":{"line":132,"column":5}},"type":"if","locations":[{"start":{"line":128,"column":4},"end":{"line":132,"column":5}},{"start":{"line":130,"column":11},"end":{"line":132,"column":5}}]},"10":{"loc":{"start":{"line":128,"column":9},"end":{"line":128,"column":59}},"type":"binary-expr","locations":[{"start":{"line":128,"column":9},"end":{"line":128,"column":37}},{"start":{"line":128,"column":42},"end":{"line":128,"column":59}}]},"11":{"loc":{"start":{"line":143,"column":2},"end":{"line":150,"column":3}},"type":"if","locations":[{"start":{"line":143,"column":2},"end":{"line":150,"column":3}}]},"12":{"loc":{"start":{"line":157,"column":4},"end":{"line":219,"column":5}},"type":"if","locations":[{"start":{"line":157,"column":4},"end":{"line":219,"column":5}}]},"13":{"loc":{"start":{"line":166,"column":6},"end":{"line":173,"column":7}},"type":"if","locations":[{"start":{"line":166,"column":6},"end":{"line":173,"column":7}}]},"14":{"loc":{"start":{"line":182,"column":6},"end":{"line":187,"column":7}},"type":"if","locations":[{"start":{"line":182,"column":6},"end":{"line":187,"column":7}},{"start":{"line":184,"column":13},"end":{"line":187,"column":7}}]},"15":{"loc":{"start":{"line":205,"column":8},"end":{"line":205,"column":61}},"type":"cond-expr","locations":[{"start":{"line":205,"column":31},"end":{"line":205,"column":57}},{"start":{"line":205,"column":60},"end":{"line":205,"column":61}}]},"16":{"loc":{"start":{"line":238,"column":2},"end":{"line":245,"column":3}},"type":"if","locations":[{"start":{"line":238,"column":2},"end":{"line":245,"column":3}}]},"17":{"loc":{"start":{"line":238,"column":6},"end":{"line":238,"column":60}},"type":"binary-expr","locations":[{"start":{"line":238,"column":6},"end":{"line":238,"column":22}},{"start":{"line":238,"column":26},"end":{"line":238,"column":60}}]},"18":{"loc":{"start":{"line":254,"column":6},"end":{"line":254,"column":45}},"type":"binary-expr","locations":[{"start":{"line":254,"column":6},"end":{"line":254,"column":39}},{"start":{"line":254,"column":43},"end":{"line":254,"column":45}}]},"19":{"loc":{"start":{"line":266,"column":2},"end":{"line":278,"column":3}},"type":"switch","locations":[{"start":{"line":267,"column":4},"end":{"line":271,"column":5}},{"start":{"line":272,"column":4},"end":{"line":276,"column":5}}]},"20":{"loc":{"start":{"line":294,"column":4},"end":{"line":296,"column":5}},"type":"if","locations":[{"start":{"line":294,"column":4},"end":{"line":296,"column":5}}]},"21":{"loc":{"start":{"line":303,"column":4},"end":{"line":308,"column":5}},"type":"if","locations":[{"start":{"line":303,"column":4},"end":{"line":308,"column":5}},{"start":{"line":305,"column":11},"end":{"line":308,"column":5}}]},"22":{"loc":{"start":{"line":324,"column":6},"end":{"line":324,"column":59}},"type":"cond-expr","locations":[{"start":{"line":324,"column":29},"end":{"line":324,"column":55}},{"start":{"line":324,"column":58},"end":{"line":324,"column":59}}]},"23":{"loc":{"start":{"line":347,"column":96},"end":{"line":347,"column":40273}},"type":"binary-expr","locations":[{"start":{"line":347,"column":96},"end":{"line":347,"column":133}},{"start":{"line":347,"column":137},"end":{"line":347,"column":40273}}]}},"s":{"0":9,"1":9,"2":9,"3":9,"4":9,"5":9,"6":9,"7":0,"8":9,"9":9,"10":1,"11":1,"12":1,"13":1,"14":9,"15":9,"16":4,"17":4,"18":4,"19":4,"20":0,"21":0,"22":4,"23":4,"24":3,"25":0,"26":0,"27":3,"28":2,"29":0,"30":0,"31":2,"32":2,"33":2,"34":2,"35":2,"36":2,"37":2,"38":2,"39":2,"40":2,"41":2,"42":0,"43":9,"44":9,"45":4,"46":4,"47":4,"48":0,"49":0,"50":4,"51":4,"52":4,"53":4,"54":4,"55":4,"56":1,"57":1,"58":3,"59":3,"60":0,"61":3,"62":3,"63":3,"64":3,"65":3,"66":3,"67":3,"68":3,"69":3,"70":3,"71":0,"72":0,"73":0,"74":9,"75":9,"76":1,"77":1,"78":1,"79":0,"80":0,"81":1,"82":1,"83":0,"84":0,"85":0,"86":1,"87":1,"88":1,"89":1,"90":0,"91":0,"92":0,"93":1,"94":9,"95":1,"96":1,"97":1,"98":1,"99":0,"100":1,"101":1,"102":0,"103":1,"104":1,"105":1,"106":1,"107":1,"108":1,"109":1,"110":0,"111":0,"112":0,"113":0,"114":2,"115":2,"116":9,"117":9,"118":9,"119":9,"120":9},"f":{"0":1,"1":1,"2":4,"3":4,"4":4,"5":4,"6":1,"7":1,"8":1,"9":0,"10":2},"b":{"0":[0],"1":[9,0],"2":[0],"3":[0],"4":[0],"5":[2],"6":[2,0],"7":[2,0],"8":[2,0],"9":[2,0],"10":[2,2],"11":[0],"12":[4],"13":[1],"14":[0,3],"15":[3,0],"16":[0],"17":[1,1],"18":[1,0],"19":[1,0],"20":[0],"21":[0,1],"22":[1,0],"23":[2,1]}}
,"/Users/tward/Desktop/Coding/freelancing/nc/events-platform/controllers/teams-controller.ts": {"path":"/Users/tward/Desktop/Coding/freelancing/nc/events-platform/controllers/teams-controller.ts","statementMap":{"0":{"start":{"line":2,"column":0},"end":{"line":2,"column":null}},"1":{"start":{"line":15,"column":0},"end":{"line":15,"column":68}},"2":{"start":{"line":16,"column":0},"end":{"line":16,"column":32}},"3":{"start":{"line":18,"column":0},"end":{"line":18,"column":58}},"4":{"start":{"line":20,"column":24},"end":{"line":31,"column":2}},"5":{"start":{"line":24,"column":4},"end":{"line":31,"column":2}},"6":{"start":{"line":25,"column":2},"end":{"line":30,"column":3}},"7":{"start":{"line":26,"column":35},"end":{"line":26,"column":54}},"8":{"start":{"line":27,"column":4},"end":{"line":27,"column":49}},"9":{"start":{"line":29,"column":4},"end":{"line":29,"column":14}},"10":{"start":{"line":20,"column":13},"end":{"line":20,"column":24}},"11":{"start":{"line":33,"column":27},"end":{"line":51,"column":2}},"12":{"start":{"line":37,"column":4},"end":{"line":51,"column":2}},"13":{"start":{"line":38,"column":17},"end":{"line":38,"column":27}},"14":{"start":{"line":39,"column":2},"end":{"line":50,"column":3}},"15":{"start":{"line":40,"column":17},"end":{"line":40,"column":49}},"16":{"start":{"line":41,"column":4},"end":{"line":41,"column":35}},"17":{"start":{"line":43,"column":4},"end":{"line":48,"column":5}},"18":{"start":{"line":44,"column":6},"end":{"line":47,"column":9}},"19":{"start":{"line":49,"column":4},"end":{"line":49,"column":14}},"20":{"start":{"line":33,"column":13},"end":{"line":33,"column":27}},"21":{"start":{"line":53,"column":29},"end":{"line":71,"column":2}},"22":{"start":{"line":57,"column":4},"end":{"line":71,"column":2}},"23":{"start":{"line":58,"column":19},"end":{"line":58,"column":29}},"24":{"start":{"line":59,"column":2},"end":{"line":70,"column":3}},"25":{"start":{"line":60,"column":17},"end":{"line":60,"column":45}},"26":{"start":{"line":61,"column":4},"end":{"line":66,"column":5}},"27":{"start":{"line":62,"column":6},"end":{"line":65,"column":9}},"28":{"start":{"line":67,"column":4},"end":{"line":67,"column":35}},"29":{"start":{"line":69,"column":4},"end":{"line":69,"column":14}},"30":{"start":{"line":53,"column":13},"end":{"line":53,"column":29}},"31":{"start":{"line":73,"column":26},"end":{"line":129,"column":2}},"32":{"start":{"line":77,"column":4},"end":{"line":129,"column":2}},"33":{"start":{"line":78,"column":32},"end":{"line":78,"column":40}},"34":{"start":{"line":81,"column":2},"end":{"line":86,"column":3}},"35":{"start":{"line":82,"column":4},"end":{"line":85,"column":7}},"36":{"start":{"line":90,"column":2},"end":{"line":128,"column":3}},"37":{"start":{"line":92,"column":25},"end":{"line":92,"column":53}},"38":{"start":{"line":93,"column":4},"end":{"line":98,"column":5}},"39":{"start":{"line":94,"column":6},"end":{"line":97,"column":9}},"40":{"start":{"line":101,"column":19},"end":{"line":101,"column":30}},"41":{"start":{"line":103,"column":19},"end":{"line":118,"column":6}},"42":{"start":{"line":103,"column":52},"end":{"line":118,"column":6}},"43":{"start":{"line":105,"column":23},"end":{"line":107,"column":null}},"44":{"start":{"line":111,"column":29},"end":{"line":114,"column":null}},"45":{"start":{"line":117,"column":6},"end":{"line":117,"column":40}},"46":{"start":{"line":120,"column":4},"end":{"line":125,"column":7}},"47":{"start":{"line":127,"column":4},"end":{"line":127,"column":14}},"48":{"start":{"line":73,"column":13},"end":{"line":73,"column":26}},"49":{"start":{"line":131,"column":26},"end":{"line":168,"column":2}},"50":{"start":{"line":135,"column":4},"end":{"line":168,"column":2}},"51":{"start":{"line":136,"column":17},"end":{"line":136,"column":27}},"52":{"start":{"line":137,"column":32},"end":{"line":137,"column":40}},"53":{"start":{"line":140,"column":2},"end":{"line":145,"column":3}},"54":{"start":{"line":141,"column":4},"end":{"line":144,"column":7}},"55":{"start":{"line":148,"column":27},"end":{"line":148,"column":29}},"56":{"start":{"line":150,"column":2},"end":{"line":152,"column":3}},"57":{"start":{"line":151,"column":4},"end":{"line":151,"column":41}},"58":{"start":{"line":154,"column":2},"end":{"line":160,"column":3}},"59":{"start":{"line":155,"column":4},"end":{"line":159,"column":7}},"60":{"start":{"line":162,"column":2},"end":{"line":167,"column":3}},"61":{"start":{"line":163,"column":24},"end":{"line":163,"column":75}},"62":{"start":{"line":164,"column":4},"end":{"line":164,"column":42}},"63":{"start":{"line":166,"column":4},"end":{"line":166,"column":14}},"64":{"start":{"line":131,"column":13},"end":{"line":131,"column":26}},"65":{"start":{"line":170,"column":26},"end":{"line":220,"column":2}},"66":{"start":{"line":174,"column":4},"end":{"line":220,"column":2}},"67":{"start":{"line":175,"column":17},"end":{"line":175,"column":27}},"68":{"start":{"line":178,"column":2},"end":{"line":183,"column":3}},"69":{"start":{"line":179,"column":4},"end":{"line":182,"column":7}},"70":{"start":{"line":186,"column":2},"end":{"line":206,"column":3}},"71":{"start":{"line":187,"column":24},"end":{"line":188,"column":null}},"72":{"start":{"line":190,"column":4},"end":{"line":200,"column":5}},"73":{"start":{"line":196,"column":6},"end":{"line":199,"column":9}},"74":{"start":{"line":202,"column":4},"end":{"line":205,"column":7}},"75":{"start":{"line":208,"column":2},"end":{"line":219,"column":3}
[...]
,"/Users/tward/Desktop/Coding/freelancing/nc/events-platform/utils/db-transaction.ts": {"path":"/Users/tward/Desktop/Coding/freelancing/nc/events-platform/utils/db-transaction.ts","statementMap":{"0":{"start":{"line":4,"column":0},"end":{"line":4,"column":34}},"1":{"start":{"line":13,"column":34},"end":{"line":29,"column":2}},"2":{"start":{"line":15,"column":16},"end":{"line":29,"column":2}},"3":{"start":{"line":16,"column":17},"end":{"line":16,"column":35}},"4":{"start":{"line":18,"column":2},"end":{"line":28,"column":3}},"5":{"start":{"line":19,"column":4},"end":{"line":19,"column":32}},"6":{"start":{"line":20,"column":19},"end":{"line":20,"column":41}},"7":{"start":{"line":21,"column":4},"end":{"line":21,"column":33}},"8":{"start":{"line":22,"column":4},"end":{"line":22,"column":18}},"9":{"start":{"line":24,"column":4},"end":{"line":24,"column":35}},"10":{"start":{"line":25,"column":4},"end":{"line":25,"column":16}},"11":{"start":{"line":27,"column":4},"end":{"line":27,"column":21}},"12":{"start":{"line":13,"column":13},"end":{"line":13,"column":34}},"13":{"start":{"line":39,"column":34},"end":{"line":55,"column":2}},"14":{"start":{"line":44,"column":16},"end":{"line":55,"column":2}},"15":{"start":{"line":45,"column":2},"end":{"line":54,"column":5}},"16":{"start":{"line":45,"column":45},"end":{"line":54,"column":4}},"17":{"start":{"line":47,"column":4},"end":{"line":50,"column":6}},"18":{"start":{"line":53,"column":4},"end":{"line":53,"column":34}},"19":{"start":{"line":39,"column":13},"end":{"line":39,"column":34}},"20":{"start":{"line":64,"column":31},"end":{"line":82,"column":2}},"21":{"start":{"line":66,"column":16},"end":{"line":82,"column":2}},"22":{"start":{"line":67,"column":17},"end":{"line":67,"column":35}},"23":{"start":{"line":69,"column":2},"end":{"line":81,"column":3}},"24":{"start":{"line":70,"column":4},"end":{"line":70,"column":32}},"25":{"start":{"line":72,"column":19},"end":{"line":72,"column":41}},"26":{"start":{"line":74,"column":4},"end":{"line":74,"column":33}},"27":{"start":{"line":75,"column":4},"end":{"line":75,"column":18}},"28":{"start":{"line":77,"column":4},"end":{"line":77,"column":35}},"29":{"start":{"line":78,"column":4},"end":{"line":78,"column":16}},"30":{"start":{"line":80,"column":4},"end":{"line":80,"column":21}},"31":{"start":{"line":64,"column":13},"end":{"line":64,"column":31}}},"fnMap":{"0":{"name":"(anonymous_8)","decl":{"start":{"line":13,"column":34},"end":{"line":13,"column":null}},"loc":{"start":{"line":15,"column":16},"end":{"line":29,"column":2}}},"1":{"name":"(anonymous_9)","decl":{"start":{"line":15,"column":16},"end":{"line":15,"column":null}},"loc":{"start":{"line":15,"column":16},"end":{"line":29,"column":1}}},"2":{"name":"(anonymous_10)","decl":{"start":{"line":39,"column":34},"end":{"line":39,"column":null}},"loc":{"start":{"line":44,"column":16},"end":{"line":55,"column":2}}},"3":{"name":"(anonymous_11)","decl":{"start":{"line":44,"column":16},"end":{"line":44,"column":null}},"loc":{"start":{"line":44,"column":16},"end":{"line":55,"column":1}}},"4":{"name":"(anonymous_12)","decl":{"start":{"line":45,"column":28},"end":{"line":45,"column":35}},"loc":{"start":{"line":45,"column":45},"end":{"line":54,"column":4}}},"5":{"name":"(anonymous_13)","decl":{"start":{"line":45,"column":45},"end":{"line":45,"column":null}},"loc":{"start":{"line":45,"column":45},"end":{"line":54,"column":3}}},"6":{"name":"(anonymous_14)","decl":{"start":{"line":64,"column":31},"end":{"line":64,"column":null}},"loc":{"start":{"line":66,"column":16},"end":{"line":82,"column":2}}},"7":{"name":"(anonymous_15)","decl":{"start":{"line":66,"column":16},"end":{"line":66,"column":null}},"loc":{"start":{"line":66,"column":16},"end":{"line":82,"column":1}}}},"branchMap":{},"s":{"0":9,"1":9,"2":32,"3":32,"4":32,"5":32,"6":32,"7":26,"8":26,"9":6,"10":6,"11":32,"12":9,"13":9,"14":28,"15":28,"16":28,"17":28,"18":28,"19":9,"20":9,"21":28,"22":28,"23":28,"24":28,"25":28,"26":25,"27":25,"28":3,"29":3,"30":28,"31":9},"f":{"0":32,"1":32,"2":28,"3":28,"4":28,"5":28,"6":28,"7":28},"b":{}}
,"/Users/tward/Desktop/Coding/freelancing/nc/events-platform/utils/email.js": {"path":"/Users/tward/Desktop/Coding/freelancing/nc/events-platform/utils/email.js","statementMap":{"0":{"start":{"line":1,"column":15},"end":{"line":1,"column":40}},"1":{"start":{"line":8,"column":0},"end":{"line":8,"column":47}},"2":{"start":{"line":21,"column":37},"end":{"line":85,"column":1}},"3":{"start":{"line":29,"column":2},"end":{"line":84,"column":3}},"4":{"start":{"line":30,"column":16},"end":{"line":72,"column":5}},"5":{"start":{"line":75,"column":21},"end":{"line":75,"column":43}},"6":{"start":{"line":76,"column":24},"end":{"line":76,"column":128}},"7":{"start":{"line":77,"column":4},"end":{"line":77,"column":39}},"8":{"start":{"line":79,"column":24},"end":{"line":79,"column":106}},"9":{"start":{"line":80,"column":4},"end":{"line":82,"column":5}},"10":{"start":{"line":81,"column":26},"end":{"line":81,"column":97}},"11":{"start":{"line":83,"column":4},"end":{"line":83,"column":37}},"12":{"start":{"line":87,"column":0},"end":{"line":89,"column":2}},"13":{"start":{"line":96,"column":85},"end":{"line":96,"column":40285}},"14":{"start":{"line":96,"column":89},"end":{"line":96,"column":40274}}},"fnMap":{"0":{"name":"(anonymous_0)","decl":{"start":{"line":21,"column":37},"end":{"line":21,"column":38}},"loc":{"start":{"line":21,"column":55},"end":{"line":85,"column":1}},"line":21},"1":{"name":"oo_cm","decl":{"start":{"line":96,"column":77},"end":{"line":96,"column":82}},"loc":{"start":{"line":96,"column":84},"end":{"line":96,"column":40286}},"line":96}},"branchMap":{"0":{"loc":{"start":{"line":32,"column":12},"end":{"line":32,"column":76}},"type":"binary-expr","locations":[{"start":{"line":32,"column":12},"end":{"line":32,"column":43}},{"start":{"line":32,"column":47},"end":{"line":32,"column":76}}],"line":32},"1":{"loc":{"start":{"line":39,"column":8},"end":{"line":39,"column":40}},"type":"binary-expr","locations":[{"start":{"line":39,"column":8},"end":{"line":39,"column":28}},{"start":{"line":39,"column":32},"end":{"line":39,"column":40}}],"line":39},"2":{"loc":{"start":{"line":55,"column":14},"end":{"line":55,"column":46}},"type":"binary-expr","locations":[{"start":{"line":55,"column":14},"end":{"line":55,"column":34}},{"start":{"line":55,"column":38},"end":{"line":55,"column":46}}],"line":55},"3":{"loc":{"start":{"line":80,"column":4},"end":{"line":82,"column":5}},"type":"if","locations":[{"start":{"line":80,"column":4},"end":{"line":82,"column":5}},{"start":{},"end":{}}],"line":80},"4":{"loc":{"start":{"line":96,"column":96},"end":{"line":96,"column":40273}},"type":"binary-expr","locations":[{"start":{"line":96,"column":96},"end":{"line":96,"column":133}},{"start":{"line":96,"column":137},"end":{"line":96,"column":40273}}],"line":96}},"s":{"0":9,"1":9,"2":9,"3":3,"4":3,"5":3,"6":2,"7":2,"8":1,"9":1,"10":0,"11":1,"12":9,"13":3,"14":3},"f":{"0":3,"1":3},"b":{"0":[3,2],"1":[3,0],"2":[3,0],"3":[0,1],"4":[3,2]},"inputSourceMap":null,"_coverageSchema":"1a1c01bbd47fc00a2c39e90264f33305004495a9","hash":"5605853aced7c87a866ceb1bc6c5d73b22c73af5"}
,"/Users/tward/Desktop/Coding/freelancing/nc/events-platform/utils/error-handlers.ts": {"path":"/Users/tward/Desktop/Coding/freelancing/nc/events-platform/utils/error-handlers.ts","statementMap":{"0":{"start":{"line":8,"column":38},"end":{"line":29,"column":1}},"1":{"start":{"line":11,"column":24},"end":{"line":15,"column":41}},"2":{"start":{"line":13,"column":22},"end":{"line":13,"column":75}},"3":{"start":{"line":15,"column":20},"end":{"line":15,"column":40}},"4":{"start":{"line":17,"column":2},"end":{"line":26,"column":3}},"5":{"start":{"line":18,"column":4},"end":{"line":25,"column":6}},"6":{"start":{"line":28,"column":2},"end":{"line":28,"column":19}},"7":{"start":{"line":8,"column":13},"end":{"line":8,"column":38}},"8":{"start":{"line":38,"column":26},"end":{"line":47,"column":1}},"9":{"start":{"line":39,"column":16},"end":{"line":39,"column":26}},"10":{"start":{"line":40,"column":2},"end":{"line":45,"column":3}},"11":{"start":{"line":41,"column":4},"end":{"line":44,"column":6}},"12":{"start":{"line":46,"column":2},"end":{"line":46,"column":15}},"13":{"start":{"line":38,"column":13},"end":{"line":38,"column":26}}},"fnMap":{"0":{"name":"(anonymous_0)","decl":{"start":{"line":8,"column":38},"end":{"line":8,"column":null}},"loc":{"start":{"line":10,"column":26},"end":{"line":29,"column":1}}},"1":{"name":"(anonymous_1)","decl":{"start":{"line":13,"column":6},"end":{"line":13,"column":7}},"loc":{"start":{"line":13,"column":22},"end":{"line":13,"column":75}}},"2":{"name":"(anonymous_2)","decl":{"start":{"line":15,"column":9},"end":{"line":15,"column":10}},"loc":{"start":{"line":15,"column":20},"end":{"line":15,"column":40}}},"3":{"name":"(anonymous_3)","decl":{"start":{"line":38,"column":26},"end":{"line":38,"column":27}},"loc":{"start":{"line":38,"column":66},"end":{"line":47,"column":1}}}},"branchMap":{"0":{"loc":{"start":{"line":13,"column":22},"end":{"line":13,"column":75}},"type":"binary-expr","locations":[{"start":{"line":13,"column":22},"end":{"line":13,"column":41}},{"start":{"line":13,"column":45},"end":{"line":13,"column":59}},{"start":{"line":13,"column":63},"end":{"line":13,"column":75}}]},"1":{"loc":{"start":{"line":17,"column":2},"end":{"line":26,"column":3}},"type":"if","locations":[{"start":{"line":17,"column":2},"end":{"line":26,"column":3}}]},"2":{"loc":{"start":{"line":21,"column":8},"end":{"line":23,"column":37}},"type":"cond-expr","locations":[{"start":{"line":22,"column":12},"end":{"line":22,"column":28}},{"start":{"line":23,"column":12},"end":{"line":23,"column":37}}]},"3":{"loc":{"start":{"line":40,"column":2},"end":{"line":45,"column":3}},"type":"if","locations":[{"start":{"line":40,"column":2},"end":{"line":45,"column":3}}]},"4":{"loc":{"start":{"line":40,"column":6},"end":{"line":40,"column":32}},"type":"binary-expr","locations":[{"start":{"line":40,"column":6},"end":{"line":40,"column":18}},{"start":{"line":40,"column":22},"end":{"line":40,"column":32}}]}},"s":{"0":9,"1":9,"2":27,"3":3,"4":9,"5":1,"6":8,"7":9,"8":9,"9":30,"10":30,"11":0,"12":30,"13":9},"f":{"0":9,"1":27,"2":3,"3":30},"b":{"0":[27,24,24],"1":[1],"2":[0,1],"3":[0],"4":[30,30]}}
,"/Users/tward/Desktop/Coding/freelancing/nc/events-platform/utils/testHelpers.ts": {"path":"/Users/tward/Desktop/Coding/freelancing/nc/events-platform/utils/testHelpers.ts","statementMap":{"0":{"start":{"line":34,"column":0},"end":{"line":34,"column":16}},"1":{"start":{"line":55,"column":0},"end":{"line":55,"column":22}},"2":{"start":{"line":92,"column":0},"end":{"line":92,"column":22}},"3":{"start":{"line":108,"column":0},"end":{"line":108,"column":22}},"4":{"start":{"line":1,"column":0},"end":{"line":1,"column":31}},"5":{"start":{"line":2,"column":0},"end":{"line":2,"column":25}},"6":{"start":{"line":3,"column":0},"end":{"line":3,"column":32}},"7":{"start":{"line":7,"column":13},"end":{"line":29,"column":2}},"8":{"start":{"line":40,"column":21},"end":{"line":40,"column":64}},"9":{"start":{"line":42,"column":18},"end":{"line":47,"column":4}},"10":{"start":{"line":49,"column":2},"end":{"line":49,"column":60}},"11":{"start":{"line":55,"column":35},"end":{"line":87,"column":null}},"12":{"start":{"line":56,"column":15},"end":{"line":56,"column":62}},"13":{"start":{"line":58,"column":2},"end":{"line":61,"column":3}},"14":{"start":{"line":59,"column":24},"end":{"line":59,"column":130}},"15":{"start":{"line":60,"column":4},"end":{"line":60,"column":66}},"16":{"start":{"line":63,"column":2},"end":{"line":86,"column":3}},"17":{"start":{"line":65,"column":29},"end":{"line":68,"column":6}},"18":{"start":{"line":70,"column":21},"end":{"line":72,"column":29}},"19":{"start":{"line":75,"column":4},"end":{"line":79,"column":5}},"20":{"start":{"line":76,"column":6},"end":{"line":76,"column":44}},"21":{"start":{"line":77,"column":11},"end":{"line":79,"column":5}},"22":{"start":{"line":78,"column":6},"end":{"line":78,"column":39}},"23":{"start":{"line":82,"column":4},"end":{"line":82,"column":76}},"24":{"start":{"line":85,"column":4},"end":{"line":85,"column":76}},"25":{"start":{"line":93,"column":2},"end":{"line":102,"column":3}},"26":{"start":{"line":95,"column":6},"end":{"line":95,"column":38}},"27":{"start":{"line":97,"column":6},"end":{"line":97,"column":36}},"28":{"start":{"line":99,"column":6},"end":{"line":99,"column":40}},"29":{"start":{"line":101,"column":6},"end":{"line":101,"column":29}},"30":{"start":{"line":109,"column":2},"end":{"line":114,"column":null}},"31":{"start":{"line":112,"column":16},"end":{"line":112,"column":43}},"32":{"start":{"line":113,"column":2},"end":{"line":113,"column":57}},"33":{"start":{"line":121,"column":85},"end":{"line":121,"column":40285}},"34":{"start":{"line":121,"column":89},"end":{"line":121,"column":40274}},"35":{"start":{"line":121,"column":40400},"end":{"line":121,"column":40406}},"36":{"start":{"line":121,"column":40521},"end":{"line":121,"column":40527}},"37":{"start":{"line":121,"column":40642},"end":{"line":121,"column":40648}},"38":{"start":{"line":121,"column":40767},"end":{"line":121,"column":40773}},"39":{"start":{"line":121,"column":40917},"end":{"line":121,"column":40923}}},"fnMap":{"0":{"name":"generateTestToken","decl":{"start":{"line":34,"column":16},"end":{"line":34,"column":33}},"loc":{"start":{"line":38,"column":34},"end":{"line":50,"column":1}}},"1":{"name":"getAuthToken","decl":{"start":{"line":55,"column":22},"end":{"line":55,"column":34}},"loc":{"start":{"line":55,"column":34},"end":{"line":87,"column":null}}},"2":{"name":"(anonymous_10)","decl":{"start":{"line":55,"column":35},"end":{"line":55,"column":43}},"loc":{"start":{"line":55,"column":56},"end":{"line":87,"column":1}}},"3":{"name":"getTokenForRole","decl":{"start":{"line":92,"column":22},"end":{"line":92,"column":37}},"loc":{"start":{"line":92,"column":56},"end":{"line":103,"column":null}}},"4":{"name":"authorizeRequest","decl":{"start":{"line":108,"column":22},"end":{"line":108,"column":38}},"loc":{"start":{"line":108,"column":38},"end":{"line":114,"column":null}}},"5":{"name":"(anonymous_14)","decl":{"start":{"line":109,"column":2},"end":{"line":109,"column":14}},"loc":{"start":{"line":110,"column":35},"end":{"line":114,"column":1}}},"6":{"name":"oo_cm","decl":{"start":{"line":121,"column":77},"end":{"line":121,"column":82}},"loc":{"start":{"line":121,"column":82},"end":{"line":121,"column":40286}}}},"branchMap":{"0":{"loc":{"start":{"line":38,"column":2},"end":{"line":38,"column":34}},"type":"default-arg","locations":[{"start":{"line":38,"column":30},"end":{"line":38,"column":34}}]},"1":{"loc":{"start":{"line":40,"column":21},"end":{"line":40,"column":64}},"type":"binary-expr","locations":[{"start":{"line":40,"column":21},"end":{"line":40,"column":43}},{"start":{"line":40,"column":47},"end":{"line":40,"column":64}}]},"2":{"loc":{"start":{"line":55,"column":35},"end":{"line":55,"column":56}},"type":"default-arg","locations":[{"start":{"line":55,"column":46},"end":{"line":55,"column":56}}]},"3":{"loc":{"start":{"line":58,"column":2},"end":{"line":61,"column":3}},"type":"if","locations":[{"start":{"line":58,"column":2},"end":{"line":61,"column":3}}]},"4":{"loc":{"start":{"line":75,"column":4},"end":{"line":79,"column":5}},"type":"if","locations":[{"start":{"line":75,"column":4},"end":{"line":79,"column":5}},{"start":{"line":77,"column":11},"end":{"line":79,"column":5}}]},"5":{"loc":{"start":{"line":75,"column":8},"end":{"line":75,"column":40}},"type":"cond-expr","locations":[{"start":{"line":75,"column":27},"end":{"line":75,"column":29}},{"start":{"line":75,"column":27},"end":{"line":75,"column":40}}]},"6":{"loc":{"start":{"line":75,"column":8},"end":{"line":75,"column":29}},"type":"binary-expr","locations":[{"start":{"line":75,"column":8},"end":{"line":75,"column":29}},{"start":{"line":75,"column":27},"end":{"line":75,"column":29}}]},"7":{"loc":{"start":{"line":75,"column":8},"end":{"line":75,"column":27}},"type":"cond-expr","locations":[{"start":{"line":75,"column":21},"end":{"line":75,"column":23}},{"start":{"line":75,"column":21},"end":{"line":75,"column":27}}]},"8":{"loc":{"start":{"line":75,"column":8},"end":{"line":75,"column":23}},"type":"binary-expr","locations":[{"start":{"line":75,"column":8},"end":{"line":75,"column":23}},{"start":{"line":75,"column":21},"end":{"line":75,"column":23}}]},"9":{"loc":{"start":{"line":77,"column":11},"end":{"line":79,"column":5}},"type":"if","locations":[{"start":{"line":77,"column":11},"end":{"line":79,"column":5}}]},"10":{"loc":{"start":{"line":77,"column":15},"end":{"line":77,"column":41}},"type":"cond-expr","locations":[{"start":{"line":77,"column":28},"end":{"line":77,"column":30}},{"start":{"line":77,"column":28},"end":{"line":77,"column":41}}]},"11":{"loc":{"start":{"line":77,"column":15},"end":{"line":77,"column":30}},"type":"binary-expr","locations":[{"start":{"line":77,"column":15},"end":{"line":77,"column":30}},{"start":{"line":77,"column":28},"end":{"line":77,"column":30}}]},"12":{"loc":{"start":{"line":93,"column":2},"end":{"line":102,"column":3}},"type":"switch","locations":[{"start":{"line":94,"column":4},"end":{"line":95,"column":38}},{"start":{"line":96,"column":4},"end":{"line":97,"column":36}},{"start":{"line":98,"column":4},"end":{"line":99,"column":40}},{"start":{"line":100,"column":4},"end":{"line":101,"column":29}}]},"13":{"loc":{"start":{"line":110,"column":2},"end":{"line":110,"column":35}},"type":"default-arg","locations":[{"start":{"line":110,"column":23},"end":{"line":110,"column":35}}]},"14":{"loc":{"start":{"line":121,"column":96},"end":{"line":121,"column":40273}},"type":"binary-expr","locations":[{"start":{"line":121,"column":96},"end":{"line":121,"column":133}},{"start":{"line":121,"column":137},"end":{"line":121,"column":40273}}]}},"s":{"0":7,"1":7,"2":7,"3":7,"4":7,"5":7,"6":7,"7":7,"8":9,"9":9,"10":9,"11":184,"12":184,"13":184,"14":0,"15":0,"16":184,"17":184,"18":184,"19":184,"20":184,"21":0,"22":0,"23":0,"24":0,"25":103,"26":58,"27":18,"28":27,"29":0,"30":2,"31":2,"32":2,"33":0,"34":0,"35":7,"36":7,"37":7,"38":7,"39":7},"f":{"0":9,"1":184,"2":184,"3":103,"4":2,"5":2,"6":0},"b":{"0":[1],"1":[9,0],"2":[80],"3":[0],"4":[184,0],"5":[0,184],"6":[184,184],"7":[0,184],"8":[184,184],"9":[0],"10":[0,0],"11":[0,0],"12":[58,18,27,0],"13":[0],"14":[0,0]}}
}
