{"/Users/tward/Desktop/Coding/freelancing/nc/events-platform/app.ts": {"path":"/Users/tward/Desktop/Coding/freelancing/nc/events-platform/app.ts","statementMap":{"0":{"start":{"line":1,"column":0},"end":{"line":1,"column":53}},"1":{"start":{"line":2,"column":0},"end":{"line":2,"column":24}},"2":{"start":{"line":3,"column":0},"end":{"line":3,"column":44}},"3":{"start":{"line":4,"column":0},"end":{"line":4,"column":null}},"4":{"start":{"line":11,"column":12},"end":{"line":11,"column":21}},"5":{"start":{"line":13,"column":0},"end":{"line":13,"column":16}},"6":{"start":{"line":14,"column":0},"end":{"line":14,"column":24}},"7":{"start":{"line":16,"column":0},"end":{"line":18,"column":3}},"8":{"start":{"line":17,"column":2},"end":{"line":17,"column":65}},"9":{"start":{"line":20,"column":0},"end":{"line":20,"column":27}},"10":{"start":{"line":23,"column":0},"end":{"line":23,"column":26}},"11":{"start":{"line":24,"column":0},"end":{"line":24,"column":28}},"12":{"start":{"line":25,"column":0},"end":{"line":25,"column":28}},"13":{"start":{"line":28,"column":0},"end":{"line":30,"column":3}},"14":{"start":{"line":29,"column":2},"end":{"line":29,"column":51}},"15":{"start":{"line":32,"column":0},"end":{"line":32,"column":19}}},"fnMap":{"0":{"name":"(anonymous_1)","decl":{"start":{"line":16,"column":13},"end":{"line":16,"column":14}},"loc":{"start":{"line":16,"column":45},"end":{"line":18,"column":1}}},"1":{"name":"(anonymous_2)","decl":{"start":{"line":28,"column":8},"end":{"line":28,"column":9}},"loc":{"start":{"line":28,"column":40},"end":{"line":30,"column":1}}}},"branchMap":{},"s":{"0":1,"1":1,"2":1,"3":1,"4":1,"5":1,"6":1,"7":1,"8":1,"9":1,"10":1,"11":1,"12":1,"13":1,"14":0,"15":1},"f":{"0":1,"1":0},"b":{}}
,"/Users/tward/Desktop/Coding/freelancing/nc/events-platform/controllers/auth-controller.ts": {"path":"/Users/tward/Desktop/Coding/freelancing/nc/events-platform/controllers/auth-controller.ts","statementMap":{"0":{"start":{"line":2,"column":0},"end":{"line":2,"column":31}},"1":{"start":{"line":3,"column":0},"end":{"line":3,"column":32}},"2":{"start":{"line":4,"column":0},"end":{"line":4,"column":null}},"3":{"start":{"line":9,"column":0},"end":{"line":9,"column":null}},"4":{"start":{"line":14,"column":0},"end":{"line":14,"column":66}},"5":{"start":{"line":18,"column":19},"end":{"line":18,"column":62}},"6":{"start":{"line":20,"column":2},"end":{"line":20,"column":61}},"7":{"start":{"line":21,"column":28},"end":{"line":21,"column":68}},"8":{"start":{"line":22,"column":29},"end":{"line":22,"column":69}},"9":{"start":{"line":25,"column":23},"end":{"line":92,"column":2}},"10":{"start":{"line":25,"column":44},"end":{"line":92,"column":2}},"11":{"start":{"line":27,"column":21},"end":{"line":27,"column":70}},"12":{"start":{"line":30,"column":18},"end":{"line":37,"column":4}},"13":{"start":{"line":40,"column":22},"end":{"line":46,"column":null}},"14":{"start":{"line":50,"column":23},"end":{"line":61,"column":null}},"15":{"start":{"line":66,"column":2},"end":{"line":83,"column":3}},"16":{"start":{"line":68,"column":4},"end":{"line":80,"column":5}},"17":{"start":{"line":70,"column":6},"end":{"line":70,"column":75}},"18":{"start":{"line":71,"column":11},"end":{"line":80,"column":5}},"19":{"start":{"line":73,"column":6},"end":{"line":73,"column":70}},"20":{"start":{"line":74,"column":11},"end":{"line":80,"column":5}},"21":{"start":{"line":76,"column":6},"end":{"line":76,"column":65}},"22":{"start":{"line":79,"column":6},"end":{"line":79,"column":80}},"23":{"start":{"line":82,"column":4},"end":{"line":82,"column":44}},"24":{"start":{"line":85,"column":20},"end":{"line":85,"column":30}},"25":{"start":{"line":86,"column":2},"end":{"line":86,"column":70}},"26":{"start":{"line":89,"column":2},"end":{"line":89,"column":79}},"27":{"start":{"line":91,"column":2},"end":{"line":91,"column":39}},"28":{"start":{"line":95,"column":24},"end":{"line":161,"column":2}},"29":{"start":{"line":99,"column":4},"end":{"line":161,"column":2}},"30":{"start":{"line":100,"column":2},"end":{"line":160,"column":3}},"31":{"start":{"line":101,"column":42},"end":{"line":101,"column":50}},"32":{"start":{"line":104,"column":4},"end":{"line":116,"column":5}},"33":{"start":{"line":105,"column":31},"end":{"line":105,"column":67}},"34":{"start":{"line":107,"column":6},"end":{"line":110,"column":9}},"35":{"start":{"line":113,"column":6},"end":{"line":115,"column":7}},"36":{"start":{"line":114,"column":8},"end":{"line":114,"column":35}},"37":{"start":{"line":118,"column":4},"end":{"line":130,"column":5}},"38":{"start":{"line":119,"column":28},"end":{"line":119,"column":58}},"39":{"start":{"line":121,"column":6},"end":{"line":124,"column":9}},"40":{"start":{"line":127,"column":6},"end":{"line":129,"column":7}},"41":{"start":{"line":128,"column":8},"end":{"line":128,"column":32}},"42":{"start":{"line":133,"column":23},"end":{"line":133,"column":25}},"43":{"start":{"line":134,"column":25},"end":{"line":134,"column":66}},"44":{"start":{"line":137,"column":20},"end":{"line":137,"column":67}},"45":{"start":{"line":141,"column":19},"end":{"line":141,"column":34}},"46":{"start":{"line":144,"column":42},"end":{"line":144,"column":70}},"47":{"start":{"line":146,"column":4},"end":{"line":157,"column":7}},"48":{"start":{"line":159,"column":4},"end":{"line":159,"column":16}},"49":{"start":{"line":95,"column":13},"end":{"line":95,"column":24}},"50":{"start":{"line":164,"column":21},"end":{"line":227,"column":2}},"51":{"start":{"line":168,"column":4},"end":{"line":227,"column":2}},"52":{"start":{"line":169,"column":2},"end":{"line":226,"column":3}},"53":{"start":{"line":170,"column":35},"end":{"line":170,"column":43}},"54":{"start":{"line":173,"column":4},"end":{"line":223,"column":5}},"55":{"start":{"line":174,"column":19},"end":{"line":174,"column":55}},"56":{"start":{"line":177,"column":6},"end":{"line":182,"column":7}},"57":{"start":{"line":178,"column":8},"end":{"line":181,"column":11}},"58":{"start":{"line":185,"column":30},"end":{"line":187,"column":null}},"59":{"start":{"line":189,"column":6},"end":{"line":194,"column":7}},"60":{"start":{"line":190,"column":8},"end":{"line":193,"column":11}},"61":{"start":{"line":197,"column":21},"end":{"line":197,"column":33}},"62":{"start":{"line":200,"column":44},"end":{"line":200,"column":72}},"63":{"start":{"line":202,"column":6},"end":{"line":213,"column":9}},"64":{"start":{"line":216,"column":6},"end":{"line":221,"column":7}},"65":{"start":{"line":217,"column":8},"end":{"line":220,"column":11}},"66":{"start":{"line":222,"column":6},"end":{"line":222,"column":18}},"67":{"start":{"line":225,"column":4},"end":{"line":225,"column":16}},"68":{"start":{"line":164,"column":13},"end":{"line":164,"column":21}},"69":{"start":{"line":230,"column":28},"end":{"line":295,"column":2}},"70":{"start":{"line":234,"column":4},"end":{"line":295,"column":2}},"71":{"start":{"line":235,"column":2},"end":{"line":294,"column":3}},"72":{"start":{"line":236,"column":29},"end":{"line":236,"column":37}},"73":{"start":{"line":238,"column":4},"end":{"line":243,"column":5}},"74":{"start":{"line":239,"column":6},"end":{"line":242,"column":9}},"75":{"start":{"line":246,"column":20},"end":{"line":246,"column":64}},"76":{"start":{"line":247,"column":4},"end":{"line":252,"column":5}},"77":{"start":{"line":248,"column":6},"end":{"line":251,"column":9}},"78":{"start":{"line":255,"column":4},"end":{"line":291,"column":5}},"79":{"start":{"line":256,"column":22},"end":{"line":258,"column":null}},"80":{"start":{"line":265,"column":27},"end":{"line":272,"column":8}},"81":{"start":{"line":274,"column":21},"end":{"line":274,"column":49}},"82":{"start":{"line":277,"column":6},"end":{"line":277,"column":54}},"83":{"start":{"line":279,"column":6},"end":{"line":282,"column":9}},"84":{"start":{"line":285,"column":6},"end":{"line":285,"column":54}},"85":{"start":{"line":287,"column":6},"end":{"line":290,"column":9}},"86":{"start":{"line":293,"column":4},"end":{"line":293,"column":16}},"87":{"start":{"line":230,"column":13},"end":{"line":230,"column":28}},"88":{"start":{"line":298,"column":22},"end":{"line":323,"column":2}},"89":{"start":{"line":302,"column":4},"end":{"line":323,"column":2}},"90":{"start":{"line":303,"column":2},"end":{"line":322,"column":3}},"91":{"start":{"line":304,"column":29},"end":{"line":304,"column":37}},"92":{"start":{"line":306,"column":4},"end":{"line":311,"column":5}},"93":{"start":{"line":307,"column":6},"end":{"line":310,"column":9}},"94":{"start":{"line":314,"column":4},"end":{"line":314,"column":52}},"95":{"start":{"line":316,"column":4},"end":{"line":319,"column":7}},"96":{"start":{"line":321,"column":4},"end":{"line":321,"column":16}},"97":{"start":{"line":298,"column":13},"end":{"line":298,"column":22}}},"fnMap":{"0":{"name":"(anonymous_8)","decl":{"start":{"line":25,"column":23},"end":{"line":25,"column":30}},"loc":{"start":{"line":25,"column":44},"end":{"line":92,"column":2}}},"1":{"name":"(anonymous_9)","decl":{"start":{"line":25,"column":44},"end":{"line":25,"column":null}},"loc":{"start":{"line":25,"column":44},"end":{"line":92,"column":1}}},"2":{"name":"(anonymous_10)","decl":{"start":{"line":95,"column":24},"end":{"line":95,"column":null}},"loc":{"start":{"line":99,"column":4},"end":{"line":161,"column":2}}},"3":{"name":"(anonymous_11)","decl":{"start":{"line":99,"column":4},"end":{"line":99,"column":null}},"loc":{"start":{"line":99,"column":4},"end":{"line":161,"column":1}}},"4":{"name":"(anonymous_12)","decl":{"start":{"line":164,"column":21},"end":{"line":164,"column":null}},"loc":{"start":{"line":168,"column":4},"end":{"line":227,"column":2}}},"5":{"name":"(anonymous_13)","decl":{"start":{"line":168,"column":4},"end":{"line":168,"column":null}},"loc":{"start":{"line":168,"column":4},"end":{"line":227,"column":1}}},"6":{"name":"(anonymous_14)","decl":{"start":{"line":230,"column":28},"end":{"line":230,"column":null}},"loc":{"start":{"line":234,"column":4},"end":{"line":295,"column":2}}},"7":{"name":"(anonymous_15)","decl":{"start":{"line":234,"column":4},"end":{"line":234,"column":null}},"loc":{"start":{"line":234,"column":4},"end":{"line":295,"column":1}}},"8":{"name":"(anonymous_16)","decl":{"start":{"line":298,"column":22},"end":{"line":298,"column":null}},"loc":{"start":{"line":302,"column":4},"end":{"line":323,"column":2}}},"9":{"name":"(anonymous_17)","decl":{"start":{"line":302,"column":4},"end":{"line":302,"column":null}},"loc":{"start":{"line":302,"column":4},"end":{"line":323,"column":1}}}},"branchMap":{"0":{"loc":{"start":{"line":18,"column":19},"end":{"line":18,"column":62}},"type":"binary-expr","locations":[{"start":{"line":18,"column":19},"end":{"line":18,"column":41}},{"start":{"line":18,"column":45},"end":{"line":18,"column":62}}]},"1":{"loc":{"start":{"line":20,"column":2},"end":{"line":20,"column":61}},"type":"binary-expr","locations":[{"start":{"line":20,"column":2},"end":{"line":20,"column":32}},{"start":{"line":20,"column":36},"end":{"line":20,"column":61}}]},"2":{"loc":{"start":{"line":21,"column":28},"end":{"line":21,"column":68}},"type":"binary-expr","locations":[{"start":{"line":21,"column":28},"end":{"line":21,"column":59}},{"start":{"line":21,"column":63},"end":{"line":21,"column":68}}]},"3":{"loc":{"start":{"line":22,"column":29},"end":{"line":22,"column":69}},"type":"binary-expr","locations":[{"start":{"line":22,"column":29},"end":{"line":22,"column":61}},{"start":{"line":22,"column":65},"end":{"line":22,"column":69}}]},"4":{"loc":{"start":{"line":34,"column":10},"end":{"line":34,"column":45}},"type":"cond-expr","locations":[{"start":{"line":34,"column":23},"end":{"line":34,"column":38}},{"start":{"line":34,"column":41},"end":{"line":34,"column":45}}]},"5":{"loc":{"start":{"line":66,"column":2},"end":{"line":83,"column":3}},"type":"if","locations":[{"start":{"line":66,"column":2},"end":{"line":83,"column":3}},{"start":{"line":81,"column":9},"end":{"line":83,"column":3}}]},"6":{"loc":{"start":{"line":68,"column":4},"end":{"line":80,"column":5}},"type":"if","locations":[{"start":{"line":68,"column":4},"end":{"line":80,"column":5}},{"start":{"line":71,"column":11},"end":{"line":80,"column":5}}]},"7":{"loc":{"start":{"line":71,"column":11},"end":{"line":80,"column":5}},"type":"if","locations":[{"start":{"line":71,"column":11},"end":{"line":80,"column":5}},{"start":{"line":74,"column":11},"end":{"line":80,"column":5}}]},"8":{"loc":{"start":{"line":74,"column":11},"end":{"line":80,"column":5}},"type":"if","locations":[{"start":{"line":74,"column":11},"end":{"line":80,"column":5}},{"start":{"line":77,"column":11},"end":{"line":80,"column":5}}]},"9":{"loc":{"start":{"line":79,"column":29},"end":{"line":79,"column":79}},"type":"binary-expr","locations":[{"start":{"line":79,"column":29},"end":{"line":79,"column":59}},{"start":{"line":79,"column":63},"end":{"line":79,"column":79}}]},"10":{"loc":{"start":{"line":113,"column":6},"end":{"line":115,"column":7}},"type":"if","locations":[{"start":{"line":113,"column":6},"end":{"line":115,"column":7}}]},"11":{"loc":{"start":{"line":127,"column":6},"end":{"line":129,"column":7}},"type":"if","locations":[{"start":{"line":127,"column":6},"end":{"line":129,"column":7}}]},"12":{"loc":{"start":{"line":177,"column":6},"end":{"line":182,"column":7}},"type":"if","locations":[{"start":{"line":177,"column":6},"end":{"line":182,"column":7}}]},"13":{"loc":{"start":{"line":189,"column":6},"end":{"line":194,"column":7}},"type":"if","locations":[{"start":{"line":189,"column":6},"end":{"line":194,"column":7}}]},"14":{"loc":{"start":{"line":216,"column":6},"end":{"line":221,"column":7}},"type":"if","locations":[{"start":{"line":216,"column":6},"end":{"line":221,"column":7}}]},"15":{"loc":{"start":{"line":238,"column":4},"end":{"line":243,"column":5}},"type":"if","locations":[{"start":{"line":238,"column":4},"end":{"line":243,"column":5}}]},"16":{"loc":{"start":{"line":247,"column":4},"end":{"line":252,"column":5}},"type":"if","locations":[{"start":{"line":247,"column":4},"end":{"line":252,"column":5}}]},"17":{"loc":{"start":{"line":306,"column":4},"end":{"line":311,"column":5}},"type":"if","locations":[{"start":{"line":306,"column":4},"end":{"line":311,"column":5}}]}},"s":{"0":1,"1":1,"2":1,"3":1,"4":1,"5":1,"6":1,"7":1,"8":1,"9":1,"10":19,"11":19,"12":19,"13":19,"14":19,"15":19,"16":19,"17":19,"18":0,"19":0,"20":0,"21":0,"22":0,"23":0,"24":19,"25":19,"26":19,"27":19,"28":1,"29":7,"30":7,"31":7,"32":7,"33":7,"34":2,"35":5,"36":0,"37":5,"38":5,"39":1,"40":4,"41":0,"42":4,"43":4,"44":4,"45":4,"46":4,"47":4,"48":0,"49":1,"50":1,"51":16,"52":16,"53":16,"54":16,"55":16,"56":15,"57":0,"58":15,"59":15,"60":1,"61":14,"62":14,"63":14,"64":1,"65":1,"66":0,"67":0,"68":1,"69":1,"70":4,"71":4,"72":4,"73":4,"74":0,"75":4,"76":4,"77":3,"78":1,"79":1,"80":1,"81":1,"82":1,"83":1,"84":0,"85":0,"86":0,"87":1,"88":1,"89":2,"90":2,"91":2,"92":2,"93":0,"94":2,"95":2,"96":0,"97":1},"f":{"0":19,"1":19,"2":7,"3":7,"4":16,"5":16,"6":4,"7":4,"8":2,"9":2},"b":{"0":[1,0],"1":[1,1],"2":[1,1],"3":[1,1],"4":[13,6],"5":[19,0],"6":[19,0],"7":[0,0],"8":[0,0],"9":[0,0],"10":[0],"11":[0],"12":[0],"13":[1],"14":[1],"15":[0],"16":[3],"17":[0]}}
,"/Users/tward/Desktop/Coding/freelancing/nc/events-platform/controllers/events-controller.ts": {"path":"/Users/tward/Desktop/Coding/freelancing/nc/events-platform/controllers/events-controller.ts","statementMap":{"0":{"start":{"line":2,"column":0},"end":{"line":2,"column":null}},"1":{"start":{"line":16,"column":25},"end":{"line":27,"column":2}},"2":{"start":{"line":20,"column":4},"end":{"line":27,"column":2}},"3":{"start":{"line":21,"column":2},"end":{"line":26,"column":3}},"4":{"start":{"line":22,"column":19},"end":{"line":22,"column":39}},"5":{"start":{"line":23,"column":4},"end":{"line":23,"column":37}},"6":{"start":{"line":25,"column":4},"end":{"line":25,"column":14}},"7":{"start":{"line":16,"column":13},"end":{"line":16,"column":25}},"8":{"start":{"line":29,"column":28},"end":{"line":41,"column":2}},"9":{"start":{"line":33,"column":4},"end":{"line":41,"column":2}},"10":{"start":{"line":34,"column":17},"end":{"line":34,"column":27}},"11":{"start":{"line":35,"column":2},"end":{"line":40,"column":3}},"12":{"start":{"line":36,"column":18},"end":{"line":36,"column":51}},"13":{"start":{"line":37,"column":4},"end":{"line":37,"column":36}},"14":{"start":{"line":39,"column":4},"end":{"line":39,"column":14}},"15":{"start":{"line":29,"column":13},"end":{"line":29,"column":28}},"16":{"start":{"line":43,"column":27},"end":{"line":113,"column":2}},"17":{"start":{"line":47,"column":4},"end":{"line":113,"column":2}},"18":{"start":{"line":61,"column":6},"end":{"line":61,"column":14}},"19":{"start":{"line":64,"column":17},"end":{"line":64,"column":19}},"20":{"start":{"line":65,"column":2},"end":{"line":67,"column":3}},"21":{"start":{"line":66,"column":4},"end":{"line":66,"column":43}},"22":{"start":{"line":69,"column":2},"end":{"line":71,"column":3}},"23":{"start":{"line":70,"column":4},"end":{"line":70,"column":42}},"24":{"start":{"line":73,"column":2},"end":{"line":75,"column":3}},"25":{"start":{"line":74,"column":4},"end":{"line":74,"column":40}},"26":{"start":{"line":78,"column":2},"end":{"line":80,"column":3}},"27":{"start":{"line":79,"column":4},"end":{"line":79,"column":53}},"28":{"start":{"line":82,"column":2},"end":{"line":88,"column":3}},"29":{"start":{"line":83,"column":4},"end":{"line":87,"column":7}},"30":{"start":{"line":90,"column":2},"end":{"line":112,"column":3}},"31":{"start":{"line":91,"column":24},"end":{"line":91,"column":41}},"32":{"start":{"line":92,"column":26},"end":{"line":92,"column":68}},"33":{"start":{"line":94,"column":21},"end":{"line":106,"column":null}},"34":{"start":{"line":109,"column":4},"end":{"line":109,"column":46}},"35":{"start":{"line":111,"column":4},"end":{"line":111,"column":14}},"36":{"start":{"line":43,"column":13},"end":{"line":43,"column":27}},"37":{"start":{"line":115,"column":27},"end":{"line":153,"column":2}},"38":{"start":{"line":119,"column":4},"end":{"line":153,"column":2}},"39":{"start":{"line":120,"column":17},"end":{"line":120,"column":27}},"40":{"start":{"line":121,"column":21},"end":{"line":121,"column":29}},"41":{"start":{"line":124,"column":2},"end":{"line":133,"column":3}},"42":{"start":{"line":129,"column":4},"end":{"line":132,"column":7}},"43":{"start":{"line":135,"column":2},"end":{"line":152,"column":3}},"44":{"start":{"line":137,"column":4},"end":{"line":137,"column":76}},"45":{"start":{"line":137,"column":28},"end":{"line":137,"column":76}},"46":{"start":{"line":138,"column":4},"end":{"line":139,"column":60}},"47":{"start":{"line":139,"column":6},"end":{"line":139,"column":60}},"48":{"start":{"line":140,"column":4},"end":{"line":141,"column":66}},"49":{"start":{"line":141,"column":6},"end":{"line":141,"column":66}},"50":{"start":{"line":142,"column":4},"end":{"line":142,"column":70}},"51":{"start":{"line":142,"column":26},"end":{"line":142,"column":70}},"52":{"start":{"line":143,"column":4},"end":{"line":144,"column":62}},"53":{"start":{"line":144,"column":6},"end":{"line":144,"column":62}},"54":{"start":{"line":145,"column":4},"end":{"line":146,"column":58}},"55":{"start":{"line":146,"column":6},"end":{"line":146,"column":58}},"56":{"start":{"line":148,"column":25},"end":{"line":148,"column":70}},"57":{"start":{"line":149,"column":4},"end":{"line":149,"column":50}},"58":{"start":{"line":151,"column":4},"end":{"line":151,"column":14}},"59":{"start":{"line":115,"column":13},"end":{"line":115,"column":27}},"60":{"start":{"line":155,"column":27},"end":{"line":167,"column":2}},"61":{"start":{"line":159,"column":4},"end":{"line":167,"column":2}},"62":{"start":{"line":160,"column":17},"end":{"line":160,"column":27}},"63":{"start":{"line":161,"column":2},"end":{"line":166,"column":3}},"64":{"start":{"line":162,"column":4},"end":{"line":162,"column":38}},"65":{"start":{"line":163,"column":4},"end":{"line":163,"column":27}},"66":{"start":{"line":165,"column":4},"end":{"line":165,"column":14}},"67":{"start":{"line":155,"column":13},"end":{"line":155,"column":27}},"68":{"start":{"line":169,"column":37},"end":{"line":181,"column":2}},"69":{"start":{"line":173,"column":4},"end":{"line":181,"column":2}},"70":{"start":{"line":174,"column":17},"end":{"line":174,"column":27}},"71":{"start":{"line":175,"column":2},"end":{"line":180,"column":3}},"72":{"start":{"line":176,"column":26},"end":{"line":176,"column":77}},"73":{"start":{"line":177,"column":4},"end":{"line":177,"column":44}},"74":{"start":{"line":179,"column":4},"end":{"line":179,"column":14}},"75":{"start":{"line":169,"column":13},"end":{"line":169,"column":37}},"76":{"start":{"line":183,"column":33},"end":{"line":195,"column":2}},"77":{"start":{"line":187,"column":4},"end":{"line":195,"column":2}},"78":{"start":{"line":188,"column":2},"end":{"line":194,"column":3}},"79":{"start":{"line":189,"column":18},"end":{"line":189,"column":64}},"80":{"start":{"line":190,"column":19},"end":{"line":190,"column":52}},"81":{"start":{"line":191,"column":4},"end":{"line":191,"column":37}},"82":{"start":{"line":193,"column":4},"end":{"line":193,"column":14}},"83":{"start":{"line":183,"column":13},"end":{"line":183,"column":33}},"84":{"start":{"line":197,"column":33},"end":{"line":209,"column":2}},"85":{"start":{"line":201,"column":4},"end":{"line":209,"column":2}},"86":{"start":{"line":202,"column":21},"end":{"line":202,"column":31}},"87":{"start":{"line":203,"column":2},"end":{"line":208,"column":3}},"88":{"start":{"line":204,"column":19},"end":{"line":204,"column":61}},"89":{"start":{"line":205,"column":4},"end":{"line":205,"column":37}},"90":{"start":{"line":207,"column":4},"end":{"line":207,"column":14}},"91":{"start":{"line":197,"column":13},"end":{"line":197,"column":33}},"92":{"start":{"line":212,"column":32},"end":{"line":239,"column":2}},"93":{"start":{"line":216,"column":4},"end":{"line":239,"column":2}},"94":{"start":{"line":217,"column":2},"end":{"line":238,"column":3}},"95":{"start":{"line":218,"column":24},"end":{"line":218,"column":34}},"96":{"start":{"line":219,"column":23},"end":{"line":219,"column":31}},"97":{"start":{"line":221,"column":4},"end":{"line":223,"column":5}},"98":{"start":{"line":222,"column":6},"end":{"line":222,"column":66}},"99":{"start":{"line":225,"column":25},"end":{"line":227,"column":null}},"100":{"start":{"line":230,"column":4},"end":{"line":235,"column":7}},"101":{"start":{"line":237,"column":4},"end":{"line":237,"column":16}},"102":{"start":{"line":212,"column":13},"end":{"line":212,"column":32}},"103":{"start":{"line":242,"column":39},"end":{"line":261,"column":2}},"104":{"start":{"line":246,"column":4},"end":{"line":261,"column":2}},"105":{"start":{"line":247,"column":2},"end":{"line":260,"column":3}},"106":{"start":{"line":248,"column":31},"end":{"line":248,"column":41}},"107":{"start":{"line":250,"column":34},"end":{"line":251,"column":null}},"108":{"start":{"line":254,"column":4},"end":{"line":257,"column":7}},"109":{"start":{"line":259,"column":4},"end":{"line":259,"column":16}},"110":{"start":{"line":242,"column":13},"end":{"line":242,"column":39}},"111":{"start":{"line":264,"column":50},"end":{"line":281,"column":2}},"112":{"start":{"line":268,"column":4},"end":{"line":281,"column":2}},"113":{"start":{"line":269,"column":2},"end":{"line":280,"column":3}},"114":{"start":{"line":270,"column":24},"end":{"line":270,"column":34}},"115":{"start":{"line":272,"column":25},"end":{"line":272,"column":70}},"116":{"start":{"line":274,"column":4},"end":{"line":277,"column":7}},"117":{"start":{"line":279,"column":4},"end":{"line":279,"column":16}},"118":{"start":{"line":264,"column":13},"end":{"line":264,"column":50}}},"fnMap":{"0":{"name":"(anonymous_7)","decl":{"start":{"line":16,"column":25},"end":{"line":16,"column":null}},"loc":{"start":{"line":20,"column":4},"end":{"line":27,"column":2}}},"1":{"name":"(anonymous_8)","decl":{"start":{"line":20,"column":4},"end":{"line":20,"column":null}},"loc":{"start":{"line":20,"column":4},"end":{"line":27,"column":1}}},"2":{"name":"(anonymous_9)","decl":{"start":{"line":29,"column":28},"end":{"line":29,"column":null}},"loc":{"start":{"line":33,"column":4},"end":{"line":41,"column":2}}},"3":{"name":"(anonymous_10)","decl":{"start":{"line":33,"column":4},"end":{"line":33,"column":null}},"loc":{"start":{"line":33,"column":4},"end":{"line":41,"column":1}}},"4":{"name":"(anonymous_11)","decl":{"start":{"line":43,"column":27},"end":{"line":43,"column":null}},"loc":{"start":{"line":47,"column":4},"end":{"line":113,"column":2}}},"5":{"name":"(anonymous_12)","decl":{"start":{"line":47,"column":4},"end":{"line":47,"column":null}},"loc":{"start":{"line":47,"column":4},"end":{"line":113,"column":1}}},"6":{"name":"(anonymous_13)","decl":{"start":{"line":115,"column":27},"end":{"line":115,"column":null}},"loc":{"start":{"line":119,"column":4},"end":{"line":153,"column":2}}},"7":{"name":"(anonymous_14)","decl":{"start":{"line":119,"column":4},"end":{"line":119,"column":null}},"loc":{"start":{"line":119,"column":4},"end":{"line":153,"column":1}}},"8":{"name":"(anonymous_15)","decl":{"start":{"line":155,"column":27},"end":{"line":155,"column":null}},"loc":{"start":{"line":159,"column":4},"end":{"line":167,"column":2}}},"9":{"name":"(anonymous_16)","decl":{"start":{"line":159,"column":4},"end":{"line":159,"column":null}},"loc":{"start":{"line":159,"column":4},"end":{"line":167,"column":1}}},"10":{"name":"(anonymous_17)","decl":{"start":{"line":169,"column":37},"end":{"line":169,"column":null}},"loc":{"start":{"line":173,"column":4},"end":{"line":181,"column":2}}},"11":{"name":"(anonymous_18)","decl":{"start":{"line":173,"column":4},"end":{"line":173,"column":null}},"loc":{"start":{"line":173,"column":4},"end":{"line":181,"column":1}}},"12":{"name":"(anonymous_19)","decl":{"start":{"line":183,"column":33},"end":{"line":183,"column":null}},"loc":{"start":{"line":187,"column":4},"end":{"line":195,"column":2}}},"13":{"name":"(anonymous_20)","decl":{"start":{"line":187,"column":4},"end":{"line":187,"column":null}},"loc":{"start":{"line":187,"column":4},"end":{"line":195,"column":1}}},"14":{"name":"(anonymous_21)","decl":{"start":{"line":197,"column":33},"end":{"line":197,"column":null}},"loc":{"start":{"line":201,"column":4},"end":{"line":209,"column":2}}},"15":{"name":"(anonymous_22)","decl":{"start":{"line":201,"column":4},"end":{"line":201,"column":null}},"loc":{"start":{"line":201,"column":4},"end":{"line":209,"column":1}}},"16":{"name":"(anonymous_23)","decl":{"start":{"line":212,"column":32},"end":{"line":212,"column":null}},"loc":{"start":{"line":216,"column":4},"end":{"line":239,"column":2}}},"17":{"name":"(anonymous_24)","decl":{"start":{"line":216,"column":4},"end":{"line":216,"column":null}},"loc":{"start":{"line":216,"column":4},"end":{"line":239,"column":1}}},"18":{"name":"(anonymous_25)","decl":{"start":{"line":242,"column":39},"end":{"line":242,"column":null}},"loc":{"start":{"line":246,"column":4},"end":{"line":261,"column":2}}},"19":{"name":"(anonymous_26)","decl":{"start":{"line":246,"column":4},"end":{"line":246,"column":null}},"loc":{"start":{"line":246,"column":4},"end":{"line":261,"column":1}}},"20":{"name":"(anonymous_27)","decl":{"start":{"line":264,"column":50},"end":{"line":264,"column":null}},"loc":{"start":{"line":268,"column":4},"end":{"line":281,"column":2}}},"21":{"name":"(anonymous_28)","decl":{"start":{"line":268,"column":4},"end":{"line":268,"column":null}},"loc":{"start":{"line":268,"column":4},"end":{"line":281,"column":1}}}},"branchMap":{"0":{"loc":{"start":{"line":65,"column":2},"end":{"line":67,"column":3}},"type":"if","locations":[{"start":{"line":65,"column":2},"end":{"line":67,"column":3}}]},"1":{"loc":{"start":{"line":69,"column":2},"end":{"line":71,"column":3}},"type":"if","locations":[{"start":{"line":69,"column":2},"end":{"line":71,"column":3}}]},"2":{"loc":{"start":{"line":73,"column":2},"end":{"line":75,"column":3}},"type":"if","locations":[{"start":{"line":73,"column":2},"end":{"line":75,"column":3}}]},"3":{"loc":{"start":{"line":78,"column":2},"end":{"line":80,"column":3}},"type":"if","locations":[{"start":{"line":78,"column":2},"end":{"line":80,"column":3}}]},"4":{"loc":{"start":{"line":78,"column":6},"end":{"line":78,"column":74}},"type":"binary-expr","locations":[{"start":{"line":78,"column":6},"end":{"line":78,"column":16}},{"start":{"line":78,"column":20},"end":{"line":78,"column":28}},{"start":{"line":78,"column":32},"end":{"line":78,"column":74}}]},"5":{"loc":{"start":{"line":82,"column":2},"end":{"line":88,"column":3}},"type":"if","locations":[{"start":{"line":82,"column":2},"end":{"line":88,"column":3}}]},"6":{"loc":{"start":{"line":85,"column":11},"end":{"line":85,"column":70}},"type":"cond-expr","locations":[{"start":{"line":85,"column":33},"end":{"line":85,"column":42}},{"start":{"line":85,"column":45},"end":{"line":85,"column":70}}]},"7":{"loc":{"start":{"line":91,"column":24},"end":{"line":91,"column":41}},"type":"binary-expr","locations":[{"start":{"line":91,"column":24},"end":{"line":91,"column":30}},{"start":{"line":91,"column":34},"end":{"line":91,"column":41}}]},"8":{"loc":{"start":{"line":92,"column":26},"end":{"line":92,"column":68}},"type":"cond-expr","locations":[{"start":{"line":92,"column":52},"end":{"line":92,"column":61}},{"start":{"line":92,"column":64},"end":{"line":92,"column":68}}]},"9":{"loc":{"start":{"line":97,"column":6},"end":{"line":97,"column":25}},"type":"binary-expr","locations":[{"start":{"line":97,"column":6},"end":{"line":97,"column":17}},{"start":{"line":97,"column":21},"end":{"line":97,"column":25}}]},"10":{"loc":{"start":{"line":98,"column":6},"end":{"line":98,"column":22}},"type":"binary-expr","locations":[{"start":{"line":98,"column":6},"end":{"line":98,"column":14}},{"start":{"line":98,"column":18},"end":{"line":98,"column":22}}]},"11":{"loc":{"start":{"line":101,"column":6},"end":{"line":101,"column":50}},"type":"cond-expr","locations":[{"start":{"line":101,"column":22},"end":{"line":101,"column":43}},{"start":{"line":101,"column":46},"end":{"line":101,"column":50}}]},"12":{"loc":{"start":{"line":102,"column":6},"end":{"line":102,"column":34}},"type":"cond-expr","locations":[{"start":{"line":102,"column":14},"end":{"line":102,"column":27}},{"start":{"line":102,"column":30},"end":{"line":102,"column":34}}]},"13":{"loc":{"start":{"line":103,"column":6},"end":{"line":103,"column":24}},"type":"binary-expr","locations":[{"start":{"line":103,"column":6},"end":{"line":103,"column":16}},{"start":{"line":103,"column":20},"end":{"line":103,"column":24}}]},"14":{"loc":{"start":{"line":105,"column":6},"end":{"line":105,"column":38}},"type":"cond-expr","locations":[{"start":{"line":105,"column":16},"end":{"line":105,"column":31}},{"start":{"line":105,"column":34},"end":{"line":105,"column":38}}]},"15":{"loc":{"start":{"line":106,"column":6},"end":{"line":106,"column":44}},"type":"cond-expr","locations":[{"start":{"line":106,"column":19},"end":{"line":106,"column":37}},{"start":{"line":106,"column":40},"end":{"line":106,"column":44}}]},"16":{"loc":{"start":{"line":124,"column":2},"end":{"line":133,"column":3}},"type":"if","locations":[{"start":{"line":124,"column":2},"end":{"line":133,"column":3}}]},"17":{"loc":{"start":{"line":125,"column":4},"end":{"line":127,"column":68}},"type":"binary-expr","locations":[{"start":{"line":125,"column":4},"end":{"line":125,"column":25}},{"start":{"line":126,"column":4},"end":{"line":126,"column":23}},{"start":{"line":127,"column":4},"end":{"line":127,"column":68}}]},"18":{"loc":{"start":{"line":137,"column":4},"end":{"line":137,"column":76}},"type":"if","locations":[{"start":{"line":137,"column":4},"end":{"line":137,"column":76}}]},"19":{"loc":{"start":{"line":138,"column":4},"end":{"line":139,"column":60}},"type":"if","locations":[{"start":{"line":138,"column":4},"end":{"line":139,"column":60}}]},"20":{"loc":{"start":{"line":140,"column":4},"end":{"line":141,"column":66}},"type":"if","locations":[{"start":{"line":140,"column":4},"end":{"line":141,"column":66}}]},"21":{"loc":{"start":{"line":142,"column":4},"end":{"line":142,"column":70}},"type":"if","locations":[{"start":{"line":142,"column":4},"end":{"line":142,"column":70}}]},"22":{"loc":{"start":{"line":143,"column":4},"end":{"line":144,"column":62}},"type":"if","locations":[{"start":{"line":143,"column":4},"end":{"line":144,"column":62}}]},"23":{"loc":{"start":{"line":145,"column":4},"end":{"line":146,"column":58}},"type":"if","locations":[{"start":{"line":145,"column":4},"end":{"line":146,"column":58}}]},"24":{"loc":{"start":{"line":189,"column":18},"end":{"line":189,"column":64}},"type":"cond-expr","locations":[{"start":{"line":189,"column":36},"end":{"line":189,"column":59}},{"start":{"line":189,"column":62},"end":{"line":189,"column":64}}]},"25":{"loc":{"start":{"line":221,"column":4},"end":{"line":223,"column":5}},"type":"if","locations":[{"start":{"line":221,"column":4},"end":{"line":223,"column":5}}]},"26":{"loc":{"start":{"line":231,"column":11},"end":{"line":233,"column":35}},"type":"cond-expr","locations":[{"start":{"line":232,"column":10},"end":{"line":232,"column":49}},{"start":{"line":233,"column":10},"end":{"line":233,"column":35}}]},"27":{"loc":{"start":{"line":276,"column":10},"end":{"line":276,"column":68}},"type":"binary-expr","locations":[{"start":{"line":276,"column":10},"end":{"line":276,"column":33}},{"start":{"line":276,"column":37},"end":{"line":276,"column":68}}]}},"s":{"0":1,"1":1,"2":2,"3":2,"4":2,"5":2,"6":0,"7":1,"8":1,"9":3,"10":3,"11":3,"12":3,"13":1,"14":2,"15":1,"16":1,"17":22,"18":22,"19":22,"20":22,"21":1,"22":22,"23":1,"24":22,"25":1,"26":22,"27":1,"28":22,"29":2,"30":20,"31":20,"32":20,"33":20,"34":20,"35":0,"36":1,"37":1,"38":4,"39":4,"40":4,"41":4,"42":1,"43":3,"44":3,"45":0,"46":3,"47":0,"48":3,"49":1,"50":3,"51":1,"52":3,"53":1,"54":3,"55":1,"56":3,"57":2,"58":1,"59":1,"60":1,"61":2,"62":2,"63":2,"64":2,"65":1,"66":1,"67":1,"68":1,"69":2,"70":2,"71":2,"72":2,"73":2,"74":0,"75":1,"76":1,"77":2,"78":2,"79":2,"80":2,"81":2,"82":0,"83":1,"84":1,"85":1,"86":1,"87":1,"88":1,"89":1,"90":0,"91":1,"92":1,"93":11,"94":11,"95":11,"96":11,"97":11,"98":0,"99":11,"100":8,"101":3,"102":1,"103":1,"104":5,"105":5,"106":5,"107":5,"108":3,"109":2,"110":1,"111":1,"112":7,"113":7,"114":7,"115":7,"116":4,"117":3,"118":1},"f":{"0":2,"1":2,"2":3,"3":3,"4":22,"5":22,"6":4,"7":4,"8":2,"9":2,"10":2,"11":2,"12":2,"13":2,"14":1,"15":1,"16":11,"17":11,"18":5,"19":5,"20":7,"21":7},"b":{"0":[1],"1":[1],"2":[1],"3":[1],"4":[22,21,21],"5":[2],"6":[1,1],"7":[20,4],"8":[17,3],"9":[20,4],"10":[20,15],"11":[6,14],"12":[1,19],"13":[20,17],"14":[0,20],"15":[0,20],"16":[1],"17":[4,2,2],"18":[0],"19":[0],"20":[1],"21":[1],"22":[1],"23":[1],"24":[1,1],"25":[0],"26":[1,7],"27":[4,3]}}
,"/Users/tward/Desktop/Coding/freelancing/nc/events-platform/controllers/payments-controller.ts": {"path":"/Users/tward/Desktop/Coding/freelancing/nc/events-platform/controllers/payments-controller.ts","statementMap":{"0":{"start":{"line":2,"column":0},"end":{"line":2,"column":59}},"1":{"start":{"line":3,"column":0},"end":{"line":3,"column":57}},"2":{"start":{"line":4,"column":0},"end":{"line":4,"column":57}},"3":{"start":{"line":5,"column":0},"end":{"line":5,"column":40}},"4":{"start":{"line":11,"column":30},"end":{"line":25,"column":2}},"5":{"start":{"line":15,"column":4},"end":{"line":25,"column":2}},"6":{"start":{"line":16,"column":2},"end":{"line":24,"column":3}},"7":{"start":{"line":17,"column":18},"end":{"line":19,"column":17}},"8":{"start":{"line":20,"column":21},"end":{"line":20,"column":64}},"9":{"start":{"line":21,"column":4},"end":{"line":21,"column":39}},"10":{"start":{"line":23,"column":4},"end":{"line":23,"column":14}},"11":{"start":{"line":11,"column":13},"end":{"line":11,"column":30}},"12":{"start":{"line":31,"column":30},"end":{"line":48,"column":2}},"13":{"start":{"line":35,"column":4},"end":{"line":48,"column":2}},"14":{"start":{"line":36,"column":2},"end":{"line":47,"column":3}},"15":{"start":{"line":37,"column":19},"end":{"line":37,"column":29}},"16":{"start":{"line":38,"column":20},"end":{"line":38,"column":60}},"17":{"start":{"line":40,"column":4},"end":{"line":42,"column":5}},"18":{"start":{"line":41,"column":6},"end":{"line":41,"column":68}},"19":{"start":{"line":44,"column":4},"end":{"line":44,"column":38}},"20":{"start":{"line":46,"column":4},"end":{"line":46,"column":14}},"21":{"start":{"line":31,"column":13},"end":{"line":31,"column":30}},"22":{"start":{"line":54,"column":35},"end":{"line":68,"column":2}},"23":{"start":{"line":58,"column":4},"end":{"line":68,"column":2}},"24":{"start":{"line":59,"column":2},"end":{"line":67,"column":3}},"25":{"start":{"line":60,"column":23},"end":{"line":60,"column":33}},"26":{"start":{"line":61,"column":21},"end":{"line":62,"column":null}},"27":{"start":{"line":64,"column":4},"end":{"line":64,"column":39}},"28":{"start":{"line":66,"column":4},"end":{"line":66,"column":14}},"29":{"start":{"line":54,"column":13},"end":{"line":54,"column":35}},"30":{"start":{"line":74,"column":36},"end":{"line":88,"column":2}},"31":{"start":{"line":78,"column":4},"end":{"line":88,"column":2}},"32":{"start":{"line":79,"column":2},"end":{"line":87,"column":3}},"33":{"start":{"line":80,"column":24},"end":{"line":80,"column":34}},"34":{"start":{"line":81,"column":21},"end":{"line":82,"column":null}},"35":{"start":{"line":84,"column":4},"end":{"line":84,"column":39}},"36":{"start":{"line":86,"column":4},"end":{"line":86,"column":14}},"37":{"start":{"line":74,"column":13},"end":{"line":74,"column":36}},"38":{"start":{"line":94,"column":35},"end":{"line":138,"column":2}},"39":{"start":{"line":98,"column":4},"end":{"line":138,"column":2}},"40":{"start":{"line":99,"column":2},"end":{"line":137,"column":3}},"41":{"start":{"line":100,"column":60},"end":{"line":100,"column":68}},"42":{"start":{"line":102,"column":4},"end":{"line":104,"column":5}},"43":{"start":{"line":103,"column":6},"end":{"line":103,"column":60}},"44":{"start":{"line":107,"column":26},"end":{"line":110,"column":null}},"45":{"start":{"line":114,"column":20},"end":{"line":121,"column":6}},"46":{"start":{"line":124,"column":4},"end":{"line":129,"column":5}},"47":{"start":{"line":125,"column":6},"end":{"line":128,"column":8}},"48":{"start":{"line":131,"column":4},"end":{"line":134,"column":7}},"49":{"start":{"line":136,"column":4},"end":{"line":136,"column":14}},"50":{"start":{"line":94,"column":13},"end":{"line":94,"column":35}},"51":{"start":{"line":144,"column":35},"end":{"line":204,"column":2}},"52":{"start":{"line":148,"column":4},"end":{"line":204,"column":2}},"53":{"start":{"line":149,"column":2},"end":{"line":203,"column":3}},"54":{"start":{"line":150,"column":22},"end":{"line":150,"column":63}},"55":{"start":{"line":152,"column":4},"end":{"line":154,"column":5}},"56":{"start":{"line":153,"column":6},"end":{"line":153,"column":61}},"57":{"start":{"line":157,"column":18},"end":{"line":157,"column":74}},"58":{"start":{"line":160,"column":4},"end":{"line":198,"column":5}},"59":{"start":{"line":162,"column":30},"end":{"line":162,"column":47}},"60":{"start":{"line":165,"column":24},"end":{"line":166,"column":null}},"61":{"start":{"line":169,"column":8},"end":{"line":178,"column":9}},"62":{"start":{"line":171,"column":10},"end":{"line":171,"column":75}},"63":{"start":{"line":174,"column":26},"end":{"line":174,"column":78}},"64":{"start":{"line":175,"column":10},"end":{"line":177,"column":11}},"65":{"start":{"line":176,"column":12},"end":{"line":176,"column":59}},"66":{"start":{"line":179,"column":8},"end":{"line":179,"column":14}},"67":{"start":{"line":183,"column":30},"end":{"line":183,"column":47}},"68":{"start":{"line":186,"column":24},"end":{"line":187,"column":null}},"69":{"start":{"line":190,"column":8},"end":{"line":193,"column":9}},"70":{"start":{"line":192,"column":10},"end":{"line":192,"column":72}},"71":{"start":{"line":194,"column":8},"end":{"line":194,"column":14}},"72":{"start":{"line":200,"column":4},"end":{"line":200,"column":45}},"73":{"start":{"line":202,"column":4},"end":{"line":202,"column":14}},"74":{"start":{"line":144,"column":13},"end":{"line":144,"column":35}},"75":{"start":{"line":210,"column":32},"end":{"line":240,"column":2}},"76":{"start":{"line":214,"column":4},"end":{"line":240,"column":2}},"77":{"start":{"line":215,"column":2},"end":{"line":239,"column":3}},"78":{"start":{"line":216,"column":32},"end":{"line":216,"column":42}},"79":{"start":{"line":219,"column":20},"end":{"line":220,"column":null}},"80":{"start":{"line":223,"column":4},"end":{"line":226,"column":5}},"81":{"start":{"line":224,"column":6},"end":{"line":224,"column":55}},"82":{"start":{"line":225,"column":6},"end":{"line":225,"column":13}},"83":{"start":{"line":229,"column":26},"end":{"line":230,"column":null}},"84":{"start":{"line":233,"column":4},"end":{"line":236,"column":7}},"85":{"start":{"line":238,"column":4},"end":{"line":238,"column":14}},"86":{"start":{"line":210,"column":13},"end":{"line":210,"column":32}}},"fnMap":{"0":{"name":"(anonymous_16)","decl":{"start":{"line":11,"column":30},"end":{"line":11,"column":null}},"loc":{"start":{"line":15,"column":4},"end":{"line":25,"column":2}}},"1":{"name":"(anonymous_17)","decl":{"start":{"line":15,"column":4},"end":{"line":15,"column":null}},"loc":{"start":{"line":15,"column":4},"end":{"line":25,"column":1}}},"2":{"name":"(anonymous_18)","decl":{"start":{"line":31,"column":30},"end":{"line":31,"column":null}},"loc":{"start":{"line":35,"column":4},"end":{"line":48,"column":2}}},"3":{"name":"(anonymous_19)","decl":{"start":{"line":35,"column":4},"end":{"line":35,"column":null}},"loc":{"start":{"line":35,"column":4},"end":{"line":48,"column":1}}},"4":{"name":"(anonymous_20)","decl":{"start":{"line":54,"column":35},"end":{"line":54,"column":null}},"loc":{"start":{"line":58,"column":4},"end":{"line":68,"column":2}}},"5":{"name":"(anonymous_21)","decl":{"start":{"line":58,"column":4},"end":{"line":58,"column":null}},"loc":{"start":{"line":58,"column":4},"end":{"line":68,"column":1}}},"6":{"name":"(anonymous_22)","decl":{"start":{"line":74,"column":36},"end":{"line":74,"column":null}},"loc":{"start":{"line":78,"column":4},"end":{"line":88,"column":2}}},"7":{"name":"(anonymous_23)","decl":{"start":{"line":78,"column":4},"end":{"line":78,"column":null}},"loc":{"start":{"line":78,"column":4},"end":{"line":88,"column":1}}},"8":{"name":"(anonymous_24)","decl":{"start":{"line":94,"column":35},"end":{"line":94,"column":null}},"loc":{"start":{"line":98,"column":4},"end":{"line":138,"column":2}}},"9":{"name":"(anonymous_25)","decl":{"start":{"line":98,"column":4},"end":{"line":98,"column":null}},"loc":{"start":{"line":98,"column":4},"end":{"line":138,"column":1}}},"10":{"name":"(anonymous_26)","decl":{"start":{"line":144,"column":35},"end":{"line":144,"column":null}},"loc":{"start":{"line":148,"column":4},"end":{"line":204,"column":2}}},"11":{"name":"(anonymous_27)","decl":{"start":{"line":148,"column":4},"end":{"line":148,"column":null}},"loc":{"start":{"line":148,"column":4},"end":{"line":204,"column":1}}},"12":{"name":"(anonymous_28)","decl":{"start":{"line":210,"column":32},"end":{"line":210,"column":null}},"loc":{"start":{"line":214,"column":4},"end":{"line":240,"column":2}}},"13":{"name":"(anonymous_29)","decl":{"start":{"line":214,"column":4},"end":{"line":214,"column":null}},"loc":{"start":{"line":214,"column":4},"end":{"line":240,"column":1}}}},"branchMap":{"0":{"loc":{"start":{"line":17,"column":18},"end":{"line":19,"column":17}},"type":"cond-expr","locations":[{"start":{"line":18,"column":8},"end":{"line":18,"column":43}},{"start":{"line":19,"column":8},"end":{"line":19,"column":17}}]},"1":{"loc":{"start":{"line":40,"column":4},"end":{"line":42,"column":5}},"type":"if","locations":[{"start":{"line":40,"column":4},"end":{"line":42,"column":5}}]},"2":{"loc":{"start":{"line":102,"column":4},"end":{"line":104,"column":5}},"type":"if","locations":[{"start":{"line":102,"column":4},"end":{"line":104,"column":5}}]},"3":{"loc":{"start":{"line":102,"column":8},"end":{"line":102,"column":38}},"type":"binary-expr","locations":[{"start":{"line":102,"column":8},"end":{"line":102,"column":15}},{"start":{"line":102,"column":19},"end":{"line":102,"column":26}},{"start":{"line":102,"column":30},"end":{"line":102,"column":38}}]},"4":{"loc":{"start":{"line":109,"column":6},"end":{"line":109,"column":23}},"type":"binary-expr","locations":[{"start":{"line":109,"column":6},"end":{"line":109,"column":14}},{"start":{"line":109,"column":18},"end":{"line":109,"column":23}}]},"5":{"loc":{"start":{"line":119,"column":16},"end":{"line":119,"column":33}},"type":"binary-expr","locations":[{"start":{"line":119,"column":16},"end":{"line":119,"column":24}},{"start":{"line":119,"column":28},"end":{"line":119,"column":33}}]},"6":{"loc":{"start":{"line":124,"column":4},"end":{"line":129,"column":5}},"type":"if","locations":[{"start":{"line":124,"column":4},"end":{"line":129,"column":5}}]},"7":{"loc":{"start":{"line":152,"column":4},"end":{"line":154,"column":5}},"type":"if","locations":[{"start":{"line":152,"column":4},"end":{"line":154,"column":5}}]},"8":{"loc":{"start":{"line":160,"column":4},"end":{"line":198,"column":5}},"type":"switch","locations":[{"start":{"line":161,"column":6},"end":{"line":180,"column":7}},{"start":{"line":182,"column":6},"end":{"line":195,"column":7}}]},"9":{"loc":{"start":{"line":169,"column":8},"end":{"line":178,"column":9}},"type":"if","locations":[{"start":{"line":169,"column":8},"end":{"line":178,"column":9}}]},"10":{"loc":{"start":{"line":190,"column":8},"end":{"line":193,"column":9}},"type":"if","locations":[{"start":{"line":190,"column":8},"end":{"line":193,"column":9}}]},"11":{"loc":{"start":{"line":223,"column":4},"end":{"line":226,"column":5}},"type":"if","locations":[{"start":{"line":223,"column":4},"end":{"line":226,"column":5}}]}},"s":{"0":1,"1":1,"2":1,"3":1,"4":1,"5":1,"6":1,"7":1,"8":1,"9":1,"10":0,"11":1,"12":1,"13":2,"14":2,"15":2,"16":2,"17":2,"18":1,"19":1,"20":1,"21":1,"22":1,"23":2,"24":2,"25":2,"26":2,"27":2,"28":0,"29":1,"30":1,"31":2,"32":2,"33":2,"34":2,"35":2,"36":0,"37":1,"38":1,"39":3,"40":3,"41":3,"42":3,"43":1,"44":2,"45":2,"46":2,"47":1,"48":2,"49":1,"50":1,"51":1,"52":3,"53":3,"54":3,"55":3,"56":1,"57":2,"58":2,"59":1,"60":1,"61":1,"62":1,"63":1,"64":1,"65":1,"66":1,"67":1,"68":1,"69":1,"70":1,"71":1,"72":2,"73":1,"74":1,"75":1,"76":2,"77":2,"78":2,"79":2,"80":2,"81":1,"82":1,"83":1,"84":1,"85":0,"86":1},"f":{"0":1,"1":1,"2":2,"3":2,"4":2,"5":2,"6":2,"7":2,"8":3,"9":3,"10":3,"11":3,"12":2,"13":2},"b":{"0":[0,1],"1":[1],"2":[1],"3":[3,2,2],"4":[2,0],"5":[2,0],"6":[1],"7":[1],"8":[1,1],"9":[1],"10":[1],"11":[1]}}
,"/Users/tward/Desktop/Coding/freelancing/nc/events-platform/controllers/teams-controller.ts": {"path":"/Users/tward/Desktop/Coding/freelancing/nc/events-platform/controllers/teams-controller.ts","statementMap":{"0":{"start":{"line":2,"column":0},"end":{"line":2,"column":null}},"1":{"start":{"line":14,"column":0},"end":{"line":14,"column":68}},"2":{"start":{"line":15,"column":0},"end":{"line":15,"column":32}},"3":{"start":{"line":18,"column":24},"end":{"line":29,"column":2}},"4":{"start":{"line":22,"column":4},"end":{"line":29,"column":2}},"5":{"start":{"line":23,"column":2},"end":{"line":28,"column":3}},"6":{"start":{"line":24,"column":18},"end":{"line":24,"column":37}},"7":{"start":{"line":25,"column":4},"end":{"line":25,"column":36}},"8":{"start":{"line":27,"column":4},"end":{"line":27,"column":14}},"9":{"start":{"line":18,"column":13},"end":{"line":18,"column":24}},"10":{"start":{"line":31,"column":27},"end":{"line":43,"column":2}},"11":{"start":{"line":35,"column":4},"end":{"line":43,"column":2}},"12":{"start":{"line":36,"column":17},"end":{"line":36,"column":27}},"13":{"start":{"line":37,"column":2},"end":{"line":42,"column":3}},"14":{"start":{"line":38,"column":17},"end":{"line":38,"column":49}},"15":{"start":{"line":39,"column":4},"end":{"line":39,"column":35}},"16":{"start":{"line":41,"column":4},"end":{"line":41,"column":14}},"17":{"start":{"line":31,"column":13},"end":{"line":31,"column":27}},"18":{"start":{"line":45,"column":26},"end":{"line":71,"column":2}},"19":{"start":{"line":49,"column":4},"end":{"line":71,"column":2}},"20":{"start":{"line":50,"column":32},"end":{"line":50,"column":40}},"21":{"start":{"line":51,"column":2},"end":{"line":56,"column":3}},"22":{"start":{"line":52,"column":4},"end":{"line":55,"column":7}},"23":{"start":{"line":58,"column":2},"end":{"line":63,"column":3}},"24":{"start":{"line":59,"column":4},"end":{"line":62,"column":7}},"25":{"start":{"line":65,"column":2},"end":{"line":70,"column":3}},"26":{"start":{"line":66,"column":20},"end":{"line":66,"column":55}},"27":{"start":{"line":67,"column":4},"end":{"line":67,"column":38}},"28":{"start":{"line":69,"column":4},"end":{"line":69,"column":14}},"29":{"start":{"line":45,"column":13},"end":{"line":45,"column":26}},"30":{"start":{"line":73,"column":26},"end":{"line":102,"column":2}},"31":{"start":{"line":77,"column":4},"end":{"line":102,"column":2}},"32":{"start":{"line":78,"column":17},"end":{"line":78,"column":27}},"33":{"start":{"line":79,"column":32},"end":{"line":79,"column":40}},"34":{"start":{"line":82,"column":17},"end":{"line":82,"column":19}},"35":{"start":{"line":84,"column":2},"end":{"line":86,"column":3}},"36":{"start":{"line":85,"column":4},"end":{"line":85,"column":41}},"37":{"start":{"line":88,"column":2},"end":{"line":94,"column":3}},"38":{"start":{"line":89,"column":4},"end":{"line":93,"column":7}},"39":{"start":{"line":96,"column":2},"end":{"line":101,"column":3}},"40":{"start":{"line":97,"column":24},"end":{"line":97,"column":75}},"41":{"start":{"line":98,"column":4},"end":{"line":98,"column":42}},"42":{"start":{"line":100,"column":4},"end":{"line":100,"column":14}},"43":{"start":{"line":73,"column":13},"end":{"line":73,"column":26}},"44":{"start":{"line":104,"column":26},"end":{"line":117,"column":2}},"45":{"start":{"line":108,"column":4},"end":{"line":117,"column":2}},"46":{"start":{"line":109,"column":17},"end":{"line":109,"column":27}},"47":{"start":{"line":111,"column":2},"end":{"line":116,"column":3}},"48":{"start":{"line":112,"column":4},"end":{"line":112,"column":37}},"49":{"start":{"line":113,"column":4},"end":{"line":113,"column":27}},"50":{"start":{"line":115,"column":4},"end":{"line":115,"column":14}},"51":{"start":{"line":104,"column":13},"end":{"line":104,"column":26}},"52":{"start":{"line":121,"column":30},"end":{"line":132,"column":2}},"53":{"start":{"line":125,"column":4},"end":{"line":132,"column":2}},"54":{"start":{"line":126,"column":2},"end":{"line":131,"column":3}},"55":{"start":{"line":127,"column":24},"end":{"line":127,"column":49}},"56":{"start":{"line":128,"column":4},"end":{"line":128,"column":42}},"57":{"start":{"line":130,"column":4},"end":{"line":130,"column":14}},"58":{"start":{"line":121,"column":13},"end":{"line":121,"column":30}},"59":{"start":{"line":134,"column":33},"end":{"line":152,"column":2}},"60":{"start":{"line":138,"column":4},"end":{"line":152,"column":2}},"61":{"start":{"line":139,"column":17},"end":{"line":139,"column":27}},"62":{"start":{"line":140,"column":2},"end":{"line":151,"column":3}},"63":{"start":{"line":141,"column":23},"end":{"line":141,"column":61}},"64":{"start":{"line":142,"column":4},"end":{"line":147,"column":5}},"65":{"start":{"line":143,"column":6},"end":{"line":146,"column":9}},"66":{"start":{"line":148,"column":4},"end":{"line":148,"column":41}},"67":{"start":{"line":150,"column":4},"end":{"line":150,"column":14}},"68":{"start":{"line":134,"column":13},"end":{"line":134,"column":33}},"69":{"start":{"line":154,"column":37},"end":{"line":172,"column":2}},"70":{"start":{"line":158,"column":4},"end":{"line":172,"column":2}},"71":{"start":{"line":159,"column":21},"end":{"line":159,"column":31}},"72":{"start":{"line":160,"column":2},"end":{"line":171,"column":3}},"73":{"start":{"line":161,"column":23},"end":{"line":161,"column":69}},"74":{"start":{"line":162,"column":4},"end":{"line":167,"column":5}},"75":{"start":{"line":163,"column":6},"end":{"line":166,"column":9}},"76":{"start":{"line":168,"column":4},"end":{"line":168,"column":41}},"77":{"start":{"line":170,"column":4},"end":{"line":170,"column":14}},"78":{"start":{"line":154,"column":13},"end":{"line":154,"column":37}},"79":{"start":{"line":174,"column":32},"end":{"line":295,"column":2}},"80":{"start":{"line":178,"column":4},"end":{"line":295,"column":2}},"81":{"start":{"line":179,"column":69},"end":{"line":179,"column":77}},"82":{"start":{"line":186,"column":17},"end":{"line":186,"column":19}},"83":{"start":{"line":188,"column":2},"end":{"line":240,"column":3}},"84":{"start":{"line":190,"column":4},"end":{"line":195,"column":5}},"85":{"start":{"line":191,"column":6},"end":{"line":194,"column":9}},"86":{"start":{"line":197,"column":4},"end":{"line":202,"column":5}},"87":{"start":{"line":198,"column":6},"end":{"line":201,"column":9}},"88":{"start":{"line":203,"column":9},"end":{"line":240,"column":3}},"89":{"start":{"line":206,"column":4},"end":{"line":208,"column":5}},"90":{"start":{"line":207,"column":6},"end":{"line":207,"column":67}},"91":{"start":{"line":209,"column":4},"end":{"line":211,"column":5}},"92":{"start":{"line":210,"column":6},"end":{"line":210,"column":64}},"93":{"start":{"line":212,"column":4},"end":{"line":214,"column":5}},"94":{"start":{"line":213,"column":6},"end":{"line":213,"column":67}},"95":{"start":{"line":215,"column":4},"end":{"line":217,"column":5}},"96":{"start":{"line":216,"column":6},"end":{"line":216,"column":41}},"97":{"start":{"line":218,"column":4},"end":{"line":220,"column":5}},"98":{"start":{"line":219,"column":6},"end":{"line":219,"column":38}},"99":{"start":{"line":222,"column":4},"end":{"line":228,"column":5}},"100":{"start":{"line":223,"column":6},"end":{"line":227,"column":9}},"101":{"start":{"line":231,"column":4},"end":{"line":239,"column":7}},"102":{"start":{"line":242,"column":2},"end":{"line":294,"column":3}},"103":{"start":{"line":243,"column":17},"end":{"line":243,"column":24}},"104":{"start":{"line":244,"column":31},"end":{"line":244,"column":35}},"105":{"start":{"line":247,"column":4},"end":{"line":272,"column":5}},"106":{"start":{"line":249,"column":25},"end":{"line":249,"column":27}},"107":{"start":{"line":250,"column":28},"end":{"line":250,"column":74}},"108":{"start":{"line":253,"column":6},"end":{"line":261,"column":7}},"109":{"start":{"line":254,"column":8},"end":{"line":254,"column":67}},"110":{"start":{"line":255,"column":8},"end":{"line":255,"column":37}},"111":{"start":{"line":257,"column":8},"end":{"line":260,"column":11}},"112":{"start":{"line":264,"column":6},"end":{"line":271,"column":7}},"113":{"start":{"line":265,"column":8},"end":{"line":265,"column":37}},"114":{"start":{"line":267,"column":8},"end":{"line":270,"column":11}},"115":{"start":{"line":275,"column":23},"end":{"line":275,"column":68}},"116":{"start":{"line":278,"column":4},"end":{"line":291,"column":5}},"117":{"start":{"line":279,"column":6},"end":{"line":284,"column":9}},"118":{"start":{"line":286,"column":6},"end":{"line":290,"column":9}},"119":{"start":{"line":293,"column":4},"end":{"line":293,"column":14}},"120":{"start":{"line":174,"column":13},"end":{"line":174,"column":32}}},"fnMap":{"0":{"name":"(anonymous_8)","decl":{"start":{"line":18,"column":24},"end":{"line":18,"column":null}},"loc":{"start":{"line":22,"column":4},"end":{"line":29,"column":2}}},"1":{"name":"(anonymous_9)","decl":{"start":{"line":22,"column":4},"end":{"line":22,"column":null}},"loc":{"start":{"line":22,"column":4},"end":{"line":29,"column":1}}},"2":{"name":"(anonymous_10)","decl":{"start":{"line":31,"column":27},"end":{"line":31,"column":null}},"loc":{"start":{"line":35,"column":4},"end":{"line":43,"column":2}}},"3":{"name":"(anonymous_11)","decl":{"start":{"line":35,"column":4},"end":{"line":35,"column":null}},"loc":{"start":{"line":35,"column":4},"end":{"line":43,"column":1}}},"4":{"name":"(anonymous_12)","decl":{"start":{"line":45,"column":26},"end":{"line":45,"column":null}},"loc":{"start":{"line":49,"column":4},"end":{"line":71,"column":2}}},"5":{"name":"(anonymous_13)","decl":{"start":{"line":49,"column":4},"end":{"line":49,"column":null}},"loc":{"start":{"line":49,"column":4},"end":{"line":71,"column":1}}},"6":{"name":"(anonymous_14)","decl":{"start":{"line":73,"column":26},"end":{"line":73,"column":null}},"loc":{"start":{"line":77,"column":4},"end":{"line":102,"column":2}}},"7":{"name":"(anonymous_15)","decl":{"start":{"line":77,"column":4},"end":{"line":77,"column":null}},"loc":{"start":{"line":77,"column":4},"end":{"line":102,"column":1}}},"8":{"name":"(anonymous_16)","decl":{"start":{"line":104,"column":26},"end":{"line":104,"column":null}},"loc":{"start":{"line":108,"column":4},"end":{"line":117,"column":2}}},"9":{"name":"(anonymous_17)","decl":{"start":{"line":108,"column":4},"end":{"line":108,"column":null}},"loc":{"start":{"line":108,"column":4},"end":{"line":117,"column":1}}},"10":{"name":"(anonymous_18)","decl":{"start":{"line":121,"column":30},"end":{"line":121,"column":null}},"loc":{"start":{"line":125,"column":4},"end":{"line":132,"column":2}}},"11":{"name":"(anonymous_19)","decl":{"start":{"line":125,"column":4},"end":{"line":125,"column":null}},"loc":{"start":{"line":125,"column":4},"end":{"line":132,"column":1}}},"12":{"name":"(anonymous_20)","decl":{"start":{"line":134,"column":33},"end":{"line":134,"column":null}},"loc":{"start":{"line":138,"column":4},"end":{"line":152,"column":2}}},"13":{"name":"(anonymous_21)","decl":{"start":{"line":138,"column":4},"end":{"line":138,"column":null}},"loc":{"start":{"line":138,"column":4},"end":{"line":152,"column":1}}},"14":{"name":"(anonymous_22)","decl":{"start":{"line":154,"column":37},"end":{"line":154,"column":null}},"loc":{"start":{"line":158,"column":4},"end":{"line":172,"column":2}}},"15":{"name":"(anonymous_23)","decl":{"start":{"line":158,"column":4},"end":{"line":158,"column":null}},"loc":{"start":{"line":158,"column":4},"end":{"line":172,"column":1}}},"16":{"name":"(anonymous_24)","decl":{"start":{"line":174,"column":32},"end":{"line":174,"column":null}},"loc":{"start":{"line":178,"column":4},"end":{"line":295,"column":2}}},"17":{"name":"(anonymous_25)","decl":{"start":{"line":178,"column":4},"end":{"line":178,"column":null}},"loc":{"start":{"line":178,"column":4},"end":{"line":295,"column":1}}}},"branchMap":{"0":{"loc":{"start":{"line":51,"column":2},"end":{"line":56,"column":3}},"type":"if","locations":[{"start":{"line":51,"column":2},"end":{"line":56,"column":3}}]},"1":{"loc":{"start":{"line":58,"column":2},"end":{"line":63,"column":3}},"type":"if","locations":[{"start":{"line":58,"column":2},"end":{"line":63,"column":3}}]},"2":{"loc":{"start":{"line":84,"column":2},"end":{"line":86,"column":3}},"type":"if","locations":[{"start":{"line":84,"column":2},"end":{"line":86,"column":3}}]},"3":{"loc":{"start":{"line":88,"column":2},"end":{"line":94,"column":3}},"type":"if","locations":[{"start":{"line":88,"column":2},"end":{"line":94,"column":3}}]},"4":{"loc":{"start":{"line":91,"column":11},"end":{"line":91,"column":70}},"type":"cond-expr","locations":[{"start":{"line":91,"column":33},"end":{"line":91,"column":42}},{"start":{"line":91,"column":45},"end":{"line":91,"column":70}}]},"5":{"loc":{"start":{"line":142,"column":4},"end":{"line":147,"column":5}},"type":"if","locations":[{"start":{"line":142,"column":4},"end":{"line":147,"column":5}}]},"6":{"loc":{"start":{"line":162,"column":4},"end":{"line":167,"column":5}},"type":"if","locations":[{"start":{"line":162,"column":4},"end":{"line":167,"column":5}}]},"7":{"loc":{"start":{"line":188,"column":2},"end":{"line":240,"column":3}},"type":"if","locations":[{"start":{"line":188,"column":2},"end":{"line":240,"column":3}},{"start":{"line":203,"column":9},"end":{"line":240,"column":3}}]},"8":{"loc":{"start":{"line":190,"column":4},"end":{"line":195,"column":5}},"type":"if","locations":[{"start":{"line":190,"column":4},"end":{"line":195,"column":5}}]},"9":{"loc":{"start":{"line":197,"column":4},"end":{"line":202,"column":5}},"type":"if","locations":[{"start":{"line":197,"column":4},"end":{"line":202,"column":5}}]},"10":{"loc":{"start":{"line":203,"column":9},"end":{"line":240,"column":3}},"type":"if","locations":[{"start":{"line":203,"column":9},"end":{"line":240,"column":3}},{"start":{"line":229,"column":9},"end":{"line":240,"column":3}}]},"11":{"loc":{"start":{"line":203,"column":13},"end":{"line":203,"column":47}},"type":"binary-expr","locations":[{"start":{"line":203,"column":13},"end":{"line":203,"column":21}},{"start":{"line":203,"column":25},"end":{"line":203,"column":30}},{"start":{"line":203,"column":34},"end":{"line":203,"column":47}}]},"12":{"loc":{"start":{"line":206,"column":4},"end":{"line":208,"column":5}},"type":"if","locations":[{"start":{"line":206,"column":4},"end":{"line":208,"column":5}}]},"13":{"loc":{"start":{"line":209,"column":4},"end":{"line":211,"column":5}},"type":"if","locations":[{"start":{"line":209,"column":4},"end":{"line":211,"column":5}}]},"14":{"loc":{"start":{"line":212,"column":4},"end":{"line":214,"column":5}},"type":"if","locations":[{"start":{"line":212,"column":4},"end":{"line":214,"column":5}}]},"15":{"loc":{"start":{"line":215,"column":4},"end":{"line":217,"column":5}},"type":"if","locations":[{"start":{"line":215,"column":4},"end":{"line":217,"column":5}}]},"16":{"loc":{"start":{"line":218,"column":4},"end":{"line":220,"column":5}},"type":"if","locations":[{"start":{"line":218,"column":4},"end":{"line":220,"column":5}}]},"17":{"loc":{"start":{"line":222,"column":4},"end":{"line":228,"column":5}},"type":"if","locations":[{"start":{"line":222,"column":4},"end":{"line":228,"column":5}}]},"18":{"loc":{"start":{"line":247,"column":4},"end":{"line":272,"column":5}},"type":"if","locations":[{"start":{"line":247,"column":4},"end":{"line":272,"column":5}},{"start":{"line":262,"column":11},"end":{"line":272,"column":5}}]},"19":{"loc":{"start":{"line":278,"column":4},"end":{"line":291,"column":5}},"type":"if","locations":[{"start":{"line":278,"column":4},"end":{"line":291,"column":5}},{"start":{"line":285,"column":11},"end":{"line":291,"column":5}}]}},"s":{"0":1,"1":1,"2":1,"3":1,"4":1,"5":1,"6":1,"7":1,"8":0,"9":1,"10":1,"11":3,"12":3,"13":3,"14":3,"15":1,"16":2,"17":1,"18":1,"19":6,"20":6,"21":6,"22":1,"23":5,"24":2,"25":3,"26":3,"27":3,"28":0,"29":1,"30":1,"31":4,"32":4,"33":4,"34":4,"35":4,"36":2,"37":4,"38":2,"39":2,"40":2,"41":1,"42":1,"43":1,"44":1,"45":2,"46":2,"47":2,"48":2,"49":1,"50":1,"51":1,"52":1,"53":1,"54":1,"55":1,"56":1,"57":0,"58":1,"59":1,"60":2,"61":2,"62":2,"63":2,"64":2,"65":1,"66":1,"67":0,"68":1,"69":1,"70":2,"71":2,"72":2,"73":2,"74":2,"75":1,"76":1,"77":0,"78":1,"79":1,"80":9,"81":9,"82":9,"83":9,"84":4,"85":1,"86":3,"87":1,"88":5,"89":5,"90":1,"91":5,"92":1,"93":5,"94":3,"95":5,"96":0,"97":5,"98":0,"99":5,"100":3,"101":0,"102":4,"103":4,"104":4,"105":4,"106":2,"107":2,"108":2,"109":2,"110":1,"111":1,"112":2,"113":2,"114":1,"115":2,"116":2,"117":1,"118":1,"119":0,"120":1},"f":{"0":1,"1":1,"2":3,"3":3,"4":6,"5":6,"6":4,"7":4,"8":2,"9":2,"10":1,"11":1,"12":2,"13":2,"14":2,"15":2,"16":9,"17":9},"b":{"0":[1],"1":[2],"2":[2],"3":[2],"4":[2,0],"5":[1],"6":[1],"7":[4,5],"8":[1],"9":[1],"10":[5,0],"11":[5,1,0],"12":[1],"13":[1],"14":[3],"15":[0],"16":[0],"17":[3],"18":[2,2],"19":[1,1]}}
,"/Users/tward/Desktop/Coding/freelancing/nc/events-platform/controllers/tickets-controller.ts": {"path":"/Users/tward/Desktop/Coding/freelancing/nc/events-platform/controllers/tickets-controller.ts","statementMap":{"0":{"start":{"line":2,"column":0},"end":{"line":2,"column":57}},"1":{"start":{"line":3,"column":0},"end":{"line":3,"column":53}},"2":{"start":{"line":5,"column":0},"end":{"line":5,"column":28}},"3":{"start":{"line":6,"column":0},"end":{"line":6,"column":47}},"4":{"start":{"line":7,"column":0},"end":{"line":7,"column":77}},"5":{"start":{"line":10,"column":29},"end":{"line":21,"column":2}},"6":{"start":{"line":14,"column":4},"end":{"line":21,"column":2}},"7":{"start":{"line":15,"column":2},"end":{"line":20,"column":3}},"8":{"start":{"line":16,"column":20},"end":{"line":16,"column":56}},"9":{"start":{"line":17,"column":4},"end":{"line":17,"column":38}},"10":{"start":{"line":19,"column":4},"end":{"line":19,"column":14}},"11":{"start":{"line":10,"column":13},"end":{"line":10,"column":29}},"12":{"start":{"line":24,"column":29},"end":{"line":36,"column":2}},"13":{"start":{"line":28,"column":4},"end":{"line":36,"column":2}},"14":{"start":{"line":29,"column":2},"end":{"line":35,"column":3}},"15":{"start":{"line":30,"column":21},"end":{"line":30,"column":42}},"16":{"start":{"line":31,"column":19},"end":{"line":31,"column":63}},"17":{"start":{"line":32,"column":4},"end":{"line":32,"column":37}},"18":{"start":{"line":34,"column":4},"end":{"line":34,"column":14}},"19":{"start":{"line":24,"column":13},"end":{"line":24,"column":29}},"20":{"start":{"line":39,"column":34},"end":{"line":65,"column":2}},"21":{"start":{"line":43,"column":4},"end":{"line":65,"column":2}},"22":{"start":{"line":44,"column":2},"end":{"line":64,"column":3}},"23":{"start":{"line":45,"column":19},"end":{"line":45,"column":44}},"24":{"start":{"line":48,"column":4},"end":{"line":58,"column":5}},"25":{"start":{"line":49,"column":6},"end":{"line":49,"column":46}},"26":{"start":{"line":51,"column":6},"end":{"line":56,"column":7}},"27":{"start":{"line":52,"column":8},"end":{"line":55,"column":11}},"28":{"start":{"line":57,"column":6},"end":{"line":57,"column":18}},"29":{"start":{"line":60,"column":20},"end":{"line":60,"column":67}},"30":{"start":{"line":61,"column":4},"end":{"line":61,"column":38}},"31":{"start":{"line":63,"column":4},"end":{"line":63,"column":14}},"32":{"start":{"line":39,"column":13},"end":{"line":39,"column":34}},"33":{"start":{"line":68,"column":35},"end":{"line":80,"column":2}},"34":{"start":{"line":72,"column":4},"end":{"line":80,"column":2}},"35":{"start":{"line":73,"column":2},"end":{"line":79,"column":3}},"36":{"start":{"line":74,"column":20},"end":{"line":74,"column":46}},"37":{"start":{"line":75,"column":20},"end":{"line":75,"column":69}},"38":{"start":{"line":76,"column":4},"end":{"line":76,"column":38}},"39":{"start":{"line":78,"column":4},"end":{"line":78,"column":14}},"40":{"start":{"line":68,"column":13},"end":{"line":68,"column":35}},"41":{"start":{"line":83,"column":28},"end":{"line":127,"column":2}},"42":{"start":{"line":87,"column":4},"end":{"line":127,"column":2}},"43":{"start":{"line":88,"column":2},"end":{"line":126,"column":3}},"44":{"start":{"line":89,"column":27},"end":{"line":89,"column":37}},"45":{"start":{"line":91,"column":4},"end":{"line":96,"column":5}},"46":{"start":{"line":92,"column":6},"end":{"line":95,"column":9}},"47":{"start":{"line":98,"column":19},"end":{"line":98,"column":67}},"48":{"start":{"line":101,"column":4},"end":{"line":107,"column":5}},"49":{"start":{"line":102,"column":6},"end":{"line":106,"column":9}},"50":{"start":{"line":110,"column":25},"end":{"line":110,"column":50}},"51":{"start":{"line":111,"column":4},"end":{"line":117,"column":5}},"52":{"start":{"line":112,"column":6},"end":{"line":116,"column":9}},"53":{"start":{"line":119,"column":4},"end":{"line":123,"column":7}},"54":{"start":{"line":125,"column":4},"end":{"line":125,"column":14}},"55":{"start":{"line":83,"column":13},"end":{"line":83,"column":28}},"56":{"start":{"line":130,"column":31},"end":{"line":193,"column":2}},"57":{"start":{"line":134,"column":4},"end":{"line":193,"column":2}},"58":{"start":{"line":135,"column":2},"end":{"line":192,"column":3}},"59":{"start":{"line":136,"column":51},"end":{"line":136,"column":59}},"60":{"start":{"line":139,"column":28},"end":{"line":143,"column":6}},"61":{"start":{"line":145,"column":4},"end":{"line":151,"column":5}},"62":{"start":{"line":146,"column":6},"end":{"line":150,"column":9}},"63":{"start":{"line":154,"column":4},"end":{"line":163,"column":5}},"64":{"start":{"line":155,"column":6},"end":{"line":155,"column":36}},"65":{"start":{"line":156,"column":6},"end":{"line":156,"column":34}},"66":{"start":{"line":157,"column":6},"end":{"line":157,"column":50}},"67":{"start":{"line":159,"column":6},"end":{"line":162,"column":9}},"68":{"start":{"line":166,"column":24},"end":{"line":171,"column":20}},"69":{"start":{"line":173,"column":30},"end":{"line":181,"column":6}},"70":{"start":{"line":183,"column":26},"end":{"line":183,"column":68}},"71":{"start":{"line":185,"column":4},"end":{"line":189,"column":7}},"72":{"start":{"line":191,"column":4},"end":{"line":191,"column":14}},"73":{"start":{"line":130,"column":13},"end":{"line":130,"column":31}},"74":{"start":{"line":196,"column":28},"end":{"line":229,"column":2}},"75":{"start":{"line":200,"column":4},"end":{"line":229,"column":2}},"76":{"start":{"line":201,"column":2},"end":{"line":228,"column":3}},"77":{"start":{"line":202,"column":21},"end":{"line":202,"column":56}},"78":{"start":{"line":203,"column":23},"end":{"line":203,"column":31}},"79":{"start":{"line":206,"column":26},"end":{"line":206,"column":67}},"80":{"start":{"line":207,"column":4},"end":{"line":213,"column":5}},"81":{"start":{"line":208,"column":6},"end":{"line":212,"column":9}},"82":{"start":{"line":216,"column":26},"end":{"line":218,"column":null}},"83":{"start":{"line":221,"column":4},"end":{"line":225,"column":7}},"84":{"start":{"line":227,"column":4},"end":{"line":227,"column":14}},"85":{"start":{"line":196,"column":13},"end":{"line":196,"column":28}},"86":{"start":{"line":232,"column":25},"end":{"line":281,"column":2}},"87":{"start":{"line":236,"column":4},"end":{"line":281,"column":2}},"88":{"start":{"line":237,"column":2},"end":{"line":280,"column":3}},"89":{"start":{"line":238,"column":27},"end":{"line":238,"column":37}},"90":{"start":{"line":241,"column":19},"end":{"line":241,"column":67}},"91":{"start":{"line":243,"column":4},"end":{"line":248,"column":5}},"92":{"start":{"line":244,"column":6},"end":{"line":247,"column":9}},"93":{"start":{"line":251,"column":4},"end":{"line":257,"column":5}},"94":{"start":{"line":252,"column":6},"end":{"line":256,"column":9}},"95":{"start":{"line":260,"column":4},"end":{"line":265,"column":5}},"96":{"start":{"line":261,"column":6},"end":{"line":264,"column":9}},"97":{"start":{"line":268,"column":26},"end":{"line":270,"column":null}},"98":{"start":{"line":273,"column":4},"end":{"line":277,"column":7}},"99":{"start":{"line":279,"column":4},"end":{"line":279,"column":14}},"100":{"start":{"line":232,"column":13},"end":{"line":232,"column":25}},"101":{"start":{"line":284,"column":32},"end":{"line":304,"column":2}},"102":{"start":{"line":288,"column":4},"end":{"line":304,"column":2}},"103":{"start":{"line":289,"column":2},"end":{"line":303,"column":3}},"104":{"start":{"line":290,"column":21},"end":{"line":290,"column":56}},"105":{"start":{"line":291,"column":26},"end":{"line":291,"column":67}},"106":{"start":{"line":293,"column":4},"end":{"line":298,"column":5}},"107":{"start":{"line":294,"column":6},"end":{"line":297,"column":9}},"108":{"start":{"line":300,"column":4},"end":{"line":300,"column":27}},"109":{"start":{"line":302,"column":4},"end":{"line":302,"column":14}},"110":{"start":{"line":284,"column":13},"end":{"line":284,"column":32}}},"fnMap":{"0":{"name":"(anonymous_17)","decl":{"start":{"line":10,"column":29},"end":{"line":10,"column":null}},"loc":{"start":{"line":14,"column":4},"end":{"line":21,"column":2}}},"1":{"name":"(anonymous_18)","decl":{"start":{"line":14,"column":4},"end":{"line":14,"column":null}},"loc":{"start":{"line":14,"column":4},"end":{"line":21,"column":1}}},"2":{"name":"(anonymous_19)","decl":{"start":{"line":24,"column":29},"end":{"line":24,"column":null}},"loc":{"start":{"line":28,"column":4},"end":{"line":36,"column":2}}},"3":{"name":"(anonymous_20)","decl":{"start":{"line":28,"column":4},"end":{"line":28,"column":null}},"loc":{"start":{"line":28,"column":4},"end":{"line":36,"column":1}}},"4":{"name":"(anonymous_21)","decl":{"start":{"line":39,"column":34},"end":{"line":39,"column":null}},"loc":{"start":{"line":43,"column":4},"end":{"line":65,"column":2}}},"5":{"name":"(anonymous_22)","decl":{"start":{"line":43,"column":4},"end":{"line":43,"column":null}},"loc":{"start":{"line":43,"column":4},"end":{"line":65,"column":1}}},"6":{"name":"(anonymous_23)","decl":{"start":{"line":68,"column":35},"end":{"line":68,"column":null}},"loc":{"start":{"line":72,"column":4},"end":{"line":80,"column":2}}},"7":{"name":"(anonymous_24)","decl":{"start":{"line":72,"column":4},"end":{"line":72,"column":null}},"loc":{"start":{"line":72,"column":4},"end":{"line":80,"column":1}}},"8":{"name":"(anonymous_25)","decl":{"start":{"line":83,"column":28},"end":{"line":83,"column":null}},"loc":{"start":{"line":87,"column":4},"end":{"line":127,"column":2}}},"9":{"name":"(anonymous_26)","decl":{"start":{"line":87,"column":4},"end":{"line":87,"column":null}},"loc":{"start":{"line":87,"column":4},"end":{"line":127,"column":1}}},"10":{"name":"(anonymous_27)","decl":{"start":{"line":130,"column":31},"end":{"line":130,"column":null}},"loc":{"start":{"line":134,"column":4},"end":{"line":193,"column":2}}},"11":{"name":"(anonymous_28)","decl":{"start":{"line":134,"column":4},"end":{"line":134,"column":null}},"loc":{"start":{"line":134,"column":4},"end":{"line":193,"column":1}}},"12":{"name":"(anonymous_29)","decl":{"start":{"line":196,"column":28},"end":{"line":196,"column":null}},"loc":{"start":{"line":200,"column":4},"end":{"line":229,"column":2}}},"13":{"name":"(anonymous_30)","decl":{"start":{"line":200,"column":4},"end":{"line":200,"column":null}},"loc":{"start":{"line":200,"column":4},"end":{"line":229,"column":1}}},"14":{"name":"(anonymous_31)","decl":{"start":{"line":232,"column":25},"end":{"line":232,"column":null}},"loc":{"start":{"line":236,"column":4},"end":{"line":281,"column":2}}},"15":{"name":"(anonymous_32)","decl":{"start":{"line":236,"column":4},"end":{"line":236,"column":null}},"loc":{"start":{"line":236,"column":4},"end":{"line":281,"column":1}}},"16":{"name":"(anonymous_33)","decl":{"start":{"line":284,"column":32},"end":{"line":284,"column":null}},"loc":{"start":{"line":288,"column":4},"end":{"line":304,"column":2}}},"17":{"name":"(anonymous_34)","decl":{"start":{"line":288,"column":4},"end":{"line":288,"column":null}},"loc":{"start":{"line":288,"column":4},"end":{"line":304,"column":1}}}},"branchMap":{"0":{"loc":{"start":{"line":51,"column":6},"end":{"line":56,"column":7}},"type":"if","locations":[{"start":{"line":51,"column":6},"end":{"line":56,"column":7}}]},"1":{"loc":{"start":{"line":91,"column":4},"end":{"line":96,"column":5}},"type":"if","locations":[{"start":{"line":91,"column":4},"end":{"line":96,"column":5}}]},"2":{"loc":{"start":{"line":91,"column":8},"end":{"line":91,"column":47}},"type":"binary-expr","locations":[{"start":{"line":91,"column":8},"end":{"line":91,"column":19}},{"start":{"line":91,"column":23},"end":{"line":91,"column":47}}]},"3":{"loc":{"start":{"line":101,"column":4},"end":{"line":107,"column":5}},"type":"if","locations":[{"start":{"line":101,"column":4},"end":{"line":107,"column":5}}]},"4":{"loc":{"start":{"line":111,"column":4},"end":{"line":117,"column":5}},"type":"if","locations":[{"start":{"line":111,"column":4},"end":{"line":117,"column":5}}]},"5":{"loc":{"start":{"line":145,"column":4},"end":{"line":151,"column":5}},"type":"if","locations":[{"start":{"line":145,"column":4},"end":{"line":151,"column":5}}]},"6":{"loc":{"start":{"line":207,"column":4},"end":{"line":213,"column":5}},"type":"if","locations":[{"start":{"line":207,"column":4},"end":{"line":213,"column":5}}]},"7":{"loc":{"start":{"line":207,"column":8},"end":{"line":207,"column":50}},"type":"binary-expr","locations":[{"start":{"line":207,"column":8},"end":{"line":207,"column":15}},{"start":{"line":207,"column":19},"end":{"line":207,"column":50}}]},"8":{"loc":{"start":{"line":243,"column":4},"end":{"line":248,"column":5}},"type":"if","locations":[{"start":{"line":243,"column":4},"end":{"line":248,"column":5}}]},"9":{"loc":{"start":{"line":251,"column":4},"end":{"line":257,"column":5}},"type":"if","locations":[{"start":{"line":251,"column":4},"end":{"line":257,"column":5}}]},"10":{"loc":{"start":{"line":260,"column":4},"end":{"line":265,"column":5}},"type":"if","locations":[{"start":{"line":260,"column":4},"end":{"line":265,"column":5}}]},"11":{"loc":{"start":{"line":293,"column":4},"end":{"line":298,"column":5}},"type":"if","locations":[{"start":{"line":293,"column":4},"end":{"line":298,"column":5}}]}},"s":{"0":1,"1":1,"2":1,"3":1,"4":1,"5":1,"6":2,"7":2,"8":2,"9":2,"10":0,"11":1,"12":1,"13":3,"14":3,"15":3,"16":3,"17":1,"18":2,"19":1,"20":1,"21":2,"22":2,"23":2,"24":2,"25":2,"26":1,"27":1,"28":0,"29":1,"30":1,"31":0,"32":1,"33":1,"34":0,"35":0,"36":0,"37":0,"38":0,"39":0,"40":1,"41":1,"42":4,"43":4,"44":4,"45":4,"46":0,"47":4,"48":3,"49":1,"50":2,"51":2,"52":1,"53":1,"54":1,"55":1,"56":1,"57":10,"58":10,"59":10,"60":10,"61":10,"62":1,"63":9,"64":9,"65":9,"66":9,"67":0,"68":9,"69":9,"70":9,"71":9,"72":0,"73":1,"74":1,"75":4,"76":4,"77":4,"78":4,"79":4,"80":4,"81":1,"82":3,"83":3,"84":0,"85":1,"86":1,"87":5,"88":5,"89":5,"90":5,"91":4,"92":0,"93":4,"94":1,"95":3,"96":1,"97":2,"98":2,"99":1,"100":1,"101":1,"102":2,"103":2,"104":2,"105":2,"106":1,"107":0,"108":1,"109":1,"110":1},"f":{"0":2,"1":2,"2":3,"3":3,"4":2,"5":2,"6":0,"7":0,"8":4,"9":4,"10":10,"11":10,"12":4,"13":4,"14":5,"15":5,"16":2,"17":2},"b":{"0":[1],"1":[0],"2":[4,4],"3":[1],"4":[1],"5":[1],"6":[1],"7":[4,4],"8":[0],"9":[1],"10":[1],"11":[0]}}
,"/Users/tward/Desktop/Coding/freelancing/nc/events-platform/controllers/users-controller.ts": {"path":"/Users/tward/Desktop/Coding/freelancing/nc/events-platform/controllers/users-controller.ts","statementMap":{"0":{"start":{"line":2,"column":0},"end":{"line":2,"column":32}},"1":{"start":{"line":3,"column":0},"end":{"line":3,"column":null}},"2":{"start":{"line":13,"column":24},"end":{"line":24,"column":2}},"3":{"start":{"line":17,"column":4},"end":{"line":24,"column":2}},"4":{"start":{"line":18,"column":2},"end":{"line":23,"column":3}},"5":{"start":{"line":19,"column":18},"end":{"line":19,"column":37}},"6":{"start":{"line":20,"column":4},"end":{"line":20,"column":36}},"7":{"start":{"line":22,"column":4},"end":{"line":22,"column":14}},"8":{"start":{"line":13,"column":13},"end":{"line":13,"column":24}},"9":{"start":{"line":26,"column":27},"end":{"line":38,"column":2}},"10":{"start":{"line":30,"column":4},"end":{"line":38,"column":2}},"11":{"start":{"line":31,"column":17},"end":{"line":31,"column":27}},"12":{"start":{"line":32,"column":2},"end":{"line":37,"column":3}},"13":{"start":{"line":33,"column":17},"end":{"line":33,"column":49}},"14":{"start":{"line":34,"column":4},"end":{"line":34,"column":35}},"15":{"start":{"line":36,"column":4},"end":{"line":36,"column":14}},"16":{"start":{"line":26,"column":13},"end":{"line":26,"column":27}},"17":{"start":{"line":40,"column":33},"end":{"line":52,"column":2}},"18":{"start":{"line":44,"column":4},"end":{"line":52,"column":2}},"19":{"start":{"line":45,"column":23},"end":{"line":45,"column":33}},"20":{"start":{"line":46,"column":2},"end":{"line":51,"column":3}},"21":{"start":{"line":47,"column":17},"end":{"line":47,"column":53}},"22":{"start":{"line":48,"column":4},"end":{"line":48,"column":35}},"23":{"start":{"line":50,"column":4},"end":{"line":50,"column":14}},"24":{"start":{"line":40,"column":13},"end":{"line":40,"column":33}},"25":{"start":{"line":54,"column":30},"end":{"line":66,"column":2}},"26":{"start":{"line":58,"column":4},"end":{"line":66,"column":2}},"27":{"start":{"line":59,"column":20},"end":{"line":59,"column":30}},"28":{"start":{"line":60,"column":2},"end":{"line":65,"column":3}},"29":{"start":{"line":61,"column":17},"end":{"line":61,"column":47}},"30":{"start":{"line":62,"column":4},"end":{"line":62,"column":35}},"31":{"start":{"line":64,"column":4},"end":{"line":64,"column":14}},"32":{"start":{"line":54,"column":13},"end":{"line":54,"column":30}},"33":{"start":{"line":68,"column":26},"end":{"line":109,"column":2}},"34":{"start":{"line":72,"column":
[...]
,"/Users/tward/Desktop/Coding/freelancing/nc/events-platform/routes/payments-router.ts": {"path":"/Users/tward/Desktop/Coding/freelancing/nc/events-platform/routes/payments-router.ts","statementMap":{"0":{"start":{"line":1,"column":0},"end":{"line":1,"column":50}},"1":{"start":{"line":2,"column":0},"end":{"line":2,"column":73}},"2":{"start":{"line":3,"column":0},"end":{"line":3,"column":61}},"3":{"start":{"line":5,"column":23},"end":{"line":5,"column":39}},"4":{"start":{"line":9,"column":2},"end":{"line":9,"column":53}},"5":{"start":{"line":11,"column":2},"end":{"line":11,"column":53}},"6":{"start":{"line":13,"column":2},"end":{"line":13,"column":58}},"7":{"start":{"line":15,"column":2},"end":{"line":15,"column":59}},"8":{"start":{"line":17,"column":2},"end":{"line":17,"column":58}},"9":{"start":{"line":19,"column":2},"end":{"line":19,"column":58}},"10":{"start":{"line":21,"column":2},"end":{"line":21,"column":55}},"11":{"start":{"line":22,"column":27},"end":{"line":22,"column":56}},"12":{"start":{"line":25,"column":0},"end":{"line":29,"column":2}},"13":{"start":{"line":30,"column":0},"end":{"line":30,"column":72}},"14":{"start":{"line":33,"column":0},"end":{"line":33,"column":67}},"15":{"start":{"line":34,"column":0},"end":{"line":34,"column":70}},"16":{"start":{"line":35,"column":0},"end":{"line":39,"column":2}},"17":{"start":{"line":40,"column":0},"end":{"line":44,"column":2}},"18":{"start":{"line":45,"column":0},"end":{"line":49,"column":2}},"19":{"start":{"line":51,"column":0},"end":{"line":51,"column":30}}},"fnMap":{},"branchMap":{},"s":{"0":1,"1":1,"2":1,"3":1,"4":1,"5":1,"6":1,"7":1,"8":1,"9":1,"10":1,"11":1,"12":1,"13":1,"14":1,"15":1,"16":1,"17":1,"18":1,"19":1},"f":{},"b":{}}
,"/Users/tward/Desktop/Coding/freelancing/nc/events-platform/routes/teams-router.ts": {"path":"/Users/tward/Desktop/Coding/freelancing/nc/events-platform/routes/teams-router.ts","statementMap":{"0":{"start":{"line":1,"column":0},"end":{"line":1,"column":49}},"1":{"start":{"line":2,"column":20},"end":{"line":2,"column":28}},"2":{"start":{"line":3,"column":0},"end":{"line":3,"column":null}},"3":{"start":{"line":15,"column":24},"end":{"line":15,"column":50}},"4":{"start":{"line":16,"column":27},"end":{"line":16,"column":56}},"5":{"start":{"line":17,"column":26},"end":{"line":17,"column":54}},"6":{"start":{"line":18,"column":26},"end":{"line":18,"column":54}},"7":{"start":{"line":19,"column":26},"end":{"line":19,"column":54}},"8":{"start":{"line":21,"column":30},"end":{"line":21,"column":62}},"9":{"start":{"line":22,"column":33},"end":{"line":22,"column":68}},"10":{"start":{"line":23,"column":37},"end":{"line":23,"column":76}},"11":{"start":{"line":24,"column":32},"end":{"line":24,"column":66}},"12":{"start":{"line":27,"column":0},"end":{"line":27,"column":51}},"13":{"start":{"line":28,"column":0},"end":{"line":28,"column":71}},"14":{"start":{"line":29,"column":0},"end":{"line":29,"column":58}},"15":{"start":{"line":30,"column":0},"end":{"line":30,"column":54}},"16":{"start":{"line":33,"column":0},"end":{"line":33,"column":38}},"17":{"start":{"line":34,"column":0},"end":{"line":34,"column":41}},"18":{"start":{"line":35,"column":0},"end":{"line":35,"column":44}},"19":{"start":{"line":36,"column":0},"end":{"line":36,"column":45}},"20":{"start":{"line":37,"column":0},"end":{"line":37,"column":46}},"21":{"start":{"line":39,"column":0},"end":{"line":39,"column":27}}},"fnMap":{},"branchMap":{},"s":{"0":1,"1":1,"2":1,"3":1,"4":1,"5":1,"6":1,"7":1,"8":1,"9":1,"10":1,"11":1,"12":1,"13":1,"14":1,"15":1,"16":1,"17":1,"18":1,"19":1,"20":1,"21":1},"f":{},"b":{}}
,"/Users/tward/Desktop/Coding/freelancing/nc/events-platform/routes/tickets-router.ts": {"path":"/Users/tward/Desktop/Coding/freelancing/nc/events-platform/routes/tickets-router.ts","statementMap":{"0":{"start":{"line":1,"column":0},"end":{"line":1,"column":49}},"1":{"start":{"line":2,"column":0},"end":{"line":2,"column":71}},"2":{"start":{"line":4,"column":22},"end":{"line":4,"column":30}},"3":{"start":{"line":7,"column":29},"end":{"line":7,"column":78}},"4":{"start":{"line":8,"column":29},"end":{"line":8,"column":78}},"5":{"start":{"line":10,"column":2},"end":{"line":10,"column":56}},"6":{"start":{"line":12,"column":2},"end":{"line":12,"column":57}},"7":{"start":{"line":13,"column":28},"end":{"line":13,"column":76}},"8":{"start":{"line":15,"column":2},"end":{"line":15,"column":53}},"9":{"start":{"line":16,"column":25},"end":{"line":16,"column":70}},"10":{"start":{"line":17,"column":28},"end":{"line":17,"column":76}},"11":{"start":{"line":19,"column":2},"end":{"line":19,"column":54}},"12":{"start":{"line":22,"column":0},"end":{"line":22,"column":62}},"13":{"start":{"line":23,"column":0},"end":{"line":23,"column":65}},"14":{"start":{"line":24,"column":0},"end":{"line":24,"column":62}},"15":{"start":{"line":25,"column":0},"end":{"line":25,"column":48}},"16":{"start":{"line":26,"column":0},"end":{"line":26,"column":45}},"17":{"start":{"line":29,"column":0},"end":{"line":29,"column":57}},"18":{"start":{"line":30,"column":0},"end":{"line":30,"column":48}},"19":{"start":{"line":33,"column":0},"end":{"line":33,"column":49}},"20":{"start":{"line":36,"column":0},"end":{"line":36,"column":54}},"21":{"start":{"line":38,"column":0},"end":{"line":38,"column":29}}},"fnMap":{},"branchMap":{},"s":{"0":1,"1":1,"2":1,"3":1,"4":1,"5":1,"6":1,"7":1,"8":1,"9":1,"10":1,"11":1,"12":1,"13":1,"14":1,"15":1,"16":1,"17":1,"18":1,"19":1,"20":1,"21":1},"f":{},"b":{}}
,"/Users/tward/Desktop/Coding/freelancing/nc/events-platform/routes/users-router.ts": {"path":"/Users/tward/Desktop/Coding/freelancing/nc/events-platform/routes/users-router.ts","statementMap":{"0":{"start":{"line":1,"column":0},"end":{"line":1,"column":49}},"1":{"start":{"line":2,"column":20},"end":{"line":2,"column":28}},"2":{"start":{"line":3,"column":0},"end":{"line":3,"column":null}},"3":{"start":{"line":12,"column":0},"end":{"line":12,"column":62}},"4":{"start":{"line":14,"column":24},"end":{"line":14,"column":50}},"5":{"start":{"line":15,"column":27},"end":{"line":15,"column":56}},"6":{"start":{"line":16,"column":33},"end":{"line":16,"column":68}},"7":{"start":{"line":17,"column":30},"end":{"line":17,"column":62}},"8":{"start":{"line":18,"column":26},"end":{"line":18,"column":54}},"9":{"start":{"line":19,"column":30},"end":{"line":19,"column":62}},"10":{"start":{"line":20,"column":30},"end":{"line":20,"column":62}},"11":{"start":{"line":21,"column":28},"end":{"line":21,"column":58}},"12":{"start":{"line":24,"column":0},"end":{"line":24,"column":38}},"13":{"start":{"line":25,"column":0},"end":{"line":25,"column":65}},"14":{"start":{"line":26,"column":0},"end":{"line":26,"column":56}},"15":{"start":{"line":27,"column":0},"end":{"line":27,"column":44}},"16":{"start":{"line":28,"column":0},"end":{"line":28,"column":41}},"17":{"start":{"line":31,"column":0},"end":{"line":31,"column":70}},"18":{"start":{"line":32,"column":0},"end":{"line":32,"column":71}},"19":{"start":{"line":34,"column":0},"end":{"line":34,"column":27}}},"fnMap":{},"branchMap":{},"s":{"0":1,"1":1,"2":1,"3":1,"4":1,"5":1,"6":1,"7":1,"8":1,"9":1,"10":1,"11":1,"12":1,"13":1,"14":1,"15":1,"16":1,"17":1,"18":1,"19":1},"f":{},"b":{}}
,"/Users/tward/Desktop/Coding/freelancing/nc/events-platform/utils/converters.ts": {"path":"/Users/tward/Desktop/Coding/freelancing/nc/events-platform/utils/converters.ts","statementMap":{"0":{"start":{"line":10,"column":24},"end":{"line":16,"column":1}},"1":{"start":{"line":13,"column":2},"end":{"line":13,"column":73}},"2":{"start":{"line":13,"column":61},"end":{"line":13,"column":73}},"3":{"start":{"line":14,"column":14},"end":{"line":14,"column":27}},"4":{"start":{"line":15,"column":2},"end":{"line":15,"column":33}},"5":{"start":{"line":10,"column":13},"end":{"line":10,"column":24}},"6":{"start":{"line":23,"column":25},"end":{"line":32,"column":1}},"7":{"start":{"line":27,"column":2},"end":{"line":27,"column":65}},"8":{"start":{"line":27,"column":45},"end":{"line":27,"column":65}},"9":{"start":{"line":28,"column":2},"end":{"line":28,"column":47}},"10":{"start":{"line":28,"column":34},"end":{"line":28,"column":47}},"11":{"start":{"line":29,"column":2},"end":{"line":29,"column":36}},"12":{"start":{"line":29,"column":24},"end":{"line":29,"column":36}},"13":{"start":{"line":30,"column":2},"end":{"line":30,"column":38}},"14":{"start":{"line":30,"column":25},"end":{"line":30,"column":38}},"15":{"start":{"line":31,"column":2},"end":{"line":31,"column":22}},"16":{"start":{"line":23,"column":13},"end":{"line":23,"column":25}},"17":{"start":{"line":40,"column":26},"end":{"line":51,"column":1}},"18":{"start":{"line":44,"column":17},"end":{"line":44,"column":35}},"19":{"start":{"line":45,"column":2},"end":{"line":49,"column":5}},"20":{"start":{"line":46,"column":4},"end":{"line":48,"column":5}},"21":{"start":{"line":47,"column":7},"end":{"line":47,"column":66}},"22":{"start":{"line":50,"column":2},"end":{"line":50,"column":16}},"23":{"start":{"line":40,"column":13},"end":{"line":40,"column":26}},"24":{"start":{"line":59,"column":33},"end":{"line":64,"column":1}},"25":{"start":{"line":63,"column":2},"end":{"line":63,"column":63}},"26":{"start":{"line":63,"column":33},"end":{"line":63,"column":61}},"27":{"start":{"line":59,"column":13},"end":{"line":59,"column":33}}},"fnMap":{"0":{"name":"(anonymous_0)","decl":{"start":{"line":10,"column":24},"end":{"line":10,"column":null}},"loc":{"start":{"line":12,"column":19},"end":{"line":16,"column":1}}},"1":{"name":"(anonymous_1)","decl":{"start":{"line":23,"column":25},"end":{"line":23,"column":null}},"loc":{"start":{"line":26,"column":13},"end":{"line":32,"column":1}}},"2":{"name":"(anonymous_2)","decl":{"start":{"line":40,"column":26},"end":{"line":40,"column":null}},"loc":{"start":{"line":43,"column":7},"end":{"line":51,"column":1}}},"3":{"name":"(anonymous_3)","decl":{"start":{"line":45,"column":19},"end":{"line":45,"column":20}},"loc":{"start":{"line":45,"column":29},"end":{"line":49,"column":3}}},"4":{"name":"(anonymous_4)","decl":{"start":{"line":59,"column":33},"end":{"line":59,"column":null}},"loc":{"start":{"line":62,"column":9},"end":{"line":64,"column":1}}},"5":{"name":"(anonymous_5)","decl":{"start":{"line":63,"column":21},"end":{"line":63,"column":22}},"loc":{"start":{"line":63,"column":33},"end":{"line":63,"column":61}}}},"branchMap":{"0":{"loc":{"start":{"line":13,"column":2},"end":{"line":13,"column":73}},"type":"if","locations":[{"start":{"line":13,"column":2},"end":{"line":13,"column":73}}]},"1":{"loc":{"start":{"line":13,"column":6},"end":{"line":13,"column":59}},"type":"binary-expr","locations":[{"start":{"line":13,"column":6},"end":{"line":13,"column":20}},{"start":{"line":13,"column":24},"end":{"line":13,"column":43}},{"start":{"line":13,"column":47},"end":{"line":13,"column":59}}]},"2":{"loc":{"start":{"line":15,"column":9},"end":{"line":15,"column":32}},"type":"cond-expr","locations":[{"start":{"line":15,"column":22},"end":{"line":15,"column":26}},{"start":{"line":15,"column":29},"end":{"line":15,"column":32}}]},"3":{"loc":{"start":{"line":25,"column":2},"end":{"line":25,"column":22}},"type":"default-arg","locations":[{"start":{"line":25,"column":17},"end":{"line":25,"column":22}}]},"4":{"loc":{"start":{"line":27,"column":2},"end":{"line":27,"column":65}},"type":"if","locations":[{"start":{"line":27,"column":2},"end":{"line":27,"column":65}}]},"5":{"loc":{"start":{"line":27,"column":6},"end":{"line":27,"column":43}},"type":"binary-expr","locations":[{"start":{"line":27,"column":6},"end":{"line":27,"column":20}},{"start":{"line":27,"column":24},"end":{"line":27,"column":43}}]},"6":{"loc":{"start":{"line":28,"column":2},"end":{"line":28,"column":47}},"type":"if","locations":[{"start":{"line":28,"column":2},"end":{"line":28,"column":47}}]},"7":{"loc":{"start":{"line":29,"column":2},"end":{"line":29,"column":36}},"type":"if","locations":[{"start":{"line":29,"column":2},"end":{"line":29,"column":36}}]},"8":{"loc":{"start":{"line":30,"column":2},"end":{"line":30,"column":38}},"type":"if","locations":[{"start":{"line":30,"column":2},"end":{"line":30,"column":38}}]},"9":{"loc":{"start":{"line":46,"column":4},"end":{"line":48,"column":5}},"type":"if","locations":[{"start":{"line":46,"column":4},"end":{"line":48,"column":5}}]}},"s":{"0":1,"1":171,"2":0,"3":171,"4":171,"5":1,"6":1,"7":0,"8":0,"9":0,"10":0,"11":0,"12":0,"13":0,"14":0,"15":0,"16":1,"17":1,"18":36,"19":36,"20":144,"21":144,"22":36,"23":1,"24":1,"25":3,"26":7,"27":1},"f":{"0":171,"1":0,"2":36,"3":144,"4":3,"5":7},"b":{"0":[0],"1":[171,171,171],"2":[0,171],"3":[0],"4":[0],"5":[0,0],"6":[0],"7":[0],"8":[0],"9":[144]}}
,"/Users/tward/Desktop/Coding/freelancing/nc/events-platform/utils/db-transaction.ts": {"path":"/Users/tward/Desktop/Coding/freelancing/nc/events-platform/utils/db-transaction.ts","statementMap":{"0":{"start":{"line":4,"column":0},"end":{"line":4,"column":34}},"1":{"start":{"line":13,"column":34},"end":{"line":29,"column":2}},"2":{"start":{"line":15,"column":16},"end":{"line":29,"column":2}},"3":{"start":{"line":16,"column":17},"end":{"line":16,"column":35}},"4":{"start":{"line":18,"column":2},"end":{"line":28,"column":3}},"5":{"start":{"line":19,"column":4},"end":{"line":19,"column":32}},"6":{"start":{"line":20,"column":19},"end":{"line":20,"column":41}},"7":{"start":{"line":21,"column":4},"end":{"line":21,"column":33}},"8":{"start":{"line":22,"column":4},"end":{"line":22,"column":18}},"9":{"start":{"line":24,"column":4},"end":{"line":24,"column":35}},"10":{"start":{"line":25,"column":4},"end":{"line":25,"column":16}},"11":{"start":{"line":27,"column":4},"end":{"line":27,"column":21}},"12":{"start":{"line":13,"column":13},"end":{"line":13,"column":34}},"13":{"start":{"line":39,"column":34},"end":{"line":55,"column":2}},"14":{"start":{"line":44,"column":16},"end":{"line":55,"column":2}},"15":{"start":{"line":45,"column":2},"end":{"line":54,"column":5}},"16":{"start":{"line":45,"column":45},"end":{"line":54,"column":4}},"17":{"start":{"line":47,"column":4},"end":{"line":50,"column":6}},"18":{"start":{"line":53,"column":4},"end":{"line":53,"column":34}},"19":{"start":{"line":39,"column":13},"end":{"line":39,"column":34}},"20":{"start":{"line":64,"column":31},"end":{"line":82,"column":2}},"21":{"start":{"line":66,"column":16},"end":{"line":82,"column":2}},"22":{"start":{"line":67,"column":17},"end":{"line":67,"column":35}},"23":{"start":{"line":69,"column":2},"end":{"line":81,"column":3}},"24":{"start":{"line":70,"column":4},"end":{"line":70,"column":32}},"25":{"start":{"line":72,"column":19},"end":{"line":72,"column":41}},"26":{"start":{"line":74,"column":4},"end":{"line":74,"column":33}},"27":{"start":{"line":75,"column":4},"end":{"line":75,"column":18}},"28":{"start":{"line":77,"column":4},"end":{"line":77,"column":35}},"29":{"start":{"line":78,"column":4},"end":{"line":78,"column":16}},"30":{"start":{"line":80,"column":4},"end":{"line":80,"column":21}},"31":{"start":{"line":64,"column":13},"end":{"line":64,"column":31}}},"fnMap":{"0":{"name":"(anonymous_8)","decl":{"start":{"line":13,"column":34},"end":{"line":13,"column":null}},"loc":{"start":{"line":15,"column":16},"end":{"line":29,"column":2}}},"1":{"name":"(anonymous_9)","decl":{"start":{"line":15,"column":16},"end":{"line":15,"column":null}},"loc":{"start":{"line":15,"column":16},"end":{"line":29,"column":1}}},"2":{"name":"(anonymous_10)","decl":{"start":{"line":39,"column":34},"end":{"line":39,"column":null}},"loc":{"start":{"line":44,"column":16},"end":{"line":55,"column":2}}},"3":{"name":"(anonymous_11)","decl":{"start":{"line":44,"column":16},"end":{"line":44,"column":null}},"loc":{"start":{"line":44,"column":16},"end":{"line":55,"column":1}}},"4":{"name":"(anonymous_12)","decl":{"start":{"line":45,"column":28},"end":{"line":45,"column":35}},"loc":{"start":{"line":45,"column":45},"end":{"line":54,"column":4}}},"5":{"name":"(anonymous_13)","decl":{"start":{"line":45,"column":45},"end":{"line":45,"column":null}},"loc":{"start":{"line":45,"column":45},"end":{"line":54,"column":3}}},"6":{"name":"(anonymous_14)","decl":{"start":{"line":64,"column":31},"end":{"line":64,"column":null}},"loc":{"start":{"line":66,"column":16},"end":{"line":82,"column":2}}},"7":{"name":"(anonymous_15)","decl":{"start":{"line":66,"column":16},"end":{"line":66,"column":null}},"loc":{"start":{"line":66,"column":16},"end":{"line":82,"column":1}}}},"branchMap":{},"s":{"0":1,"1":1,"2":16,"3":16,"4":16,"5":16,"6":16,"7":11,"8":11,"9":5,"10":5,"11":16,"12":1,"13":1,"14":11,"15":11,"16":11,"17":11,"18":11,"19":1,"20":1,"21":0,"22":0,"23":0,"24":0,"25":0,"26":0,"27":0,"28":0,"29":0,"30":0,"31":1},"f":{"0":16,"1":16,"2":11,"3":11,"4":11,"5":11,"6":0,"7":0},"b":{}}
,"/Users/tward/Desktop/Coding/freelancing/nc/events-platform/utils/error-handlers.ts": {"path":"/Users/tward/Desktop/Coding/freelancing/nc/events-platform/utils/error-handlers.ts","statementMap":{"0":{"start":{"line":15,"column":38},"end":{"line":36,"column":1}},"1":{"start":{"line":18,"column":24},"end":{"line":22,"column":41}},"2":{"start":{"line":20,"column":22},"end":{"line":20,"column":75}},"3":{"start":{"line":22,"column":20},"end":{"line":22,"column":40}},"4":{"start":{"line":24,"column":2},"end":{"line":33,"column":3}},"5":{"start":{"line":25,"column":4},"end":{"line":32,"column":6}},"6":{"start":{"line":35,"column":2},"end":{"line":35,"column":19}},"7":{"start":{"line":15,"column":13},"end":{"line":15,"column":38}},"8":{"start":{"line":45,"column":26},"end":{"line":54,"column":1}},"9":{"start":{"line":46,"column":16},"end":{"line":46,"column":26}},"10":{"start":{"line":47,"column":2},"end":{"line":52,"column":3}},"11":{"start":{"line":48,"column":4},"end":{"line":51,"column":6}},"12":{"start":{"line":53,"column":2},"end":{"line":53,"column":15}},"13":{"start":{"line":45,"column":13},"end":{"line":45,"column":26}}},"fnMap":{"0":{"name":"(anonymous_0)","decl":{"start":{"line":15,"column":38},"end":{"line":15,"column":null}},"loc":{"start":{"line":17,"column":26},"end":{"line":36,"column":1}}},"1":{"name":"(anonymous_1)","decl":{"start":{"line":20,"column":6},"end":{"line":20,"column":7}},"loc":{"start":{"line":20,"column":22},"end":{"line":20,"column":75}}},"2":{"name":"(anonymous_2)","decl":{"start":{"line":22,"column":9},"end":{"line":22,"column":10}},"loc":{"start":{"line":22,"column":20},"end":{"line":22,"column":40}}},"3":{"name":"(anonymous_3)","decl":{"start":{"line":45,"column":26},"end":{"line":45,"column":27}},"loc":{"start":{"line":45,"column":66},"end":{"line":54,"column":1}}}},"branchMap":{"0":{"loc":{"start":{"line":20,"column":22},"end":{"line":20,"column":75}},"type":"binary-expr","locations":[{"start":{"line":20,"column":22},"end":{"line":20,"column":41}},{"start":{"line":20,"column":45},"end":{"line":20,"column":59}},{"start":{"line":20,"column":63},"end":{"line":20,"column":75}}]},"1":{"loc":{"start":{"line":24,"column":2},"end":{"line":33,"column":3}},"type":"if","locations":[{"start":{"line":24,"column":2},"end":{"line":33,"column":3}}]},"2":{"loc":{"start":{"line":28,"column":8},"end":{"line":30,"column":37}},"type":"cond-expr","locations":[{"start":{"line":29,"column":12},"end":{"line":29,"column":28}},{"start":{"line":30,"column":12},"end":{"line":30,"column":37}}]},"3":{"loc":{"start":{"line":47,"column":2},"end":{"line":52,"column":3}},"type":"if","locations":[{"start":{"line":47,"column":2},"end":{"line":52,"column":3}}]},"4":{"loc":{"start":{"line":47,"column":6},"end":{"line":47,"column":32}},"type":"binary-expr","locations":[{"start":{"line":47,"column":6},"end":{"line":47,"column":18}},{"start":{"line":47,"column":22},"end":{"line":47,"column":32}}]}},"s":{"0":1,"1":10,"2":30,"3":3,"4":10,"5":1,"6":9,"7":1,"8":1,"9":33,"10":33,"11":0,"12":33,"13":1},"f":{"0":10,"1":30,"2":3,"3":33},"b":{"0":[30,27,27],"1":[1],"2":[0,1],"3":[0],"4":[33,33]}}
}
