TN:
SF:app.ts
FN:22,(anonymous_1)
FN:34,(anonymous_2)
FNF:2
FNH:1
FNDA:1,(anonymous_1)
FNDA:0,(anonymous_2)
DA:1,9
DA:2,9
DA:3,9
DA:4,9
DA:11,9
DA:13,9
DA:17,9
DA:20,9
DA:22,9
DA:23,1
DA:26,9
DA:29,9
DA:30,9
DA:31,9
DA:34,9
DA:35,0
DA:38,9
LF:17
LH:16
BRF:0
BRH:0
end_of_record
TN:
SF:controllers/admin-controller.ts
FN:19,(anonymous_7)
FN:23,(anonymous_8)
FN:56,(anonymous_9)
FN:56,(anonymous_10)
FN:91,(anonymous_11)
FN:95,(anonymous_12)
FNF:6
FNH:6
FNDA:2,(anonymous_7)
FNDA:2,(anonymous_8)
FNDA:1,(anonymous_9)
FNDA:1,(anonymous_10)
FNDA:5,(anonymous_11)
FNDA:5,(anonymous_12)
DA:2,9
DA:3,9
DA:7,9
DA:8,9
DA:9,9
DA:10,9
DA:11,9
DA:19,9
DA:23,2
DA:24,2
DA:26,2
DA:27,0
DA:34,2
DA:35,2
DA:36,1
DA:43,1
DA:46,1
DA:49,1
DA:52,1
DA:55,1
DA:56,1
DA:57,1
DA:61,1
DA:64,1
DA:67,1
DA:70,1
DA:82,1
DA:87,0
DA:91,9
DA:95,5
DA:96,5
DA:98,5
DA:99,0
DA:106,5
DA:107,5
DA:108,1
DA:114,4
DA:115,4
DA:117,4
DA:118,1
DA:124,3
DA:125,2
DA:126,0
DA:132,2
DA:133,2
DA:135,2
DA:140,1
LF:47
LH:43
BRDA:26,0,0,0
BRDA:35,1,0,1
BRDA:98,2,0,0
BRDA:107,3,0,1
BRDA:117,4,0,1
BRDA:125,5,0,0
BRF:6
BRH:3
end_of_record
TN:
SF:controllers/auth-controller.ts
FN:36,(anonymous_9)
FN:36,(anonymous_10)
FN:106,(anonymous_11)
FN:110,(anonymous_12)
FN:156,(anonymous_13)
FN:156,(anonymous_14)
FN:216,(anonymous_15)
FN:220,(anonymous_16)
FN:285,(anonymous_17)
FN:289,(anonymous_18)
FN:356,(anonymous_19)
FN:360,(anonymous_20)
FNF:12
FNH:12
FNDA:220,(anonymous_9)
FNDA:220,(anonymous_10)
FNDA:18,(anonymous_11)
FNDA:18,(anonymous_12)
FNDA:16,(anonymous_13)
FNDA:16,(anonymous_14)
FNDA:207,(anonymous_15)
FNDA:207,(anonymous_16)
FNDA:6,(anonymous_17)
FNDA:6,(anonymous_18)
FNDA:2,(anonymous_19)
FNDA:2,(anonymous_20)
DA:2,9
DA:3,9
DA:4,9
DA:9,9
DA:14,9
DA:26,9
DA:29,9
DA:31,9
DA:32,9
DA:33,9
DA:36,220
DA:38,220
DA:41,220
DA:51,220
DA:61,220
DA:77,220
DA:79,220
DA:81,220
DA:82,0
DA:84,0
DA:85,0
DA:87,0
DA:90,0
DA:93,0
DA:96,220
DA:97,220
DA:100,220
DA:102,220
DA:106,9
DA:110,18
DA:111,18
DA:112,18
DA:120,18
DA:123,18
DA:124,18
DA:126,1
DA:132,17
DA:133,0
DA:137,17
DA:138,17
DA:140,1
DA:146,16
DA:147,0
DA:152,16
DA:153,16
DA:156,16
DA:158,16
DA:159,16
DA:161,16
DA:162,16
DA:165,16
DA:166,4
DA:167,2
DA:174,2
DA:180,2
DA:188,14
DA:191,14
DA:193,14
DA:196,14
DA:211,2
DA:216,9
DA:220,207
DA:221,207
DA:222,207
DA:225,207
DA:226,207
DA:229,206
DA:230,0
DA:237,206
DA:241,206
DA:242,1
DA:249,205
DA:252,205
DA:255,205
DA:257,205
DA:271,1
DA:272,1
DA:277,0
DA:280,0
DA:285,9
DA:289,6
DA:290,6
DA:291,6
DA:293,6
DA:294,0
DA:301,6
DA:302,6
DA:303,5
DA:310,1
DA:311,1
DA:320,1
DA:332,1
DA:335,1
DA:337,1
DA:343,0
DA:345,0
DA:351,0
DA:356,9
DA:360,2
DA:361,2
DA:362,2
DA:364,2
DA:365,0
DA:372,2
DA:374,2
DA:379,0
LF:106
LH:89
BRDA:29,0,0,9
BRDA:29,0,1,0
BRDA:31,1,0,9
BRDA:31,1,1,9
BRDA:32,2,0,9
BRDA:32,2,1,9
BRDA:33,3,0,9
BRDA:33,3,1,9
BRDA:45,4,0,187
BRDA:45,4,1,33
BRDA:77,5,0,220
BRDA:77,5,1,0
BRDA:79,6,0,220
BRDA:79,6,1,0
BRDA:82,7,0,0
BRDA:82,7,1,0
BRDA:85,8,0,0
BRDA:85,8,1,0
BRDA:90,9,0,0
BRDA:90,9,1,0
BRDA:132,10,0,0
BRDA:146,11,0,0
BRDA:165,12,0,4
BRDA:166,13,0,2
BRDA:206,14,0,14
BRDA:206,14,1,2
BRDA:207,15,0,14
BRDA:207,15,1,2
BRDA:229,16,0,0
BRDA:241,17,0,1
BRDA:271,18,0,1
BRDA:293,19,0,0
BRDA:302,20,0,5
BRDA:364,21,0,0
BRF:34
BRH:20
end_of_record
TN:
SF:controllers/events-controller.ts
FN:31,(anonymous_7)
FN:35,(anonymous_8)
FN:44,(anonymous_9)
FN:48,(anonymous_10)
FN:64,(anonymous_11)
FN:68,(anonymous_12)
FN:78,(anonymous_13)
FN:82,(anonymous_14)
FN:100,(anonymous_15)
FN:104,(anonymous_16)
FN:187,(anonymous_17)
FN:191,(anonymous_18)
FN:259,(anonymous_19)
FN:263,(anonymous_20)
FN:312,(anonymous_21)
FN:316,(anonymous_22)
FN:387,(anonymous_23)
FN:391,(anonymous_24)
FN:401,(anonymous_25)
FN:405,(anonymous_26)
FN:415,(anonymous_27)
FN:419,(anonymous_28)
FN:438,(anonymous_29)
FN:442,(anonymous_30)
FN:537,(anonymous_31)
FN:541,(anonymous_32)
FN:595,(anonymous_33)
FN:599,(anonymous_34)
FN:619,oo_cm
FNF:29
FNH:29
FNDA:6,(anonymous_7)
FNDA:6,(anonymous_8)
FNDA:2,(anonymous_9)
FNDA:2,(anonymous_10)
FNDA:7,(anonymous_11)
FNDA:7,(anonymous_12)
FNDA:2,(anonymous_13)
FNDA:2,(anonymous_14)
FNDA:98,(anonymous_15)
FNDA:98,(anonymous_16)
FNDA:10,(anonymous_17)
FNDA:10,(anonymous_18)
FNDA:4,(anonymous_19)
FNDA:4,(anonymous_20)
FNDA:2,(anonymous_21)
FNDA:2,(anonymous_22)
FNDA:2,(anonymous_23)
FNDA:2,(anonymous_24)
FNDA:2,(anonymous_25)
FNDA:2,(anonymous_26)
FNDA:2,(anonymous_27)
FNDA:2,(anonymous_28)
FNDA:29,(anonymous_29)
FNDA:29,(anonymous_30)
FNDA:5,(anonymous_31)
FNDA:5,(anonymous_32)
FNDA:7,(anonymous_33)
FNDA:7,(anonymous_34)
FNDA:5,oo_cm
DA:2,9
DA:20,9
DA:21,9
DA:31,9
DA:35,6
DA:36,6
DA:37,6
DA:38,6
DA:40,0
DA:44,9
DA:48,2
DA:49,2
DA:50,2
DA:51,0
DA:57,2
DA:58,2
DA:60,0
DA:64,9
DA:68,7
DA:69,7
DA:70,7
DA:71,7
DA:72,2
DA:74,5
DA:78,9
DA:82,2
DA:83,2
DA:85,2
DA:86,0
DA:92,2
DA:93,2
DA:94,1
DA:96,1
DA:100,9
DA:104,98
DA:118,98
DA:121,98
DA:122,0
DA:128,98
DA:130,98
DA:134,98
DA:135,0
DA:142,98
DA:145,98
DA:149,3
DA:157,95
DA:158,95
DA:161,95
DA:162,95
DA:163,95
DA:166,95
DA:181,95
DA:183,0
DA:187,9
DA:191,10
DA:192,10
DA:193,10
DA:196,10
DA:197,0
DA:203,10
DA:206,10
DA:207,10
DA:209,3
DA:210,3
DA:215,0
DA:219,7
DA:223,7
DA:228,2
DA:237,5
DA:238,5
DA:239,0
DA:240,5
DA:241,1
DA:242,5
DA:243,5
DA:244,0
DA:245,5
DA:246,0
DA:249,5
DA:253,5
DA:255,0
DA:259,9
DA:263,4
DA:264,4
DA:267,4
DA:268,0
DA:274,4
DA:277,4
DA:278,4
DA:280,1
DA:281,1
DA:286,0
DA:290,3
DA:294,3
DA:299,1
DA:305,2
DA:306,2
DA:308,0
DA:312,9
DA:316,2
DA:317,2
DA:318,2
DA:321,2
DA:323,2
DA:324,2
DA:326,2
DA:327,2
DA:329,2
DA:332,2
DA:334,0
DA:335,0
DA:343,0
DA:350,0
DA:351,0
DA:353,0
DA:361,0
DA:362,0
DA:364,0
DA:372,0
DA:380,2
DA:381,2
DA:383,0
DA:387,9
DA:391,2
DA:392,2
DA:393,2
DA:394,2
DA:395,2
DA:397,0
DA:401,9
DA:405,2
DA:406,2
DA:407,2
DA:408,2
DA:409,2
DA:411,0
DA:415,9
DA:419,2
DA:420,2
DA:422,2
DA:423,0
DA:429,2
DA:430,2
DA:431,2
DA:433,0
DA:438,9
DA:442,29
DA:443,29
DA:444,29
DA:447,29
DA:448,0
DA:452,29
DA:453,1
DA:457,28
DA:461,28
DA:464,28
DA:468,28
DA:474,23
DA:475,23
DA:492,23
DA:501,23
DA:515,0
DA:518,0
DA:522,23
DA:524,23
DA:531,5
DA:532,5
DA:537,9
DA:541,5
DA:542,5
DA:543,5
DA:546,5
DA:547,0
DA:551,5
DA:555,5
DA:556,1
DA:562,4
DA:563,0
DA:568,4
DA:569,4
DA:573,3
DA:579,1
DA:583,1
DA:587,0
DA:590,0
DA:595,9
DA:599,7
DA:600,7
DA:601,7
DA:603,7
DA:605,4
DA:610,3
DA:619,9
LF:193
LH:155
BRDA:50,0,0,0
BRDA:85,1,0,0
BRDA:121,2,0,0
BRDA:134,3,0,0
BRDA:142,4,0,97
BRDA:142,4,1,1
BRDA:145,5,0,3
BRDA:146,6,0,98
BRDA:146,6,1,95
BRDA:146,6,2,2
BRDA:157,7,0,95
BRDA:157,7,1,2
BRDA:158,8,0,79
BRDA:158,8,1,16
BRDA:161,9,0,0
BRDA:161,9,1,95
BRDA:162,10,0,95
BRDA:162,11,0,95
BRDA:162,11,1,95
BRDA:169,12,0,95
BRDA:169,12,1,2
BRDA:170,13,0,95
BRDA:170,13,1,13
BRDA:173,14,0,31
BRDA:173,14,1,64
BRDA:174,15,0,0
BRDA:174,15,1,95
BRDA:175,16,0,95
BRDA:175,16,1,81
BRDA:196,17,0,0
BRDA:209,18,0,3
BRDA:223,19,0,2
BRDA:224,20,0,7
BRDA:224,20,1,7
BRDA:224,20,2,5
BRDA:224,20,3,1
BRDA:237,21,0,0
BRDA:238,22,0,0
BRDA:240,23,0,1
BRDA:242,24,0,1
BRDA:243,25,0,0
BRDA:245,26,0,0
BRDA:267,27,0,0
BRDA:280,28,0,1
BRDA:294,29,0,1
BRDA:295,30,0,3
BRDA:295,30,1,3
BRDA:295,30,2,2
BRDA:295,30,3,0
BRDA:323,31,0,2
BRDA:323,31,1,0
BRDA:326,32,0,2
BRDA:326,32,1,0
BRDA:332,33,0,0
BRDA:334,34,0,0
BRDA:393,35,0,1
BRDA:393,35,1,1
BRDA:422,36,0,0
BRDA:447,37,0,0
BRDA:447,38,0,29
BRDA:447,38,1,29
BRDA:452,39,0,1
BRDA:452,40,0,29
BRDA:452,40,1,29
BRDA:461,41,0,28
BRDA:474,42,0,23
BRDA:474,42,1,0
BRDA:522,43,0,1
BRDA:522,43,1,22
BRDA:525,44,0,1
BRDA:525,44,1,22
BRDA:546,45,0,0
BRDA:546,46,0,5
BRDA:546,46,1,5
BRDA:555,47,0,1
BRDA:562,48,0,0
BRDA:579,49,0,1
BRDA:580,50,0,1
BRDA:580,50,1,1
BRDA:607,51,0,4
BRDA:607,51,1,3
BRDA:619,52,0,5
BRDA:619,52,1,1
BRF:83
BRH:61
end_of_record
TN:
SF:controllers/stripe-controller.ts
FN:35,(anonymous_8)
FN:38,(anonymous_9)
FN:45,(anonymous_10)
FN:48,(anonymous_11)
FN:136,(anonymous_12)
FN:139,(anonymous_13)
FN:231,(anonymous_14)
FN:234,(anonymous_15)
FN:284,processSuccessfulPayment
FN:333,handleFailedPayment
FN:347,oo_cm
FNF:11
FNH:10
FNDA:1,(anonymous_8)
FNDA:1,(anonymous_9)
FNDA:4,(anonymous_10)
FNDA:4,(anonymous_11)
FNDA:4,(anonymous_12)
FNDA:4,(anonymous_13)
FNDA:1,(anonymous_14)
FNDA:1,(anonymous_15)
FNDA:1,processSuccessfulPayment
FNDA:0,handleFailedPayment
FNDA:2,oo_cm
DA:2,9
DA:3,9
DA:4,9
DA:16,9
DA:17,9
DA:20,9
DA:21,9
DA:22,0
DA:28,9
DA:35,9
DA:38,1
DA:39,1
DA:41,1
DA:42,1
DA:45,9
DA:48,4
DA:49,4
DA:50,4
DA:53,4
DA:54,0
DA:59,0
DA:62,4
DA:64,4
DA:66,3
DA:67,0
DA:68,0
DA:72,3
DA:74,2
DA:75,0
DA:76,0
DA:79,2
DA:81,2
DA:82,2
DA:86,2
DA:87,2
DA:91,2
DA:120,2
DA:124,2
DA:126,2
DA:128,2
DA:129,2
DA:131,0
DA:136,9
DA:139,4
DA:140,4
DA:143,4
DA:144,0
DA:149,0
DA:152,4
DA:154,4
DA:157,4
DA:158,4
DA:164,4
DA:166,4
DA:167,1
DA:172,1
DA:177,3
DA:182,3
DA:183,0
DA:185,3
DA:186,3
DA:190,3
DA:191,3
DA:197,3
DA:200,3
DA:208,3
DA:211,3
DA:213,3
DA:218,3
DA:221,0
DA:226,0
DA:227,0
DA:231,9
DA:234,1
DA:235,1
DA:238,1
DA:239,0
DA:244,0
DA:249,1
DA:251,1
DA:257,0
DA:261,0
DA:262,0
DA:266,1
DA:268,1
DA:269,1
DA:270,1
DA:273,0
DA:274,0
DA:275,0
DA:280,1
DA:285,1
DA:290,1
DA:292,1
DA:294,1
DA:295,0
DA:300,1
DA:303,1
DA:304,0
DA:306,1
DA:307,1
DA:310,1
DA:311,1
DA:317,1
DA:319,1
DA:327,1
DA:329,0
DA:334,0
DA:336,0
DA:338,0
DA:347,9
LF:111
LH:83
BRDA:21,0,0,0
BRDA:29,1,0,9
BRDA:29,1,1,0
BRDA:53,2,0,0
BRDA:66,3,0,0
BRDA:74,4,0,0
BRDA:81,5,0,2
BRDA:100,6,0,2
BRDA:100,6,1,0
BRDA:109,7,0,2
BRDA:109,7,1,0
BRDA:112,8,0,2
BRDA:112,8,1,0
BRDA:128,9,0,2
BRDA:128,9,1,0
BRDA:128,10,0,2
BRDA:128,10,1,2
BRDA:143,11,0,0
BRDA:157,12,0,4
BRDA:166,13,0,1
BRDA:182,14,0,0
BRDA:182,14,1,3
BRDA:205,15,0,3
BRDA:205,15,1,0
BRDA:238,16,0,0
BRDA:238,17,0,1
BRDA:238,17,1,1
BRDA:254,18,0,1
BRDA:254,18,1,0
BRDA:266,19,0,1
BRDA:266,19,1,0
BRDA:294,20,0,0
BRDA:303,21,0,0
BRDA:303,21,1,1
BRDA:324,22,0,1
BRDA:324,22,1,0
BRDA:347,23,0,2
BRDA:347,23,1,1
BRF:38
BRH:20
end_of_record
TN:
SF:controllers/teams-controller.ts
FN:20,(anonymous_8)
FN:24,(anonymous_9)
FN:33,(anonymous_10)
FN:37,(anonymous_11)
FN:53,(anonymous_12)
FN:57,(anonymous_13)
FN:73,(anonymous_14)
FN:77,(anonymous_15)
FN:103,(anonymous_16)
FN:103,(anonymous_17)
FN:131,(anonymous_18)
FN:135,(anonymous_19)
FN:170,(anonymous_20)
FN:174,(anonymous_21)
FN:224,(anonymous_22)
FN:228,(anonymous_23)
FN:238,(anonymous_24)
FN:242,(anonymous_25)
FN:255,(anonymous_26)
FN:259,(anonymous_27)
FN:275,(anonymous_28)
FN:279,(anonymous_29)
FN:295,(anonymous_30)
FN:299,(anonymous_31)
FN:315,(anonymous_32)
FN:319,(anonymous_33)
FNF:26
FNH:24
FNDA:2,(anonymous_8)
FNDA:2,(anonymous_9)
FNDA:5,(anonymous_10)
FNDA:5,(anonymous_11)
FNDA:0,(anonymous_12)
FNDA:0,(anonymous_13)
FNDA:13,(anonymous_14)
FNDA:13,(anonymous_15)
FNDA:12,(anonymous_16)
FNDA:12,(anonymous_17)
FNDA:4,(anonymous_18)
FNDA:4,(anonymous_19)
FNDA:3,(anonymous_20)
FNDA:3,(anonymous_21)
FNDA:2,(anonymous_22)
FNDA:2,(anonymous_23)
FNDA:2,(anonymous_24)
FNDA:2,(anonymous_25)
FNDA:2,(anonymous_26)
FNDA:2,(anonymous_27)
FNDA:2,(anonymous_28)
FNDA:2,(anonymous_29)
FNDA:2,(anonymous_30)
FNDA:2,(anonymous_31)
FNDA:8,(anonymous_32)
FNDA:8,(anonymous_33)
DA:2,9
DA:15,9
DA:16,9
DA:18,9
DA:20,9
DA:24,2
DA:25,2
DA:26,2
DA:27,2
DA:29,0
DA:33,9
DA:37,5
DA:38,5
DA:39,5
DA:40,5
DA:41,1
DA:43,4
DA:44,3
DA:49,1
DA:53,9
DA:57,0
DA:58,0
DA:59,0
DA:60,0
DA:61,0
DA:62,0
DA:67,0
DA:69,0
DA:73,9
DA:77,13
DA:78,13
DA:81,13
DA:82,0
DA:90,13
DA:92,13
DA:93,13
DA:94,1
DA:101,12
DA:103,12
DA:105,12
DA:111,12
DA:117,11
DA:120,11
DA:127,1
DA:131,9
DA:135,4
DA:136,4
DA:137,4
DA:140,4
DA:141,0
DA:148,4
DA:150,4
DA:151,0
DA:154,4
DA:155,0
DA:162,4
DA:163,4
DA:164,3
DA:166,1
DA:170,9
DA:174,3
DA:175,3
DA:178,3
DA:179,0
DA:186,3
DA:187,3
DA:190,3
DA:196,0
DA:202,0
DA:208,3
DA:209,3
DA:210,2
DA:212,1
DA:213,1
DA:218,0
DA:224,9
DA:228,2
DA:229,2
DA:230,2
DA:231,2
DA:233,0
DA:238,9
DA:242,2
DA:243,2
DA:244,2
DA:246,2
DA:248,1
DA:249,1
DA:251,1
DA:255,9
DA:259,2
DA:260,2
DA:261,2
DA:262,2
DA:263,2
DA:264,1
DA:269,1
DA:271,0
DA:275,9
DA:279,2
DA:280,2
DA:281,2
DA:282,2
DA:283,2
DA:284,1
DA:289,1
DA:291,0
DA:295,9
DA:299,2
DA:300,2
DA:301,2
DA:302,2
DA:303,2
DA:304,1
DA:309,1
DA:311,0
DA:315,9
DA:319,8
DA:320,8
DA:323,8
DA:324,0
DA:331,8
DA:332,8
DA:335,8
DA:342,0
DA:348,0
DA:359,8
DA:361,8
DA:363,3
DA:364,0
DA:370,3
DA:371,0
DA:376,5
DA:379,5
DA:380,1
DA:382,5
DA:383,1
DA:385,5
DA:386,1
DA:388,5
DA:389,0
DA:391,5
DA:392,0
DA:395,5
DA:396,3
DA:404,0
DA:415,5
DA:416,5
DA:417,5
DA:420,5
DA:422,2
DA:423,2
DA:426,2
DA:427,2
DA:428,1
DA:430,1
DA:437,3
DA:438,3
DA:440,1
DA:448,3
DA:455,3
DA:456,1
DA:463,2
DA:470,0
LF:164
LH:134
BRDA:43,0,0,3
BRDA:61,1,0,0
BRDA:81,2,0,0
BRDA:93,3,0,1
BRDA:140,4,0,0
BRDA:150,5,0,0
BRDA:154,6,0,0
BRDA:157,7,0,0
BRDA:157,7,1,0
BRDA:178,8,0,0
BRDA:190,9,0,0
BRDA:191,10,0,3
BRDA:191,10,1,3
BRDA:191,10,2,3
BRDA:191,10,3,3
BRDA:191,10,4,0
BRDA:212,11,0,1
BRDA:263,12,0,1
BRDA:283,13,0,1
BRDA:303,14,0,1
BRDA:323,15,0,0
BRDA:335,16,0,0
BRDA:336,17,0,8
BRDA:336,17,1,8
BRDA:336,17,2,0
BRDA:336,17,3,8
BRDA:336,17,4,8
BRDA:361,18,0,3
BRDA:361,18,1,5
BRDA:363,19,0,0
BRDA:370,20,0,0
BRDA:376,21,0,5
BRDA:376,21,1,0
BRDA:376,22,0,5
BRDA:376,22,1,1
BRDA:376,22,2,0
BRDA:379,23,0,1
BRDA:382,24,0,1
BRDA:385,25,0,1
BRDA:388,26,0,0
BRDA:391,27,0,0
BRDA:395,28,0,3
BRDA:420,29,0,2
BRDA:420,29,1,3
BRDA:455,30,0,1
BRDA:455,30,1,2
BRF:46
BRH:27
end_of_record
TN:
SF:controllers/tickets-controller.ts
FN:10,(anonymous_17)
FN:14,(anonymous_18)
FN:24,(anonymous_19)
FN:28,(anonymous_20)
FN:39,(anonymous_21)
FN:43,(anonymous_22)
FN:77,(anonymous_23)
FN:81,(anonymous_24)
FN:91,(anonymous_25)
FN:95,(anonymous_26)
FN:125,(anonymous_27)
FN:129,(anonymous_28)
FN:172,(anonymous_29)
FN:176,(anonymous_30)
FN:238,(anonymous_31)
FN:242,(anonymous_32)
FN:274,(anonymous_33)
FN:278,(anonymous_34)
FN:343,(anonymous_35)
FN:347,(anonymous_36)
FNF:20
FNH:18
FNDA:2,(anonymous_17)
FNDA:2,(anonymous_18)
FNDA:4,(anonymous_19)
FNDA:4,(anonymous_20)
FNDA:3,(anonymous_21)
FNDA:3,(anonymous_22)
FNDA:0,(anonymous_23)
FNDA:0,(anonymous_24)
FNDA:7,(anonymous_25)
FNDA:7,(anonymous_26)
FNDA:4,(anonymous_27)
FNDA:4,(anonymous_28)
FNDA:9,(anonymous_29)
FNDA:9,(anonymous_30)
FNDA:4,(anonymous_31)
FNDA:4,(anonymous_32)
FNDA:5,(anonymous_33)
FNDA:5,(anonymous_34)
FNDA:2,(anonymous_35)
FNDA:2,(anonymous_36)
DA:2,9
DA:3,9
DA:5,9
DA:6,9
DA:7,9
DA:10,9
DA:14,2
DA:15,2
DA:16,2
DA:17,2
DA:19,0
DA:24,9
DA:28,4
DA:29,4
DA:30,4
DA:31,4
DA:32,3
DA:34,1
DA:39,9
DA:43,3
DA:44,3
DA:45,3
DA:48,3
DA:49,0
DA:53,3
DA:54,3
DA:56,1
DA:57,1
DA:59,0
DA:63,2
DA:64,0
DA:69,2
DA:70,2
DA:72,0
DA:77,9
DA:81,0
DA:82,0
DA:83,0
DA:84,0
DA:85,0
DA:87,0
DA:91,9
DA:95,7
DA:96,7
DA:97,7
DA:100,7
DA:101,2
DA:107,5
DA:112,3
DA:114,2
DA:115,2
DA:120,0
DA:125,9
DA:129,4
DA:130,4
DA:131,4
DA:133,4
DA:134,0
DA:140,4
DA:143,3
DA:144,1
DA:152,2
DA:153,2
DA:154,1
DA:161,1
DA:167,1
DA:172,9
DA:176,9
DA:177,9
DA:178,9
DA:181,9
DA:187,9
DA:188,1
DA:196,8
DA:197,8
DA:198,8
DA:199,8
DA:201,0
DA:208,8
DA:215,8
DA:225,8
DA:227,8
DA:233,0
DA:238,9
DA:242,4
DA:243,4
DA:244,4
DA:245,4
DA:248,4
DA:249,4
DA:250,1
DA:258,3
DA:263,3
DA:269,0
DA:274,9
DA:278,5
DA:279,5
DA:280,5
DA:283,5
DA:284,0
DA:287,5
DA:290,5
DA:294,4
DA:295,0
DA:302,4
DA:303,0
DA:310,4
DA:311,1
DA:319,3
DA:320,1
DA:327,2
DA:332,2
DA:338,1
DA:343,9
DA:347,2
DA:348,2
DA:349,2
DA:352,2
DA:353,0
DA:356,2
DA:359,2
DA:363,1
DA:364,0
DA:371,1
DA:372,0
DA:378,1
DA:380,1
DA:381,0
DA:387,1
DA:389,1
LF:130
LH:107
BRDA:48,0,0,0
BRDA:48,1,0,3
BRDA:48,1,1,3
BRDA:56,2,0,1
BRDA:63,3,0,0
BRDA:100,4,0,2
BRDA:100,5,0,7
BRDA:100,5,1,6
BRDA:114,6,0,2
BRDA:114,7,0,2
BRDA:114,7,1,2
BRDA:133,8,0,0
BRDA:133,9,0,4
BRDA:133,9,1,4
BRDA:143,10,0,1
BRDA:153,11,0,1
BRDA:187,12,0,1
BRDA:249,13,0,1
BRDA:249,14,0,4
BRDA:249,14,1,4
BRDA:283,15,0,0
BRDA:283,16,0,5
BRDA:283,16,1,5
BRDA:294,17,0,0
BRDA:302,18,0,0
BRDA:310,19,0,1
BRDA:319,20,0,1
BRDA:352,21,0,0
BRDA:352,22,0,2
BRDA:352,22,1,2
BRDA:363,23,0,0
BRDA:371,24,0,0
BRDA:380,25,0,0
BRF:33
BRH:23
end_of_record
TN:
SF:controllers/users-controller.ts
FN:17,(anonymous_8)
FN:19,(anonymous_9)
FN:24,(anonymous_10)
FN:28,(anonymous_11)
FN:39,(anonymous_12)
FN:43,(anonymous_13)
FN:55,(anonymous_14)
FN:59,(anonymous_15)
FN:69,(anonymous_16)
FN:73,(anonymous_17)
FN:85,(anonymous_18)
FN:89,(anonymous_19)
FN:101,(anonymous_20)
FN:105,(anonymous_21)
FN:146,(anonymous_22)
FN:150,(anonymous_23)
FN:230,(anonymous_24)
FN:234,(anonymous_25)
FN:246,(anonymous_26)
FN:250,(anonymous_27)
FNF:20
FNH:20
FNDA:10,(anonymous_8)
FNDA:10,(anonymous_9)
FNDA:2,(anonymous_10)
FNDA:2,(anonymous_11)
FNDA:3,(anonymous_12)
FNDA:3,(anonymous_13)
FNDA:3,(anonymous_14)
FNDA:3,(anonymous_15)
FNDA:2,(anonymous_16)
FNDA:2,(anonymous_17)
FNDA:2,(anonymous_18)
FNDA:2,(anonymous_19)
FNDA:46,(anonymous_20)
FNDA:46,(anonymous_21)
FNDA:7,(anonymous_22)
FNDA:7,(anonymous_23)
FNDA:1,(anonymous_24)
FNDA:1,(anonymous_25)
FNDA:3,(anonymous_26)
FNDA:3,(anonymous_27)
DA:2,9
DA:3,9
DA:13,9
DA:17,9
DA:19,10
DA:20,10
DA:21,9
DA:24,9
DA:28,2
DA:29,2
DA:30,2
DA:32,2
DA:33,2
DA:35,0
DA:39,9
DA:43,3
DA:44,3
DA:45,3
DA:46,3
DA:48,1
DA:49,1
DA:51,2
DA:55,9
DA:59,3
DA:60,3
DA:61,3
DA:62,3
DA:63,2
DA:65,1
DA:69,9
DA:73,2
DA:74,2
DA:75,2
DA:76,2
DA:78,1
DA:79,1
DA:81,1
DA:85,9
DA:89,2
DA:90,2
DA:91,2
DA:92,2
DA:94,1
DA:95,1
DA:97,1
DA:101,9
DA:105,46
DA:106,46
DA:109,46
DA:111,46
DA:112,2
DA:115,46
DA:116,3
DA:119,46
DA:120,3
DA:124,46
DA:125,5
DA:132,41
DA:134,41
DA:135,41
DA:137,41
DA:139,41
DA:140,41
DA:142,0
DA:146,9
DA:150,7
DA:151,7
DA:152,7
DA:155,7
DA:156,0
DA:162,7
DA:164,7
DA:170,7
DA:171,7
DA:172,7
DA:174,1
DA:180,6
DA:181,0
DA:187,6
DA:188,1
DA:189,1
DA:191,0
DA:197,1
DA:198,0
DA:204,6
DA:205,6
DA:206,6
DA:209,6
DA:210,0
DA:211,0
DA:215,6
DA:218,6
DA:220,6
DA:226,0
DA:230,9
DA:234,1
DA:235,1
DA:237,1
DA:238,1
DA:239,1
DA:241,0
DA:246,9
DA:250,3
DA:251,3
DA:253,3
DA:255,3
DA:259,2
DA:261,2
DA:266,1
LF:109
LH:99
BRDA:21,0,0,0
BRDA:21,0,1,9
BRDA:21,1,0,9
BRDA:21,1,1,9
BRDA:111,2,0,2
BRDA:115,3,0,3
BRDA:119,4,0,3
BRDA:124,5,0,5
BRDA:127,6,0,3
BRDA:127,6,1,2
BRDA:155,7,0,0
BRDA:155,8,0,7
BRDA:155,8,1,0
BRDA:155,8,2,0
BRDA:170,9,0,7
BRDA:170,10,0,7
BRDA:170,10,1,7
BRDA:180,11,0,0
BRDA:187,12,0,1
BRDA:187,13,0,6
BRDA:187,13,1,1
BRDA:197,14,0,0
BRDA:205,15,0,6
BRDA:206,16,0,1
BRDA:209,17,0,0
BRF:25
BRH:18
end_of_record
TN:
SF:db/connection.ts
FNF:0
FNH:0
DA:1,9
DA:2,9
DA:4,9
DA:8,9
DA:9,0
DA:12,9
DA:19,9
LF:7
LH:6
BRDA:2,0,0,9
BRDA:2,0,1,0
BRDA:8,1,0,0
BRDA:8,2,0,9
BRDA:8,2,1,0
BRDA:14,3,0,0
BRDA:14,3,1,9
BRF:7
BRH:3
end_of_record
TN:
SF:db/data/test-data/event-registrations.ts
FNF:0
FNH:0
DA:3,8
LF:1
LH:1
BRF:0
BRH:0
end_of_record
TN:
SF:db/data/test-data/events.ts
FNF:0
FNH:0
DA:3,8
LF:1
LH:1
BRF:0
BRH:0
end_of_record
TN:
SF:db/data/test-data/index.ts
FN:11,(anonymous_0)
FN:12,(anonymous_1)
FN:13,(anonymous_2)
FN:14,(anonymous_3)
FN:15,(anonymous_4)
FN:16,(anonymous_5)
FN:17,(anonymous_6)
FN:18,(anonymous_7)
FNF:8
FNH:8
FNDA:195,(anonymous_0)
FNDA:195,(anonymous_1)
FNDA:195,(anonymous_2)
FNDA:195,(anonymous_3)
FNDA:196,(anonymous_4)
FNDA:195,(anonymous_5)
FNDA:195,(anonymous_6)
FNDA:195,(anonymous_7)
DA:1,8
DA:2,8
DA:3,8
DA:4,8
DA:5,8
DA:6,8
DA:7,8
DA:8,8
DA:11,203
DA:12,203
DA:13,203
DA:14,203
DA:15,204
DA:16,203
DA:17,203
DA:18,203
LF:16
LH:16
BRF:0
BRH:0
end_of_record
TN:
SF:db/data/test-data/stripe-payments.ts
FNF:0
FNH:0
DA:3,8
LF:1
LH:1
BRF:0
BRH:0
end_of_record
TN:
SF:db/data/test-data/team-members.ts
FNF:0
FNH:0
DA:3,8
LF:1
LH:1
BRF:0
BRH:0
end_of_record
TN:
SF:db/data/test-data/teams.ts
FNF:0
FNH:0
DA:3,8
LF:1
LH:1
BRF:0
BRH:0
end_of_record
TN:
SF:db/data/test-data/tickets.ts
FN:5,(anonymous_1)
FNF:1
FNH:1
FNDA:24,(anonymous_1)
DA:2,8
DA:5,8
DA:6,24
DA:8,8
LF:4
LH:4
BRF:0
BRH:0
end_of_record
TN:
SF:db/data/test-data/user-sessions.ts
FNF:0
FNH:0
DA:2,8
DA:5,8
DA:7,8
DA:10,8
DA:16,8
DA:20,8
DA:31,8
DA:35,8
LF:8
LH:8
BRDA:5,0,0,8
BRDA:5,0,1,0
BRDA:7,1,0,8
BRDA:7,1,1,8
BRF:4
BRH:3
end_of_record
TN:
SF:db/data/test-data/users.ts
FNF:0
FNH:0
DA:2,8
DA:5,8
DA:6,8
DA:8,8
DA:10,8
LF:5
LH:5
BRF:0
BRH:0
end_of_record
TN:
SF:db/seeds/seed.ts
FN:5,(anonymous_8)
FN:14,(anonymous_9)
FN:255,(anonymous_10)
FN:268,(anonymous_11)
FN:275,(anonymous_12)
FN:287,(anonymous_13)
FN:309,(anonymous_14)
FN:323,(anonymous_15)
FN:340,(anonymous_16)
FN:397,oo_cm
FNF:10
FNH:9
FNDA:195,(anonymous_8)
FNDA:195,(anonymous_9)
FNDA:975,(anonymous_10)
FNDA:390,(anonymous_11)
FNDA:780,(anonymous_12)
FNDA:585,(anonymous_13)
FNDA:390,(anonymous_14)
FNDA:195,(anonymous_15)
FNDA:780,(anonymous_16)
FNDA:0,oo_cm
DA:1,8
DA:2,8
DA:5,8
DA:14,195
DA:15,195
DA:17,195
DA:18,195
DA:19,195
DA:20,195
DA:21,195
DA:22,195
DA:23,195
DA:24,195
DA:27,195
DA:28,195
DA:29,195
DA:30,195
DA:31,195
DA:32,195
DA:35,195
DA:38,195
DA:41,195
DA:44,195
DA:47,195
DA:52,195
DA:66,195
DA:77,195
DA:87,195
DA:98,195
DA:119,195
DA:130,195
DA:145,195
DA:164,195
DA:167,195
DA:170,195
DA:173,195
DA:176,195
DA:179,195
DA:182,195
DA:185,195
DA:188,195
DA:191,195
DA:194,195
DA:197,195
DA:200,195
DA:203,195
DA:206,195
DA:209,195
DA:212,195
DA:215,195
DA:218,195
DA:223,195
DA:234,195
DA:240,195
DA:246,195
DA:253,195
DA:255,975
DA:263,195
DA:266,195
DA:268,390
DA:270,195
DA:273,195
DA:275,780
DA:282,195
DA:285,195
DA:287,585
DA:304,195
DA:307,195
DA:309,390
DA:317,195
DA:320,195
DA:321,195
DA:323,195
DA:330,195
DA:334,195
DA:335,195
DA:340,780
DA:352,195
DA:356,195
DA:358,195
DA:375,195
DA:378,0
DA:386,0
DA:390,8
DA:397,8
LF:85
LH:83
BRDA:320,0,0,195
BRDA:334,1,0,195
BRDA:334,2,0,195
BRDA:334,2,1,195
BRDA:348,3,0,780
BRDA:348,3,1,0
BRDA:349,4,0,780
BRDA:349,4,1,0
BRDA:356,5,0,195
BRDA:356,5,1,0
BRDA:356,6,0,195
BRDA:356,6,1,195
BRDA:367,7,0,195
BRDA:367,7,1,0
BRDA:397,8,0,0
BRDA:397,8,1,0
BRF:16
BRH:10
end_of_record
TN:
SF:errors/index.ts
FN:14,(anonymous_0)
FN:23,(anonymous_1)
FN:36,(anonymous_2)
FN:47,(anonymous_3)
FN:58,(anonymous_4)
FN:73,oo_cm
FNF:6
FNH:2
FNDA:0,(anonymous_0)
FNDA:0,(anonymous_1)
FNDA:31,(anonymous_2)
FNDA:27,(anonymous_3)
FNDA:0,(anonymous_4)
FNDA:0,oo_cm
DA:10,9
DA:15,0
DA:16,0
DA:17,0
DA:18,0
DA:19,0
DA:23,9
DA:28,0
DA:29,0
DA:32,0
DA:33,0
DA:36,9
DA:42,31
DA:43,4
DA:44,27
DA:47,9
DA:53,27
DA:54,27
DA:55,0
DA:58,9
DA:64,0
DA:65,0
DA:73,9
LF:23
LH:11
BRDA:14,0,0,0
BRDA:42,1,0,4
BRDA:42,1,1,27
BRDA:42,2,0,31
BRDA:42,2,1,31
BRDA:42,2,2,28
BRDA:53,3,0,27
BRDA:53,3,1,0
BRDA:53,4,0,27
BRDA:53,4,1,27
BRDA:73,5,0,0
BRDA:73,5,1,0
BRF:12
BRH:8
end_of_record
TN:
SF:middlewares/auth-middleware.ts
FN:24,(anonymous_8)
FN:55,(anonymous_9)
FN:104,(anonymous_10)
FN:105,(anonymous_11)
FN:105,(anonymous_12)
FN:145,(anonymous_13)
FN:146,(anonymous_14)
FN:146,(anonymous_15)
FN:186,(anonymous_16)
FN:187,(anonymous_17)
FN:187,(anonymous_18)
FNF:11
FNH:5
FNDA:1,(anonymous_8)
FNDA:263,(anonymous_9)
FNDA:27,(anonymous_10)
FNDA:0,(anonymous_11)
FNDA:0,(anonymous_12)
FNDA:9,(anonymous_13)
FNDA:0,(anonymous_14)
FNDA:0,(anonymous_15)
FNDA:9,(anonymous_16)
FNDA:0,(anonymous_17)
FNDA:0,(anonymous_18)
DA:2,9
DA:3,9
DA:4,9
DA:7,9
DA:24,9
DA:25,1
DA:26,1
DA:27,1
DA:28,0
DA:31,1
DA:32,1
DA:34,1
DA:35,1
DA:38,0
DA:40,0
DA:41,0
DA:42,0
DA:43,0
DA:44,0
DA:45,0
DA:47,0
DA:50,0
DA:55,9
DA:60,263
DA:61,263
DA:63,263
DA:64,10
DA:70,253
DA:72,253
DA:80,251
DA:82,251
DA:84,2
DA:86,1
DA:88,1
DA:96,1
DA:104,9
DA:105,27
DA:106,0
DA:107,0
DA:108,0
DA:115,0
DA:116,0
DA:120,0
DA:121,0
DA:128,0
DA:130,0
DA:131,0
DA:137,0
DA:139,0
DA:145,9
DA:146,9
DA:147,0
DA:148,0
DA:149,0
DA:155,0
DA:156,0
DA:157,0
DA:164,0
DA:167,0
DA:172,0
DA:178,0
DA:180,0
DA:186,9
DA:187,9
DA:188,0
DA:189,0
DA:190,0
DA:196,0
DA:197,0
DA:198,0
DA:205,0
DA:208,0
DA:209,0
DA:215,0
DA:218,0
DA:221,0
DA:227,0
DA:233,0
DA:235,0
DA:241,9
DA:265,9
LF:81
LH:33
BRDA:7,0,0,9
BRDA:7,0,1,0
BRDA:27,1,0,0
BRDA:27,2,0,1
BRDA:27,2,1,1
BRDA:34,3,0,1
BRDA:40,4,0,0
BRDA:40,4,1,0
BRDA:42,5,0,0
BRDA:42,5,1,0
BRDA:44,6,0,0
BRDA:44,6,1,0
BRDA:63,7,0,10
BRDA:63,8,0,263
BRDA:63,8,1,254
BRDA:84,9,0,1
BRDA:84,10,0,2
BRDA:84,10,1,2
BRDA:86,11,0,1
BRDA:86,11,1,0
BRDA:86,12,0,0
BRDA:86,12,1,1
BRDA:86,13,0,1
BRDA:86,13,1,1
BRDA:107,14,0,0
BRDA:115,15,0,0
BRDA:120,16,0,0
BRDA:130,17,0,0
BRDA:130,18,0,0
BRDA:130,18,1,0
BRDA:148,19,0,0
BRDA:156,20,0,0
BRDA:167,21,0,0
BRDA:168,22,0,0
BRDA:168,22,1,0
BRDA:168,22,2,0
BRDA:189,23,0,0
BRDA:197,24,0,0
BRDA:208,25,0,0
BRDA:221,26,0,0
BRDA:222,27,0,0
BRDA:222,27,1,0
BRDA:222,27,2,0
BRDA:222,27,3,0
BRF:44
BRH:14
end_of_record
TN:
SF:models/admin-models.ts
FN:4,(anonymous_8)
FN:7,(anonymous_9)
FN:13,(anonymous_10)
FN:13,(anonymous_11)
FN:25,(anonymous_12)
FNF:5
FNH:5
FNDA:2,(anonymous_8)
FNDA:2,(anonymous_9)
FNDA:1,(anonymous_10)
FNDA:1,(anonymous_11)
FNDA:1,(anonymous_12)
DA:1,9
DA:4,9
DA:7,2
DA:8,2
DA:9,2
DA:10,2
DA:13,9
DA:14,1
DA:25,1
LF:9
LH:9
BRDA:28,0,0,1
BRDA:28,0,1,0
BRDA:29,1,0,1
BRDA:29,1,1,0
BRDA:30,2,0,1
BRDA:30,2,1,0
BRDA:31,3,0,1
BRDA:31,3,1,0
BRF:8
BRH:4
end_of_record
TN:
SF:models/events-models.ts
FN:10,(anonymous_8)
FN:13,(anonymous_9)
FN:42,(anonymous_10)
FN:55,(anonymous_11)
FN:55,(anonymous_12)
FN:80,(anonymous_13)
FN:91,(anonymous_14)
FN:91,(anonymous_15)
FN:126,(anonymous_16)
FN:126,(anonymous_17)
FN:160,(anonymous_18)
FN:163,(anonymous_19)
FN:203,(anonymous_20)
FN:216,(anonymous_21)
FN:253,(anonymous_22)
FN:256,(anonymous_23)
FN:280,(anonymous_24)
FN:316,(anonymous_25)
FN:316,(anonymous_26)
FN:323,(anonymous_27)
FN:325,(anonymous_28)
FN:346,(anonymous_29)
FN:355,(anonymous_30)
FN:357,(anonymous_31)
FN:372,(anonymous_32)
FN:383,(anonymous_33)
FN:385,(anonymous_34)
FN:399,(anonymous_35)
FN:410,(anonymous_36)
FN:413,(anonymous_37)
FN:432,(anonymous_38)
FN:443,(anonymous_39)
FN:445,(anonymous_40)
FN:507,generateTicketCode
FN:515,(anonymous_42)
FN:518,(anonymous_43)
FN:520,(anonymous_44)
FN:520,(anonymous_45)
FN:725,(anonymous_46)
FN:727,(anonymous_47)
FN:729,(anonymous_48)
FN:729,(anonymous_49)
FN:788,(anonymous_50)
FN:788,(anonymous_51)
FNF:44
FNH:44
FNDA:7,(anonymous_8)
FNDA:7,(anonymous_9)
FNDA:10,(anonymous_10)
FNDA:2,(anonymous_11)
FNDA:2,(anonymous_12)
FNDA:3,(anonymous_13)
FNDA:11,(anonymous_14)
FNDA:11,(anonymous_15)
FNDA:16,(anonymous_16)
FNDA:16,(anonymous_17)
FNDA:2,(anonymous_18)
FNDA:2,(anonymous_19)
FNDA:95,(anonymous_20)
FNDA:95,(anonymous_21)
FNDA:5,(anonymous_22)
FNDA:5,(anonymous_23)
FNDA:60,(anonymous_24)
FNDA:2,(anonymous_25)
FNDA:2,(anonymous_26)
FNDA:3,(anonymous_27)
FNDA:3,(anonymous_28)
FNDA:2,(anonymous_29)
FNDA:2,(anonymous_30)
FNDA:2,(anonymous_31)
FNDA:3,(anonymous_32)
FNDA:2,(anonymous_33)
FNDA:2,(anonymous_34)
FNDA:3,(anonymous_35)
FNDA:2,(anonymous_36)
FNDA:2,(anonymous_37)
FNDA:1,(anonymous_38)
FNDA:7,(anonymous_39)
FNDA:7,(anonymous_40)
FNDA:22,generateTicketCode
FNDA:28,(anonymous_42)
FNDA:28,(anonymous_43)
FNDA:28,(anonymous_44)
FNDA:28,(anonymous_45)
FNDA:4,(anonymous_46)
FNDA:4,(anonymous_47)
FNDA:4,(anonymous_48)
FNDA:4,(anonymous_49)
FNDA:5,(anonymous_50)
FNDA:5,(anonymous_51)
DA:1,9
DA:3,9
DA:7,9
DA:10,9
DA:13,7
DA:14,7
DA:27,7
DA:30,7
DA:34,7
DA:35,0
DA:41,7
DA:42,10
DA:55,9
DA:56,2
DA:74,2
DA:76,2
DA:77,0
DA:80,3
DA:91,11
DA:92,11
DA:105,11
DA:107,11
DA:108,6
DA:114,5
DA:115,5
DA:126,16
DA:127,16
DA:139,16
DA:141,16
DA:142,4
DA:148,12
DA:149,12
DA:160,9
DA:163,2
DA:164,2
DA:182,2
DA:184,2
DA:185,1
DA:191,1
DA:192,1
DA:203,9
DA:216,95
DA:217,95
DA:241,95
DA:242,95
DA:253,9
DA:256,5
DA:261,5
DA:262,5
DA:263,5
DA:265,5
DA:280,5
DA:281,60
DA:282,11
DA:283,11
DA:284,11
DA:289,5
DA:292,5
DA:294,5
DA:304,5
DA:305,5
DA:316,9
DA:319,2
DA:323,9
DA:325,3
DA:328,3
DA:342,3
DA:343,1
DA:346,2
DA:355,9
DA:357,2
DA:358,2
DA:372,3
DA:383,9
DA:385,2
DA:386,2
DA:397,2
DA:399,3
DA:410,9
DA:413,2
DA:414,2
DA:430,2
DA:432,2
DA:443,9
DA:445,7
DA:448,7
DA:452,5
DA:453,1
DA:459,4
DA:462,4
DA:463,1
DA:470,3
DA:471,1
DA:478,2
DA:479,2
DA:488,2
DA:492,2
DA:493,1
DA:500,1
DA:504,9
DA:508,22
DA:515,9
DA:518,28
DA:520,28
DA:522,28
DA:533,28
DA:534,0
DA:540,28
DA:543,28
DA:544,1
DA:551,27
DA:552,27
DA:553,1
DA:560,26
DA:561,26
DA:570,26
DA:574,26
DA:575,1
DA:583,25
DA:587,25
DA:588,1
DA:594,24
DA:597,24
DA:605,24
DA:606,2
DA:609,2
DA:610,1
DA:620,1
DA:623,1
DA:628,1
DA:630,1
DA:631,1
DA:632,1
DA:635,1
DA:636,1
DA:643,0
DA:644,0
DA:655,1
DA:673,1
DA:680,22
DA:691,22
DA:694,22
DA:697,22
DA:707,22
DA:725,9
DA:727,4
DA:729,4
DA:731,4
DA:739,4
DA:740,0
DA:746,4
DA:749,4
DA:750,1
DA:757,3
DA:768,3
DA:777,3
DA:778,3
DA:788,9
DA:789,5
DA:797,5
DA:798,1
DA:801,4
DA:802,4
LF:163
LH:157
BRDA:34,0,0,0
BRDA:45,1,0,10
BRDA:45,1,1,0
BRDA:46,2,0,10
BRDA:46,2,1,0
BRDA:47,3,0,7
BRDA:47,3,1,3
BRDA:48,4,0,7
BRDA:48,4,1,3
BRDA:76,5,0,0
BRDA:83,6,0,3
BRDA:83,6,1,0
BRDA:84,7,0,3
BRDA:84,7,1,0
BRDA:85,8,0,1
BRDA:85,8,1,2
BRDA:86,9,0,1
BRDA:86,9,1,2
BRDA:107,10,0,6
BRDA:118,11,0,5
BRDA:118,11,1,0
BRDA:119,12,0,5
BRDA:119,12,1,0
BRDA:120,13,0,3
BRDA:120,13,1,2
BRDA:121,14,0,3
BRDA:121,14,1,2
BRDA:141,15,0,4
BRDA:152,16,0,12
BRDA:152,16,1,0
BRDA:153,17,0,12
BRDA:153,17,1,0
BRDA:154,18,0,0
BRDA:154,18,1,12
BRDA:155,19,0,3
BRDA:155,19,1,9
BRDA:184,20,0,1
BRDA:195,21,0,1
BRDA:195,21,1,0
BRDA:196,22,0,1
BRDA:196,22,1,0
BRDA:197,23,0,0
BRDA:197,23,1,1
BRDA:198,24,0,0
BRDA:198,24,1,1
BRDA:245,25,0,95
BRDA:245,25,1,0
BRDA:246,26,0,95
BRDA:246,26,1,0
BRDA:247,27,0,0
BRDA:247,27,1,95
BRDA:248,28,0,31
BRDA:248,28,1,64
BRDA:281,29,0,11
BRDA:308,30,0,5
BRDA:308,30,1,0
BRDA:309,31,0,5
BRDA:309,31,1,0
BRDA:310,32,0,1
BRDA:310,32,1,4
BRDA:311,33,0,2
BRDA:311,33,1,3
BRDA:342,34,0,1
BRDA:356,35,0,0
BRDA:375,36,0,3
BRDA:375,36,1,0
BRDA:376,37,0,3
BRDA:376,37,1,0
BRDA:377,38,0,2
BRDA:377,38,1,1
BRDA:378,39,0,2
BRDA:378,39,1,1
BRDA:403,40,0,3
BRDA:403,40,1,0
BRDA:404,41,0,2
BRDA:404,41,1,1
BRDA:405,42,0,2
BRDA:405,42,1,1
BRDA:436,43,0,1
BRDA:436,43,1,0
BRDA:437,44,0,0
BRDA:437,44,1,1
BRDA:438,45,0,0
BRDA:438,45,1,1
BRDA:452,46,0,1
BRDA:462,47,0,1
BRDA:470,48,0,1
BRDA:478,49,0,2
BRDA:492,50,0,1
BRDA:533,51,0,0
BRDA:543,52,0,1
BRDA:552,53,0,1
BRDA:560,54,0,26
BRDA:574,55,0,1
BRDA:587,56,0,1
BRDA:605,57,0,2
BRDA:609,58,0,1
BRDA:630,59,0,1
BRDA:630,59,1,0
BRDA:635,60,0,1
BRDA:739,61,0,0
BRDA:749,62,0,1
BRDA:797,63,0,1
BRF:103
BRH:73
end_of_record
TN:
SF:models/stripe-models.ts
FN:4,(anonymous_8)
FN:6,(anonymous_9)
FN:17,(anonymous_10)
FN:20,(anonymous_11)
FN:27,(anonymous_12)
FN:30,(anonymous_13)
FN:38,(anonymous_14)
FN:41,(anonymous_15)
FN:49,(anonymous_16)
FN:54,(anonymous_17)
FN:62,(anonymous_18)
FN:69,(anonymous_19)
FN:80,(anonymous_20)
FN:80,(anonymous_21)
FN:87,(anonymous_22)
FN:90,(anonymous_23)
FN:97,(anonymous_24)
FN:97,(anonymous_25)
FNF:18
FNH:16
FNDA:1,(anonymous_8)
FNDA:1,(anonymous_9)
FNDA:2,(anonymous_10)
FNDA:2,(anonymous_11)
FNDA:4,(anonymous_12)
FNDA:4,(anonymous_13)
FNDA:4,(anonymous_14)
FNDA:4,(anonymous_15)
FNDA:4,(anonymous_16)
FNDA:4,(anonymous_17)
FNDA:4,(anonymous_18)
FNDA:4,(anonymous_19)
FNDA:4,(anonymous_20)
FNDA:4,(anonymous_21)
FNDA:0,(anonymous_22)
FNDA:0,(anonymous_23)
FNDA:5,(anonymous_24)
FNDA:5,(anonymous_25)
DA:1,9
DA:4,9
DA:6,1
DA:7,1
DA:11,1
DA:12,0
DA:14,1
DA:17,9
DA:20,2
DA:21,2
DA:27,9
DA:30,4
DA:31,4
DA:35,4
DA:38,9
DA:41,4
DA:42,4
DA:46,4
DA:49,9
DA:54,4
DA:55,4
DA:59,4
DA:62,9
DA:69,4
DA:70,4
DA:77,4
DA:80,9
DA:81,4
DA:87,9
DA:90,0
DA:91,0
DA:97,9
DA:98,5
DA:102,5
LF:34
LH:31
BRDA:11,0,0,0
BRDA:35,1,0,0
BRDA:35,1,1,4
BRDA:68,2,0,4
BRDA:102,3,0,1
BRDA:102,3,1,4
BRF:6
BRH:4
end_of_record
TN:
SF:models/teams-models.ts
FN:4,(anonymous_8)
FN:7,(anonymous_9)
FN:20,(anonymous_10)
FN:28,(anonymous_11)
FN:28,(anonymous_12)
FN:42,(anonymous_13)
FN:42,(anonymous_14)
FN:50,(anonymous_15)
FN:53,(anonymous_16)
FN:67,(anonymous_17)
FN:71,(anonymous_18)
FN:89,(anonymous_19)
FN:89,(anonymous_20)
FN:99,(anonymous_21)
FN:99,(anonymous_22)
FN:116,(anonymous_23)
FN:126,(anonymous_24)
FN:128,(anonymous_25)
FN:155,(anonymous_26)
FN:157,(anonymous_27)
FN:184,(anonymous_28)
FN:188,(anonymous_29)
FN:205,(anonymous_30)
FN:208,(anonymous_31)
FN:227,(anonymous_32)
FN:229,(anonymous_33)
FN:244,(anonymous_34)
FNF:27
FNH:25
FNDA:3,(anonymous_8)
FNDA:3,(anonymous_9)
FNDA:6,(anonymous_10)
FNDA:7,(anonymous_11)
FNDA:7,(anonymous_12)
FNDA:13,(anonymous_13)
FNDA:13,(anonymous_14)
FNDA:14,(anonymous_15)
FNDA:14,(anonymous_16)
FNDA:4,(anonymous_17)
FNDA:4,(anonymous_18)
FNDA:3,(anonymous_19)
FNDA:3,(anonymous_20)
FNDA:2,(anonymous_21)
FNDA:2,(anonymous_22)
FNDA:8,(anonymous_23)
FNDA:345,(anonymous_24)
FNDA:345,(anonymous_25)
FNDA:2,(anonymous_26)
FNDA:2,(anonymous_27)
FNDA:17,(anonymous_28)
FNDA:17,(anonymous_29)
FNDA:0,(anonymous_30)
FNDA:0,(anonymous_31)
FNDA:1,(anonymous_32)
FNDA:1,(anonymous_33)
FNDA:2,(anonymous_34)
DA:1,9
DA:4,9
DA:7,3
DA:8,3
DA:11,3
DA:15,3
DA:16,0
DA:19,3
DA:20,6
DA:28,9
DA:29,7
DA:30,6
DA:31,4
DA:34,2
DA:39,2
DA:42,13
DA:43,13
DA:46,13
DA:47,1
DA:50,9
DA:53,14
DA:54,14
DA:59,14
DA:64,14
DA:67,9
DA:71,4
DA:72,4
DA:77,4
DA:78,1
DA:81,3
DA:86,3
DA:89,9
DA:90,3
DA:92,3
DA:93,1
DA:99,9
DA:100,2
DA:116,8
DA:123,2
DA:126,9
DA:128,345
DA:129,345
DA:142,345
DA:145,310
DA:152,310
DA:155,9
DA:157,2
DA:158,2
DA:171,2
DA:174,1
DA:181,1
DA:184,9
DA:188,17
DA:189,17
DA:195,16
DA:202,16
DA:205,9
DA:208,0
DA:209,0
DA:210,0
DA:213,0
DA:214,0
DA:218,0
DA:219,0
DA:223,0
DA:227,9
DA:229,1
DA:230,1
DA:244,2
DA:251,1
LF:70
LH:61
BRDA:15,0,0,0
BRDA:30,1,0,4
BRDA:46,2,0,12
BRDA:56,3,0,14
BRDA:56,3,1,0
BRDA:74,4,0,4
BRDA:74,4,1,0
BRDA:77,5,0,1
BRDA:92,6,0,1
BRDA:142,7,0,35
BRDA:171,8,0,1
BRDA:210,9,0,0
BRDA:213,10,0,0
BRDA:213,11,0,0
BRDA:213,11,1,0
BRDA:218,12,0,0
BRF:16
BRH:8
end_of_record
TN:
SF:models/tickets-models.ts
FN:14,(anonymous_8)
FN:14,(anonymous_9)
FN:24,(anonymous_10)
FN:24,(anonymous_11)
FN:42,(anonymous_12)
FN:44,(anonymous_13)
FN:60,(anonymous_14)
FN:62,(anonymous_15)
FN:78,(anonymous_16)
FN:89,(anonymous_17)
FN:118,(anonymous_18)
FN:120,(anonymous_19)
FN:139,(anonymous_20)
FN:142,(anonymous_21)
FN:160,(anonymous_22)
FN:163,(anonymous_23)
FN:212,(anonymous_24)
FN:212,(anonymous_25)
FN:246,(anonymous_26)
FN:246,(anonymous_27)
FN:273,(anonymous_28)
FN:276,(anonymous_29)
FNF:22
FNH:16
FNDA:3,(anonymous_8)
FNDA:3,(anonymous_9)
FNDA:12,(anonymous_10)
FNDA:12,(anonymous_11)
FNDA:2,(anonymous_12)
FNDA:2,(anonymous_13)
FNDA:0,(anonymous_14)
FNDA:0,(anonymous_15)
FNDA:9,(anonymous_16)
FNDA:9,(anonymous_17)
FNDA:8,(anonymous_18)
FNDA:8,(anonymous_19)
FNDA:0,(anonymous_20)
FNDA:0,(anonymous_21)
FNDA:5,(anonymous_22)
FNDA:5,(anonymous_23)
FNDA:5,(anonymous_24)
FNDA:5,(anonymous_25)
FNDA:1,(anonymous_26)
FNDA:1,(anonymous_27)
FNDA:0,(anonymous_28)
FNDA:0,(anonymous_29)
DA:1,9
DA:8,9
DA:11,9
DA:14,9
DA:15,3
DA:20,3
DA:24,12
DA:25,12
DA:31,12
DA:32,2
DA:38,10
DA:42,9
DA:44,2
DA:45,2
DA:56,2
DA:60,9
DA:62,0
DA:63,0
DA:74,0
DA:78,9
DA:89,9
DA:90,9
DA:100,9
DA:101,2
DA:107,7
DA:118,9
DA:120,8
DA:122,8
DA:124,8
DA:135,8
DA:139,9
DA:142,0
DA:144,0
DA:146,0
DA:157,0
DA:160,9
DA:163,5
DA:165,5
DA:166,0
DA:173,5
DA:176,5
DA:177,1
DA:184,4
DA:188,4
DA:189,1
DA:197,3
DA:208,3
DA:212,9
DA:214,5
DA:217,5
DA:218,3
DA:228,3
DA:232,2
DA:242,2
DA:246,9
DA:248,1
DA:250,1
DA:258,1
DA:259,0
DA:264,1
DA:273,9
DA:276,0
DA:277,0
DA:284,0
DA:285,0
DA:286,0
LF:66
LH:52
BRDA:31,0,0,2
BRDA:100,1,0,2
BRDA:132,2,0,8
BRDA:132,2,1,0
BRDA:154,3,0,0
BRDA:154,3,1,0
BRDA:165,4,0,0
BRDA:165,5,0,5
BRDA:165,5,1,5
BRDA:176,6,0,1
BRDA:188,7,0,1
BRDA:217,8,0,3
BRDA:258,9,0,0
BRDA:275,10,0,0
BRDA:284,11,0,0
BRDA:284,11,1,0
BRF:16
BRH:8
end_of_record
TN:
SF:models/user-session-model.ts
FN:5,(anonymous_8)
FN:10,(anonymous_9)
FN:19,(anonymous_10)
FN:21,(anonymous_11)
FN:30,(anonymous_12)
FN:32,(anonymous_13)
FNF:6
FNH:6
FNDA:220,(anonymous_8)
FNDA:220,(anonymous_9)
FNDA:6,(anonymous_10)
FNDA:6,(anonymous_11)
FNDA:3,(anonymous_12)
FNDA:3,(anonymous_13)
DA:1,9
DA:5,9
DA:10,220
DA:11,220
DA:15,220
DA:19,9
DA:21,6
DA:22,6
DA:26,6
DA:30,9
DA:32,3
DA:33,3
LF:12
LH:12
BRF:0
BRH:0
end_of_record
TN:
SF:models/users-models.ts
FN:4,(anonymous_8)
FN:7,(anonymous_9)
FN:47,(anonymous_10)
FN:49,(anonymous_11)
FN:83,(anonymous_12)
FN:85,(anonymous_13)
FN:119,(anonymous_14)
FN:119,(anonymous_15)
FN:153,(anonymous_16)
FN:159,(anonymous_17)
FN:220,(anonymous_18)
FN:224,(anonymous_19)
FN:333,(anonymous_20)
FN:333,(anonymous_21)
FN:345,(anonymous_22)
FN:347,(anonymous_23)
FN:368,(anonymous_24)
FNF:17
FNH:17
FNDA:3,(anonymous_8)
FNDA:3,(anonymous_9)
FNDA:234,(anonymous_10)
FNDA:234,(anonymous_11)
FNDA:20,(anonymous_12)
FNDA:20,(anonymous_13)
FNDA:35,(anonymous_14)
FNDA:35,(anonymous_15)
FNDA:59,(anonymous_16)
FNDA:59,(anonymous_17)
FNDA:6,(anonymous_18)
FNDA:6,(anonymous_19)
FNDA:1,(anonymous_20)
FNDA:1,(anonymous_21)
FNDA:2,(anonymous_22)
FNDA:2,(anonymous_23)
FNDA:1,(anonymous_24)
DA:1,9
DA:4,9
DA:7,3
DA:9,3
DA:33,3
DA:37,3
DA:38,0
DA:41,3
DA:47,9
DA:49,234
DA:50,234
DA:77,234
DA:78,25
DA:80,209
DA:83,9
DA:85,20
DA:86,20
DA:113,20
DA:114,18
DA:116,2
DA:119,35
DA:120,35
DA:147,35
DA:148,8
DA:150,27
DA:153,9
DA:159,59
DA:161,59
DA:163,59
DA:164,59
DA:167,59
DA:172,58
DA:175,58
DA:176,0
DA:183,58
DA:210,58
DA:211,58
DA:213,1
DA:214,1
DA:216,59
DA:220,9
DA:224,6
DA:226,6
DA:228,6
DA:229,6
DA:232,6
DA:233,6
DA:234,6
DA:237,6
DA:238,6
DA:239,6
DA:242,6
DA:243,1
DA:244,1
DA:247,6
DA:248,0
DA:249,0
DA:253,6
DA:254,0
DA:255,0
DA:262,6
DA:264,6
DA:266,6
DA:273,6
DA:275,6
DA:276,0
DA:277,0
DA:282,6
DA:284,0
DA:287,0
DA:288,0
DA:296,6
DA:323,6
DA:324,6
DA:326,0
DA:327,0
DA:329,6
DA:333,9
DA:334,1
DA:339,1
DA:340,0
DA:345,9
DA:347,2
DA:348,2
DA:368,2
LF:85
LH:71
BRDA:37,0,0,0
BRDA:77,1,0,25
BRDA:113,2,0,18
BRDA:147,3,0,8
BRDA:175,4,0,0
BRDA:175,5,0,58
BRDA:175,5,1,0
BRDA:237,6,0,6
BRDA:242,7,0,1
BRDA:247,8,0,0
BRDA:253,9,0,0
BRDA:253,10,0,6
BRDA:253,10,1,0
BRDA:262,11,0,6
BRDA:275,12,0,0
BRDA:282,13,0,0
BRDA:282,14,0,6
BRDA:282,14,1,0
BRDA:339,15,0,0
BRF:19
BRH:9
end_of_record
TN:
SF:routes/admin-router.ts
FNF:0
FNH:0
DA:1,9
DA:2,9
DA:3,9
DA:8,9
DA:10,9
DA:11,9
DA:12,9
DA:14,9
DA:15,9
DA:17,9
LF:10
LH:10
BRF:0
BRH:0
end_of_record
TN:
SF:routes/api-router.ts
FN:12,(anonymous_1)
FNF:1
FNH:1
FNDA:1,(anonymous_1)
DA:1,9
DA:2,9
DA:3,9
DA:4,9
DA:5,9
DA:6,9
DA:7,9
DA:8,9
DA:9,9
DA:10,9
DA:12,9
DA:13,1
DA:16,9
DA:17,9
DA:18,9
DA:19,9
DA:20,9
DA:21,9
DA:22,9
DA:24,9
LF:20
LH:20
BRF:0
BRH:0
end_of_record
TN:
SF:routes/auth-router.ts
FN:13,(anonymous_9)
FN:20,(anonymous_10)
FN:72,(anonymous_11)
FN:85,(anonymous_12)
FNF:4
FNH:4
FNDA:243,(anonymous_9)
FNDA:13,(anonymous_10)
FNDA:2,(anonymous_11)
FNDA:2,(anonymous_12)
DA:1,9
DA:8,9
DA:9,9
DA:10,9
DA:13,9
DA:18,243
DA:19,243
DA:20,10
DA:21,13
DA:22,13
DA:27,0
DA:32,10
DA:36,10
DA:38,233
DA:42,9
DA:74,2
DA:78,0
DA:82,2
DA:85,2
DA:93,9
DA:100,9
DA:108,9
DA:116,9
DA:117,9
DA:118,9
DA:119,9
DA:122,9
DA:123,9
DA:124,9
DA:130,9
DA:132,9
LF:31
LH:29
BRDA:19,0,0,10
BRDA:21,1,0,13
BRDA:74,2,0,0
BRDA:75,3,0,2
BRDA:75,3,1,2
BRDA:75,3,2,2
BRDA:85,4,0,2
BRDA:85,4,1,2
BRDA:85,4,2,2
BRF:9
BRH:8
end_of_record
TN:
SF:routes/events-router.ts
FN:30,(anonymous_0)
FN:41,(anonymous_1)
FN:70,(anonymous_2)
FN:109,(anonymous_3)
FN:136,(anonymous_4)
FNF:5
FNH:5
FNDA:140,(anonymous_0)
FNDA:8,(anonymous_1)
FNDA:6,(anonymous_2)
FNDA:100,(anonymous_3)
FNDA:1,(anonymous_4)
DA:1,9
DA:8,9
DA:9,9
DA:25,9
DA:27,9
DA:30,9
DA:35,140
DA:36,140
DA:38,3
DA:42,8
DA:46,3
DA:48,2
DA:49,1
DA:53,1
DA:57,1
DA:65,1
DA:70,1
DA:71,6
DA:72,6
DA:77,0
DA:82,1
DA:86,1
DA:88,137
DA:92,9
DA:110,100
DA:111,1
DA:113,99
DA:122,9
DA:137,1
DA:141,1
DA:143,0
DA:152,9
DA:160,9
DA:161,9
DA:162,9
DA:163,9
DA:164,9
DA:165,9
DA:166,9
DA:167,9
DA:168,9
DA:170,9
DA:172,9
DA:173,9
DA:174,9
DA:175,9
DA:176,9
DA:179,9
DA:182,9
DA:185,9
DA:188,9
DA:191,9
DA:198,9
DA:201,9
DA:204,9
DA:211,9
DA:218,9
DA:228,9
DA:238,9
DA:242,9
DA:252,9
DA:258,9
LF:62
LH:60
BRDA:36,0,0,3
BRDA:42,1,0,8
BRDA:42,1,1,8
BRDA:46,2,0,2
BRDA:48,3,0,1
BRDA:48,3,1,1
BRDA:71,4,0,6
BRDA:110,5,0,1
BRDA:137,6,0,1
BRDA:138,7,0,1
BRDA:138,7,1,1
BRF:11
BRH:11
end_of_record
TN:
SF:routes/stripe-router.ts
FNF:0
FNH:0
DA:1,9
DA:2,9
DA:8,9
DA:10,9
DA:14,9
DA:15,9
DA:16,9
DA:17,9
DA:18,9
DA:20,9
DA:23,9
DA:30,9
DA:38,9
DA:40,9
LF:14
LH:14
BRF:0
BRH:0
end_of_record
TN:
SF:routes/teams-router.ts
FN:27,(anonymous_0)
FN:34,(anonymous_1)
FNF:2
FNH:2
FNDA:30,(anonymous_0)
FNDA:10,(anonymous_1)
DA:1,9
DA:8,9
DA:9,9
DA:10,9
DA:24,9
DA:27,9
DA:32,30
DA:33,30
DA:34,5
DA:35,10
DA:36,10
DA:41,0
DA:46,5
DA:50,5
DA:52,25
DA:56,9
DA:66,9
DA:76,9
DA:77,9
DA:78,9
DA:79,9
DA:80,9
DA:81,9
DA:83,9
DA:85,9
DA:86,9
DA:87,9
DA:88,9
DA:89,9
DA:91,9
DA:94,9
DA:95,9
DA:105,9
DA:107,9
DA:112,9
DA:117,9
DA:118,9
DA:127,9
DA:130,9
DA:131,9
DA:132,9
DA:139,9
DA:141,9
LF:43
LH:42
BRDA:33,0,0,5
BRDA:35,1,0,10
BRF:2
BRH:2
end_of_record
TN:
SF:routes/tickets-router.ts
FNF:0
FNH:0
DA:1,9
DA:2,9
DA:3,9
DA:5,9
DA:8,9
DA:9,9
DA:11,9
DA:13,9
DA:14,9
DA:16,9
DA:17,9
DA:18,9
DA:20,9
DA:22,9
DA:23,9
DA:27,9
DA:32,9
DA:33,9
DA:34,9
DA:35,9
DA:36,9
DA:40,9
DA:42,9
DA:46,9
DA:50,9
DA:52,9
LF:26
LH:26
BRF:0
BRH:0
end_of_record
TN:
SF:routes/users-router.ts
FNF:0
FNH:0
DA:1,9
DA:2,9
DA:3,9
DA:14,9
DA:16,9
DA:17,9
DA:18,9
DA:19,9
DA:20,9
DA:21,9
DA:22,9
DA:23,9
DA:24,9
DA:26,9
DA:29,9
DA:30,9
DA:31,9
DA:32,9
DA:33,9
DA:36,9
DA:41,9
DA:42,9
DA:43,9
DA:49,9
LF:24
LH:24
BRF:0
BRH:0
end_of_record
TN:
SF:utils/codeGenerator.ts
FN:7,generateUniqueCode
FNF:1
FNH:1
FNDA:4,generateUniqueCode
DA:1,9
DA:7,9
DA:9,4
DA:12,4
LF:4
LH:4
BRF:0
BRH:0
end_of_record
TN:
SF:utils/converters.ts
FN:10,(anonymous_0)
FN:23,(anonymous_1)
FN:40,(anonymous_2)
FN:45,(anonymous_3)
FN:59,(anonymous_4)
FN:63,(anonymous_5)
FNF:6
FNH:5
FNDA:168,(anonymous_0)
FNDA:0,(anonymous_1)
FNDA:36,(anonymous_2)
FNDA:144,(anonymous_3)
FNDA:5,(anonymous_4)
FNDA:5,(anonymous_5)
DA:10,9
DA:13,168
DA:14,168
DA:15,168
DA:23,9
DA:27,0
DA:28,0
DA:29,0
DA:30,0
DA:31,0
DA:40,9
DA:44,36
DA:45,36
DA:46,144
DA:47,144
DA:50,36
DA:59,9
DA:63,5
LF:18
LH:13
BRDA:13,0,0,0
BRDA:13,1,0,168
BRDA:13,1,1,168
BRDA:13,1,2,168
BRDA:15,2,0,0
BRDA:15,2,1,168
BRDA:25,3,0,0
BRDA:27,4,0,0
BRDA:27,5,0,0
BRDA:27,5,1,0
BRDA:28,6,0,0
BRDA:29,7,0,0
BRDA:30,8,0,0
BRDA:46,9,0,144
BRF:14
BRH:5
end_of_record
TN:
SF:utils/databaseHelpers.ts
FN:3,(anonymous_1)
FN:11,(anonymous_2)
FN:12,(anonymous_3)
FNF:3
FNH:3
FNDA:67,(anonymous_1)
FNDA:3,(anonymous_2)
FNDA:15,(anonymous_3)
DA:3,9
DA:4,67
DA:6,67
DA:7,67
DA:11,9
DA:12,15
LF:6
LH:6
BRDA:4,0,0,0
BRF:1
BRH:0
end_of_record
TN:
SF:utils/db-transaction.ts
FN:13,(anonymous_8)
FN:15,(anonymous_9)
FN:39,(anonymous_10)
FN:44,(anonymous_11)
FN:45,(anonymous_12)
FN:45,(anonymous_13)
FN:64,(anonymous_14)
FN:66,(anonymous_15)
FNF:8
FNH:8
FNDA:32,(anonymous_8)
FNDA:32,(anonymous_9)
FNDA:28,(anonymous_10)
FNDA:28,(anonymous_11)
FNDA:28,(anonymous_12)
FNDA:28,(anonymous_13)
FNDA:28,(anonymous_14)
FNDA:28,(anonymous_15)
DA:4,9
DA:13,9
DA:15,32
DA:16,32
DA:18,32
DA:19,32
DA:20,32
DA:21,26
DA:22,26
DA:24,6
DA:25,6
DA:27,32
DA:39,9
DA:44,28
DA:45,28
DA:47,28
DA:53,28
DA:64,9
DA:66,28
DA:67,28
DA:69,28
DA:70,28
DA:72,28
DA:74,25
DA:75,25
DA:77,3
DA:78,3
DA:80,28
LF:28
LH:28
BRF:0
BRH:0
end_of_record
TN:
SF:utils/email.js
FN:21,(anonymous_0)
FN:96,oo_cm
FNF:2
FNH:2
FNDA:3,(anonymous_0)
FNDA:3,oo_cm
DA:1,9
DA:8,9
DA:21,9
DA:29,3
DA:30,3
DA:75,3
DA:76,2
DA:77,2
DA:79,1
DA:80,1
DA:81,0
DA:83,1
DA:87,9
DA:96,3
LF:14
LH:13
BRDA:32,0,0,3
BRDA:32,0,1,2
BRDA:39,1,0,3
BRDA:39,1,1,0
BRDA:55,2,0,3
BRDA:55,2,1,0
BRDA:80,3,0,0
BRDA:80,3,1,1
BRDA:96,4,0,3
BRDA:96,4,1,2
BRF:10
BRH:7
end_of_record
TN:
SF:utils/error-handlers.ts
FN:8,(anonymous_0)
FN:13,(anonymous_1)
FN:15,(anonymous_2)
FN:38,(anonymous_3)
FNF:4
FNH:4
FNDA:9,(anonymous_0)
FNDA:27,(anonymous_1)
FNDA:3,(anonymous_2)
FNDA:30,(anonymous_3)
DA:8,9
DA:11,9
DA:13,27
DA:15,3
DA:17,9
DA:18,1
DA:28,8
DA:38,9
DA:39,30
DA:40,30
DA:41,0
DA:46,30
LF:12
LH:11
BRDA:13,0,0,27
BRDA:13,0,1,24
BRDA:13,0,2,24
BRDA:17,1,0,1
BRDA:21,2,0,0
BRDA:21,2,1,1
BRDA:40,3,0,0
BRDA:40,4,0,30
BRDA:40,4,1,30
BRF:9
BRH:7
end_of_record
TN:
SF:utils/testHelpers.ts
FN:34,generateTestToken
FN:55,getAuthToken
FN:55,(anonymous_10)
FN:92,getTokenForRole
FN:108,authorizeRequest
FN:109,(anonymous_14)
FN:121,oo_cm
FNF:7
FNH:6
FNDA:9,generateTestToken
FNDA:184,getAuthToken
FNDA:184,(anonymous_10)
FNDA:103,getTokenForRole
FNDA:2,authorizeRequest
FNDA:2,(anonymous_14)
FNDA:0,oo_cm
DA:1,7
DA:2,7
DA:3,7
DA:7,7
DA:34,7
DA:40,9
DA:42,9
DA:49,9
DA:55,184
DA:56,184
DA:58,184
DA:59,0
DA:60,0
DA:63,184
DA:65,184
DA:70,184
DA:75,184
DA:76,184
DA:77,0
DA:78,0
DA:82,0
DA:85,0
DA:92,7
DA:93,103
DA:95,58
DA:97,18
DA:99,27
DA:101,0
DA:108,7
DA:109,2
DA:112,2
DA:113,2
DA:121,7
LF:33
LH:26
BRDA:38,0,0,1
BRDA:40,1,0,9
BRDA:40,1,1,0
BRDA:55,2,0,80
BRDA:58,3,0,0
BRDA:75,4,0,184
BRDA:75,4,1,0
BRDA:75,5,0,0
BRDA:75,5,1,184
BRDA:75,6,0,184
BRDA:75,6,1,184
BRDA:75,7,0,0
BRDA:75,7,1,184
BRDA:75,8,0,184
BRDA:75,8,1,184
BRDA:77,9,0,0
BRDA:77,10,0,0
BRDA:77,10,1,0
BRDA:77,11,0,0
BRDA:77,11,1,0
BRDA:93,12,0,58
BRDA:93,12,1,18
BRDA:93,12,2,27
BRDA:93,12,3,0
BRDA:110,13,0,0
BRDA:121,14,0,0
BRDA:121,14,1,0
BRF:27
BRH:13
end_of_record
