TN:
SF:app.ts
FN:16,(anonymous_1)
FN:28,(anonymous_2)
FNF:2
FNH:1
FNDA:1,(anonymous_1)
FNDA:0,(anonymous_2)
DA:1,1
DA:2,1
DA:3,1
DA:4,1
DA:11,1
DA:13,1
DA:14,1
DA:16,1
DA:17,1
DA:20,1
DA:23,1
DA:24,1
DA:25,1
DA:28,1
DA:29,0
DA:32,1
LF:16
LH:15
BRF:0
BRH:0
end_of_record
TN:
SF:controllers/auth-controller.ts
FN:31,(anonymous_8)
FN:31,(anonymous_9)
FN:101,(anonymous_10)
FN:105,(anonymous_11)
FN:170,(anonymous_12)
FN:174,(anonymous_13)
FN:236,(anonymous_14)
FN:240,(anonymous_15)
FN:304,(anonymous_16)
FN:308,(anonymous_17)
FNF:10
FNH:10
FNDA:2,(anonymous_8)
FNDA:2,(anonymous_9)
FNDA:3,(anonymous_10)
FNDA:3,(anonymous_11)
FNDA:3,(anonymous_12)
FNDA:3,(anonymous_13)
FNDA:2,(anonymous_14)
FNDA:2,(anonymous_15)
FNDA:2,(anonymous_16)
FNDA:2,(anonymous_17)
DA:2,1
DA:3,1
DA:4,1
DA:9,1
DA:14,1
DA:24,1
DA:26,1
DA:27,1
DA:28,1
DA:31,2
DA:33,2
DA:36,2
DA:46,2
DA:56,2
DA:72,2
DA:74,2
DA:76,2
DA:77,0
DA:79,0
DA:80,0
DA:82,0
DA:85,0
DA:88,0
DA:91,2
DA:92,2
DA:95,2
DA:97,2
DA:101,1
DA:105,3
DA:106,3
DA:107,3
DA:110,3
DA:111,3
DA:113,1
DA:119,2
DA:120,0
DA:124,2
DA:125,2
DA:127,1
DA:133,1
DA:134,0
DA:139,1
DA:140,1
DA:143,1
DA:147,1
DA:150,1
DA:152,1
DA:165,0
DA:170,1
DA:174,3
DA:175,3
DA:176,3
DA:179,3
DA:180,3
DA:183,2
DA:184,0
DA:191,2
DA:195,2
DA:196,1
DA:203,1
DA:206,1
DA:208,1
DA:222,1
DA:223,1
DA:228,0
DA:231,0
DA:236,1
DA:240,2
DA:241,2
DA:242,2
DA:244,2
DA:245,0
DA:252,2
DA:253,2
DA:254,2
DA:261,0
DA:262,0
DA:271,0
DA:280,0
DA:283,0
DA:285,0
DA:291,0
DA:293,0
DA:299,0
DA:304,1
DA:308,2
DA:309,2
DA:310,2
DA:312,2
DA:313,0
DA:320,2
DA:322,2
DA:327,0
LF:93
LH:69
BRDA:24,0,0,1
BRDA:24,0,1,1
BRDA:26,1,0,1
BRDA:26,1,1,1
BRDA:27,2,0,1
BRDA:27,2,1,1
BRDA:28,3,0,1
BRDA:28,3,1,1
BRDA:40,4,0,1
BRDA:40,4,1,1
BRDA:72,5,0,2
BRDA:72,5,1,0
BRDA:74,6,0,2
BRDA:74,6,1,0
BRDA:77,7,0,0
BRDA:77,7,1,0
BRDA:80,8,0,0
BRDA:80,8,1,0
BRDA:85,9,0,0
BRDA:85,9,1,0
BRDA:119,10,0,0
BRDA:133,11,0,0
BRDA:183,12,0,0
BRDA:195,13,0,1
BRDA:222,14,0,1
BRDA:244,15,0,0
BRDA:253,16,0,2
BRDA:312,17,0,0
BRF:28
BRH:15
end_of_record
TN:
SF:controllers/users-controller.ts
FN:10,(anonymous_7)
FN:14,(anonymous_8)
FN:23,(anonymous_9)
FN:27,(anonymous_10)
FN:37,(anonymous_11)
FN:41,(anonymous_12)
FN:51,(anonymous_13)
FN:55,(anonymous_14)
FN:65,(anonymous_15)
FN:69,(anonymous_16)
FNF:10
FNH:10
FNDA:1,(anonymous_7)
FNDA:1,(anonymous_8)
FNDA:2,(anonymous_9)
FNDA:2,(anonymous_10)
FNDA:2,(anonymous_11)
FNDA:2,(anonymous_12)
FNDA:2,(anonymous_13)
FNDA:2,(anonymous_14)
FNDA:6,(anonymous_15)
FNDA:6,(anonymous_16)
DA:2,1
DA:10,1
DA:14,1
DA:15,1
DA:16,1
DA:17,1
DA:19,0
DA:23,1
DA:27,2
DA:28,2
DA:29,2
DA:30,2
DA:31,1
DA:33,1
DA:37,1
DA:41,2
DA:42,2
DA:43,2
DA:44,2
DA:45,1
DA:47,1
DA:51,1
DA:55,2
DA:56,2
DA:57,2
DA:58,2
DA:59,1
DA:61,1
DA:65,1
DA:69,6
DA:70,6
DA:73,6
DA:75,6
DA:76,2
DA:79,6
DA:80,3
DA:83,6
DA:84,3
DA:88,6
DA:89,5
DA:96,1
DA:97,1
DA:98,1
DA:100,0
LF:44
LH:42
BRDA:75,0,0,2
BRDA:79,1,0,3
BRDA:83,2,0,3
BRDA:88,3,0,5
BRDA:91,4,0,3
BRDA:91,4,1,2
BRF:6
BRH:6
end_of_record
TN:
SF:db/connection.ts
FNF:0
FNH:0
DA:1,1
DA:2,1
DA:4,1
DA:8,1
DA:9,0
DA:12,1
DA:16,1
DA:17,0
DA:20,1
LF:9
LH:7
BRDA:2,0,0,1
BRDA:2,0,1,0
BRDA:8,1,0,0
BRDA:8,2,0,1
BRDA:8,2,1,0
BRDA:16,3,0,0
BRF:6
BRH:2
end_of_record
TN:
SF:db/data/test-data/event-registrations.ts
FNF:0
FNH:0
DA:3,1
LF:1
LH:1
BRF:0
BRH:0
end_of_record
TN:
SF:db/data/test-data/events.ts
FNF:0
FNH:0
DA:3,1
LF:1
LH:1
BRF:0
BRH:0
end_of_record
TN:
SF:db/data/test-data/index.ts
FN:7,(anonymous_0)
FN:7,(anonymous_1)
FN:7,(anonymous_2)
FN:7,(anonymous_3)
FN:7,(anonymous_4)
FNF:5
FNH:5
FNDA:27,(anonymous_0)
FNDA:27,(anonymous_1)
FNDA:27,(anonymous_2)
FNDA:27,(anonymous_3)
FNDA:28,(anonymous_4)
DA:1,1
DA:2,1
DA:3,1
DA:4,1
DA:5,1
DA:7,29
LF:6
LH:6
BRF:0
BRH:0
end_of_record
TN:
SF:db/data/test-data/staff-members.ts
FNF:0
FNH:0
DA:3,1
LF:1
LH:1
BRF:0
BRH:0
end_of_record
TN:
SF:db/data/test-data/user-sessions.ts
FNF:0
FNH:0
DA:2,1
DA:5,1
DA:7,1
DA:10,1
DA:16,1
DA:20,1
DA:31,1
DA:35,1
LF:8
LH:8
BRDA:5,0,0,1
BRDA:5,0,1,1
BRDA:7,1,0,1
BRDA:7,1,1,1
BRF:4
BRH:4
end_of_record
TN:
SF:db/data/test-data/users.ts
FNF:0
FNH:0
DA:2,1
DA:5,1
DA:6,1
DA:8,1
DA:10,1
LF:5
LH:5
BRF:0
BRH:0
end_of_record
TN:
SF:db/seeds/seed.ts
FN:5,(anonymous_8)
FN:11,(anonymous_9)
FN:137,(anonymous_10)
FN:144,(anonymous_11)
FN:151,(anonymous_12)
FN:172,(anonymous_13)
FN:186,(anonymous_14)
FNF:7
FNH:7
FNDA:27,(anonymous_8)
FNDA:27,(anonymous_9)
FNDA:81,(anonymous_10)
FNDA:81,(anonymous_11)
FNDA:54,(anonymous_12)
FNDA:54,(anonymous_13)
FNDA:27,(anonymous_14)
DA:1,1
DA:2,1
DA:5,1
DA:11,27
DA:12,27
DA:14,27
DA:15,27
DA:16,27
DA:17,27
DA:18,27
DA:21,27
DA:22,27
DA:23,27
DA:24,27
DA:27,27
DA:30,27
DA:33,27
DA:38,27
DA:49,27
DA:60,27
DA:69,27
DA:89,27
DA:101,27
DA:104,27
DA:107,27
DA:110,27
DA:113,27
DA:118,27
DA:128,27
DA:135,27
DA:137,81
DA:139,27
DA:142,27
DA:144,81
DA:146,27
DA:149,27
DA:151,54
DA:167,27
DA:170,27
DA:172,54
DA:180,27
DA:183,27
DA:184,27
DA:186,27
DA:193,27
DA:196,0
DA:200,1
LF:47
LH:46
BRDA:183,0,0,27
BRF:1
BRH:1
end_of_record
TN:
SF:errors/index.ts
FN:9,(anonymous_0)
FN:20,(anonymous_1)
FN:31,(anonymous_2)
FN:42,(anonymous_3)
FN:57,oo_cm
FNF:5
FNH:2
FNDA:0,(anonymous_0)
FNDA:3,(anonymous_1)
FNDA:3,(anonymous_2)
FNDA:0,(anonymous_3)
FNDA:0,oo_cm
DA:9,1
DA:14,0
DA:15,0
DA:16,0
DA:17,0
DA:20,1
DA:26,3
DA:27,0
DA:28,3
DA:31,1
DA:37,3
DA:38,3
DA:39,0
DA:42,1
DA:48,0
DA:49,0
DA:57,1
LF:17
LH:9
BRDA:26,0,0,0
BRDA:26,0,1,3
BRDA:26,1,0,3
BRDA:26,1,1,3
BRDA:26,1,2,3
BRDA:37,2,0,3
BRDA:37,2,1,0
BRDA:37,3,0,3
BRDA:37,3,1,3
BRDA:57,4,0,0
BRDA:57,4,1,0
BRF:11
BRH:7
end_of_record
TN:
SF:models/staff-member-model.ts
FN:4,(anonymous_8)
FN:6,(anonymous_9)
FN:14,(anonymous_10)
FN:17,(anonymous_11)
FN:25,(anonymous_12)
FN:28,(anonymous_13)
FNF:6
FNH:2
FNDA:2,(anonymous_8)
FNDA:2,(anonymous_9)
FNDA:0,(anonymous_10)
FNDA:0,(anonymous_11)
FNDA:0,(anonymous_12)
FNDA:0,(anonymous_13)
DA:1,1
DA:4,1
DA:6,2
DA:7,2
DA:11,2
DA:14,1
DA:17,0
DA:18,0
DA:22,0
DA:25,1
DA:28,0
DA:29,0
DA:30,0
DA:33,0
DA:34,0
DA:38,0
DA:39,0
DA:42,0
LF:18
LH:7
BRDA:11,0,0,2
BRDA:11,0,1,1
BRDA:30,1,0,0
BRDA:33,2,0,0
BRDA:38,3,0,0
BRF:5
BRH:2
end_of_record
TN:
SF:models/user-session-model.ts
FN:5,(anonymous_8)
FN:10,(anonymous_9)
FN:19,(anonymous_10)
FN:21,(anonymous_11)
FN:30,(anonymous_12)
FN:30,(anonymous_13)
FNF:6
FNH:6
FNDA:2,(anonymous_8)
FNDA:2,(anonymous_9)
FNDA:2,(anonymous_10)
FNDA:2,(anonymous_11)
FNDA:2,(anonymous_12)
FNDA:2,(anonymous_13)
DA:1,1
DA:5,1
DA:10,2
DA:11,2
DA:15,2
DA:19,1
DA:21,2
DA:22,2
DA:26,2
DA:30,2
DA:31,2
LF:11
LH:11
BRF:0
BRH:0
end_of_record
TN:
SF:models/users-models.ts
FN:4,(anonymous_8)
FN:4,(anonymous_9)
FN:12,(anonymous_10)
FN:14,(anonymous_11)
FN:24,(anonymous_12)
FN:26,(anonymous_13)
FN:36,(anonymous_14)
FN:36,(anonymous_15)
FN:44,(anonymous_16)
FN:48,(anonymous_17)
FNF:10
FNH:10
FNDA:1,(anonymous_8)
FNDA:1,(anonymous_9)
FNDA:8,(anonymous_10)
FNDA:8,(anonymous_11)
FNDA:4,(anonymous_12)
FNDA:4,(anonymous_13)
FNDA:2,(anonymous_14)
FNDA:2,(anonymous_15)
FNDA:2,(anonymous_16)
FNDA:2,(anonymous_17)
DA:1,1
DA:4,1
DA:5,1
DA:6,1
DA:7,0
DA:9,1
DA:12,1
DA:14,8
DA:15,8
DA:18,8
DA:19,4
DA:21,4
DA:24,1
DA:26,4
DA:27,4
DA:30,4
DA:31,2
DA:33,2
DA:36,2
DA:37,2
DA:38,2
DA:39,1
DA:41,1
DA:44,1
DA:48,2
DA:49,2
DA:53,2
LF:27
LH:26
BRDA:6,0,0,0
BRDA:18,1,0,4
BRDA:30,2,0,2
BRDA:38,3,0,1
BRF:4
BRH:3
end_of_record
TN:
SF:routes/api-router.ts
FN:7,(anonymous_1)
FNF:1
FNH:1
FNDA:1,(anonymous_1)
DA:1,1
DA:2,1
DA:3,1
DA:4,1
DA:5,1
DA:7,1
DA:8,1
DA:11,1
DA:12,1
DA:14,1
LF:10
LH:10
BRF:0
BRH:0
end_of_record
TN:
SF:routes/auth-router.ts
FN:13,(anonymous_9)
FN:20,(anonymous_10)
FNF:2
FNH:2
FNDA:17,(anonymous_9)
FNDA:8,(anonymous_10)
DA:1,1
DA:8,1
DA:9,1
DA:10,1
DA:13,1
DA:18,17
DA:19,17
DA:20,7
DA:21,8
DA:22,8
DA:27,0
DA:32,7
DA:36,7
DA:38,10
DA:42,1
DA:66,1
DA:73,1
DA:81,1
DA:89,1
DA:90,1
DA:91,1
DA:92,1
DA:95,1
DA:96,1
DA:97,1
DA:103,1
DA:105,1
LF:27
LH:26
BRDA:19,0,0,7
BRDA:21,1,0,8
BRF:2
BRH:2
end_of_record
TN:
SF:routes/users-router.ts
FNF:0
FNH:0
DA:1,1
DA:2,1
DA:3,1
DA:11,1
DA:12,1
DA:13,1
DA:14,1
DA:15,1
DA:17,1
DA:18,1
DA:19,1
DA:20,1
DA:21,1
DA:23,1
LF:14
LH:14
BRF:0
BRH:0
end_of_record
